Command line:
   tb_isim_beh.exe
     -simmode  gui
     -simrunnum  0
     -socket  59859

Thu Nov 04 00:19:50 2021


 Elaboration Time: 0.28125 sec

 Current Memory Usage: 5163.13 Meg

 Total Signals          : 57
 Total Nets             : 38
 Total Signal Drivers   : 24
 Total Blocks           : 10
 Total Primitive Blocks : 7
 Total Processes        : 28
 Total Traceable Variables  : 24
 Total Scalar Nets and Variables : 130
Total Line Count : 47

 Total Simulation Time: 0.28125 sec

 Current Memory Usage: 5163.13 Meg

Thu Nov 04 00:20:00 2021

