Command line:
   tb_isim_beh.exe
     -simmode  gui
     -simrunnum  0
     -socket  65165

Sun Oct 31 10:19:12 2021


 Elaboration Time: 0.53125 sec

 Current Memory Usage: 5163.17 Meg

 Total Signals          : 15
 Total Nets             : 19
 Total Signal Drivers   : 7
 Total Blocks           : 3
 Total Primitive Blocks : 2
 Total Processes        : 10
 Total Traceable Variables  : 20
 Total Scalar Nets and Variables : 105
Total Line Count : 29

 Total Simulation Time: 0.53125 sec

 Current Memory Usage: 4691.31 Meg

Sun Oct 31 10:34:59 2021

