Command line:
   tb_isim_beh.exe
     -simmode  gui
     -simrunnum  0
     -socket  50289

Fri Nov 26 07:47:52 2021


 Elaboration Time: 0.25 sec

 Current Memory Usage: 5163.1 Meg

 Total Signals          : 18
 Total Nets             : 23
 Total Signal Drivers   : 9
 Total Blocks           : 3
 Total Primitive Blocks : 2
 Total Processes        : 12
 Total Traceable Variables  : 22
 Total Scalar Nets and Variables : 141
Total Line Count : 30

 Total Simulation Time: 0.25 sec

 Current Memory Usage: 5163.1 Meg

Fri Nov 26 07:48:02 2021

