Command line:
   tb_isim_beh.exe
     -simmode  gui
     -simrunnum  0
     -socket  64868

Fri Nov 12 09:01:30 2021


 Elaboration Time: 0.375 sec

 Current Memory Usage: 5163.14 Meg

 Total Signals          : 26
 Total Nets             : 28
 Total Signal Drivers   : 12
 Total Blocks           : 5
 Total Primitive Blocks : 3
 Total Processes        : 17
 Total Traceable Variables  : 23
 Total Scalar Nets and Variables : 121
Total Line Count : 46

 Total Simulation Time: 0.375 sec

 Current Memory Usage: 5163.14 Meg

Fri Nov 12 09:01:49 2021

