Command line:
   tb_isim_beh.exe
     -simmode  gui
     -simrunnum  0
     -socket  55258

Fri Nov 12 13:16:59 2021


 Elaboration Time: 0.265625 sec

 Current Memory Usage: 5162.54 Meg

 Total Signals          : 19
 Total Nets             : 30
 Total Signal Drivers   : 10
 Total Blocks           : 3
 Total Primitive Blocks : 2
 Total Processes        : 14
 Total Traceable Variables  : 23
 Total Scalar Nets and Variables : 180
Total Line Count : 29

 Total Simulation Time: 0.265625 sec

 Current Memory Usage: 5162.54 Meg

Fri Nov 12 13:17:15 2021

