Command line:
   tb_simulation_isim_beh.exe
     -simmode  gui
     -simrunnum  0
     -socket  60780

Sun Aug 08 23:19:57 2021


 Elaboration Time: 0.28125 sec

 Current Memory Usage: 5224.55 Meg

 Total Signals          : 36
 Total Nets             : 70
 Total Signal Drivers   : 20
 Total Blocks           : 4
 Total Primitive Blocks : 3
 Total Processes        : 40
 Total Traceable Variables  : 84
 Total Scalar Nets and Variables : 103812160
Total Line Count : 278

 Total Simulation Time: 2.5625 sec

 Current Memory Usage: 5390.35 Meg

Sun Aug 08 23:20:16 2021

