Command line:
   tb_isim_beh.exe
     -simmode  gui
     -simrunnum  0
     -socket  60680

Sun Oct 29 13:47:51 2023


 Elaboration Time: 0.40625 sec

 Current Memory Usage: 5808.96 Meg

 Total Signals          : 74
 Total Nets             : 46
 Total Signal Drivers   : 24
 Total Blocks           : 13
 Total Primitive Blocks : 9
 Total Processes        : 26
 Total Traceable Variables  : 20
 Total Scalar Nets and Variables : 142
Total Line Count : 40

 Total Simulation Time: 0.4375 sec

 Current Memory Usage: 5808.96 Meg

Sun Oct 29 13:48:07 2023

