Command line:
   tb_isim_beh.exe
     -simmode  gui
     -simrunnum  0
     -socket  50628

Mon Dec 06 11:41:54 2021


 Elaboration Time: 0.28125 sec

 Current Memory Usage: 5162.55 Meg

 Total Signals          : 43
 Total Nets             : 127
 Total Signal Drivers   : 31
 Total Blocks           : 6
 Total Primitive Blocks : 4
 Total Processes        : 37
 Total Traceable Variables  : 37
 Total Scalar Nets and Variables : 400
Total Line Count : 167

 Total Simulation Time: 0.328125 sec

 Current Memory Usage: 5162.55 Meg

Mon Dec 06 11:42:08 2021

