Command line:
   tb_isim_beh.exe
     -simmode  gui
     -simrunnum  0
     -socket  52774

Thu Dec 09 23:49:37 2021


 Elaboration Time: 0.328125 sec

 Current Memory Usage: 5162.52 Meg

 Total Signals          : 21
 Total Nets             : 41
 Total Signal Drivers   : 12
 Total Blocks           : 3
 Total Primitive Blocks : 2
 Total Processes        : 18
 Total Traceable Variables  : 25
 Total Scalar Nets and Variables : 173
Total Line Count : 53

 Total Simulation Time: 0.328125 sec

 Current Memory Usage: 4690.66 Meg

Thu Dec 09 23:56:05 2021

