Command line:
   tb_isim_beh.exe
     -simmode  gui
     -simrunnum  0
     -socket  59205

Tue Oct 12 13:03:26 2021


 Elaboration Time: 0.390625 sec

 Current Memory Usage: 5163.15 Meg

 Total Signals          : 132
 Total Nets             : 78
 Total Signal Drivers   : 40
 Total Blocks           : 23
 Total Primitive Blocks : 17
 Total Processes        : 42
 Total Traceable Variables  : 20
 Total Scalar Nets and Variables : 190
Total Line Count : 65

 Total Simulation Time: 0.390625 sec

 Current Memory Usage: 5005.86 Meg

Tue Oct 12 13:04:33 2021

