Command line:
   flag_buf_tb_isim_beh.exe
     -simmode  gui
     -simrunnum  0
     -socket  56604

Mon Aug 02 22:44:36 2021


 Elaboration Time: 0.265625 sec

 Current Memory Usage: 5163.18 Meg

 Total Signals          : 22
 Total Nets             : 34
 Total Signal Drivers   : 12
 Total Blocks           : 3
 Total Primitive Blocks : 2
 Total Processes        : 17
 Total Traceable Variables  : 28
 Total Scalar Nets and Variables : 176
Total Line Count : 61

 Total Simulation Time: 0.28125 sec

 Current Memory Usage: 5477.75 Meg

Mon Aug 02 22:45:29 2021

