Command line:
   tb_isim_beh.exe
     -simmode  gui
     -simrunnum  0
     -socket  62410

Sun Nov 21 14:32:49 2021


 Elaboration Time: 0.28125 sec

 Current Memory Usage: 5162.56 Meg

 Total Signals          : 36
 Total Nets             : 26
 Total Signal Drivers   : 15
 Total Blocks           : 8
 Total Primitive Blocks : 6
 Total Processes        : 23
 Total Traceable Variables  : 28
 Total Scalar Nets and Variables : 181
Total Line Count : 55

 Total Simulation Time: 0.28125 sec

 Current Memory Usage: 5162.56 Meg

Sun Nov 21 14:33:04 2021

