Command line:
   tb_isim_beh.exe
     -simmode  gui
     -simrunnum  0
     -socket  57188

Wed Dec 08 16:07:47 2021


 Elaboration Time: 0.28125 sec

 Current Memory Usage: 5162.56 Meg

 Total Signals          : 21
 Total Nets             : 19
 Total Signal Drivers   : 11
 Total Blocks           : 3
 Total Primitive Blocks : 2
 Total Processes        : 16
 Total Traceable Variables  : 27
 Total Scalar Nets and Variables : 113
Total Line Count : 51

 Total Simulation Time: 0.421875 sec

 Current Memory Usage: 4690.7 Meg

Wed Dec 08 16:54:56 2021

