Running: D:\xilinx\14.7\ISE_DS\ISE\bin\nt64\unwrapped\fuse.exe -intstyle ise -incremental -lib unisims_ver -lib unimacro_ver -lib xilinxcorelib_ver -o D:/cd/TT FPGA/project/tuan 2/ma hoa/ENCODER16_4/encoder16_4_high/tb_isim_beh.exe -prj D:/cd/TT FPGA/project/tuan 2/ma hoa/ENCODER16_4/encoder16_4_high/tb_beh.prj work.tb work.glbl 
ISim P.20131013 (signature 0x7708f090)
Number of CPUs detected in this system: 8
Turning on mult-threading, number of parallel sub-compilation jobs: 16 
Determining compilation order of HDL files
Analyzing Verilog file "D:/cd/TT FPGA/project/tuan 2/ma hoa/ENCODER16_4/encoder16_4_high/encoder4_2.v" into library work
Analyzing Verilog file "D:/cd/TT FPGA/project/tuan 2/ma hoa/ENCODER16_4/encoder16_4_high/encoder8_3.v" into library work
Analyzing Verilog file "D:/cd/TT FPGA/project/tuan 2/ma hoa/ENCODER16_4/encoder16_4_high/encoder16_4.v" into library work
Analyzing Verilog file "D:/cd/TT FPGA/project/tuan 2/ma hoa/ENCODER16_4/encoder16_4_high/tb.v" into library work
Analyzing Verilog file "D:/xilinx/14.7/ISE_DS/ISE//verilog/src/glbl.v" into library work
Starting static elaboration
Completed static elaboration
Compiling module encoder4_2
Compiling module encoder8_3
Compiling module encoder16_4
Compiling module tb
Compiling module glbl
Time Resolution for simulation is 1ps.
Waiting for 1 sub-compilation(s) to finish...
Compiled 5 Verilog Units
Built simulation executable D:/cd/TT FPGA/project/tuan 2/ma hoa/ENCODER16_4/encoder16_4_high/tb_isim_beh.exe
Fuse Memory Usage: 28292 KB
Fuse CPU Usage: 218 ms
