Command line:
   full_adder_tb_isim_beh.exe
     -simmode  gui
     -simrunnum  0
     -socket  58590

Wed Aug 11 18:22:17 2021


 Elaboration Time: 0.296875 sec

 Current Memory Usage: 5162.59 Meg

 Total Signals          : 31
 Total Nets             : 21
 Total Signal Drivers   : 13
 Total Blocks           : 5
 Total Primitive Blocks : 3
 Total Processes        : 15
 Total Traceable Variables  : 21
 Total Scalar Nets and Variables : 104
Total Line Count : 48

 Total Simulation Time: 0.296875 sec

 Current Memory Usage: 5162.59 Meg

Wed Aug 11 18:22:25 2021

