Command line:
   d_ff_reset_tb_isim_beh.exe
     -simmode  gui
     -simrunnum  0
     -socket  63989

Tue Aug 10 18:45:16 2021


 Elaboration Time: 0.359375 sec

 Current Memory Usage: 5162.53 Meg

 Total Signals          : 17
 Total Nets             : 17
 Total Signal Drivers   : 9
 Total Blocks           : 3
 Total Primitive Blocks : 2
 Total Processes        : 13
 Total Traceable Variables  : 22
 Total Scalar Nets and Variables : 101
Total Line Count : 34

 Total Simulation Time: 0.359375 sec

 Current Memory Usage: 5162.53 Meg

Tue Aug 10 18:45:41 2021

