Command line:
   tb_isim_beh.exe
     -simmode  gui
     -simrunnum  0
     -socket  64003

Thu Oct 28 18:27:53 2021


 Elaboration Time: 0.265625 sec

 Current Memory Usage: 5163.13 Meg

 Total Signals          : 16
 Total Nets             : 20
 Total Signal Drivers   : 8
 Total Blocks           : 3
 Total Primitive Blocks : 2
 Total Processes        : 11
 Total Traceable Variables  : 21
 Total Scalar Nets and Variables : 107
Total Line Count : 42

 Total Simulation Time: 0.265625 sec

 Current Memory Usage: 5163.13 Meg

Thu Oct 28 18:28:07 2021

