Release 14.7 - xst P.20131013 (nt64)
Copyright (c) 1995-2013 Xilinx, Inc.  All rights reserved.
--> Parameter TMPDIR set to xst/projnav.tmp


Total REAL time to Xst completion: 0.00 secs
Total CPU time to Xst completion: 0.05 secs
 
--> Parameter xsthdpdir set to xst


Total REAL time to Xst completion: 0.00 secs
Total CPU time to Xst completion: 0.05 secs
 
--> Reading design: shift_register_4b_SIPO.prj

TABLE OF CONTENTS
  1) Synthesis Options Summary
  2) HDL Parsing
  3) HDL Elaboration
  4) HDL Synthesis
       4.1) HDL Synthesis Report
  5) Advanced HDL Synthesis
       5.1) Advanced HDL Synthesis Report
  6) Low Level Synthesis
  7) Partition Report
  8) Design Summary
       8.1) Primitive and Black Box Usage
       8.2) Device utilization summary
       8.3) Partition Resource Summary
       8.4) Timing Report
            8.4.1) Clock Information
            8.4.2) Asynchronous Control Signals Information
            8.4.3) Timing Summary
            8.4.4) Timing Details
            8.4.5) Cross Clock Domains Report


=========================================================================
*                      Synthesis Options Summary                        *
=========================================================================
---- Source Parameters
Input File Name                    : "shift_register_4b_SIPO.prj"
Ignore Synthesis Constraint File   : NO

---- Target Parameters
Output File Name                   : "shift_register_4b_SIPO"
Output Format                      : NGC
Target Device                      : xc7vx330t-3-ffg1157

---- Source Options
Top Module Name                    : shift_register_4b_SIPO
Automatic FSM Extraction           : YES
FSM Encoding Algorithm             : Auto
Safe Implementation                : No
FSM Style                          : LUT
RAM Extraction                     : Yes
RAM Style                          : Auto
ROM Extraction                     : Yes
Shift Register Extraction          : YES
ROM Style                          : Auto
Resource Sharing                   : YES
Asynchronous To Synchronous        : NO
Shift Register Minimum Size        : 2
Use DSP Block                      : Auto
Automatic Register Balancing       : No

---- Target Options
LUT Combining                      : Auto
Reduce Control Sets                : Auto
Add IO Buffers                     : YES
Global Maximum Fanout              : 100000
Add Generic Clock Buffer(BUFG)     : 32
Register Duplication               : YES
Optimize Instantiated Primitives   : NO
Use Clock Enable                   : Yes
Use Synchronous Set                : Yes
Use Synchronous Reset              : Yes
Pack IO Registers into IOBs        : Auto
Equivalent register Removal        : YES

---- General Options
Optimization Goal                  : Speed
Optimization Effort                : 1
Power Reduction                    : NO
Keep Hierarchy                     : No
Netlist Hierarchy                  : As_Optimized
RTL Output                         : Yes
Global Optimization                : AllClockNets
Read Cores                         : YES
Write Timing Constraints           : NO
Cross Clock Analysis               : NO
Hierarchy Separator                : /
Bus Delimiter                      : <>
Case Specifier                     : Maintain
Slice Utilization Ratio            : 100
BRAM Utilization Ratio             : 100
DSP48 Utilization Ratio            : 100
Auto BRAM Packing                  : NO
Slice Utilization Ratio Delta      : 5

=========================================================================


=========================================================================
*                          HDL Parsing                                  *
=========================================================================
Analyzing Verilog file "D:\cd\TT FPGA\project\tuan 5\shift_register_4b_SIPO_using_Dff\FFD.v" into library work
Parsing module <FFD>.
Analyzing Verilog file "D:\cd\TT FPGA\project\tuan 5\shift_register_4b_SIPO_using_Dff\clock_div.v" into library work
Parsing module <clock_div>.
Analyzing Verilog file "D:\cd\TT FPGA\project\tuan 5\shift_register_4b_SIPO_using_Dff\shift_register_4b_SIPO.v" into library work
Parsing module <shift_register_4b_SIPO>.

=========================================================================
*                            HDL Elaboration                            *
=========================================================================

Elaborating module <shift_register_4b_SIPO>.

Elaborating module <clock_div>.
WARNING:HDLCompiler:413 - "D:\cd\TT FPGA\project\tuan 5\shift_register_4b_SIPO_using_Dff\clock_div.v" Line 36: Result of 32-bit expression is truncated to fit in 4-bit target.
WARNING:HDLCompiler:413 - "D:\cd\TT FPGA\project\tuan 5\shift_register_4b_SIPO_using_Dff\clock_div.v" Line 38: Result of 32-bit expression is truncated to fit in 1-bit target.

Elaborating module <FFD>.

=========================================================================
*                           HDL Synthesis                               *
=========================================================================

Synthesizing Unit <shift_register_4b_SIPO>.
    Related source file is "D:\cd\TT FPGA\project\tuan 5\shift_register_4b_SIPO_using_Dff\shift_register_4b_SIPO.v".
    Summary:
	no macro.
Unit <shift_register_4b_SIPO> synthesized.

Synthesizing Unit <clock_div>.
    Related source file is "D:\cd\TT FPGA\project\tuan 5\shift_register_4b_SIPO_using_Dff\clock_div.v".
        N = 4
        M = 10
    Found 4-bit register for signal <r_reg>.
    Found 5-bit adder for signal <n0014[4:0]> created at line 36.
    Found 4-bit comparator greater for signal <r_reg[3]_GND_2_o_LessThan_5_o> created at line 38
    Summary:
	inferred   1 Adder/Subtractor(s).
	inferred   4 D-type flip-flop(s).
	inferred   1 Comparator(s).
	inferred   1 Multiplexer(s).
Unit <clock_div> synthesized.

Synthesizing Unit <FFD>.
    Related source file is "D:\cd\TT FPGA\project\tuan 5\shift_register_4b_SIPO_using_Dff\FFD.v".
    Found 1-bit register for signal <Q>.
    Summary:
	inferred   1 D-type flip-flop(s).
Unit <FFD> synthesized.

=========================================================================
HDL Synthesis Report

Macro Statistics
# Adders/Subtractors                                   : 1
 5-bit adder                                           : 1
# Registers                                            : 5
 1-bit register                                        : 4
 4-bit register                                        : 1
# Comparators                                          : 1
 4-bit comparator greater                              : 1
# Multiplexers                                         : 1
 32-bit 2-to-1 multiplexer                             : 1

=========================================================================

=========================================================================
*                       Advanced HDL Synthesis                          *
=========================================================================


=========================================================================
Advanced HDL Synthesis Report

Macro Statistics
# Adders/Subtractors                                   : 1
 5-bit adder                                           : 1
# Registers                                            : 8
 Flip-Flops                                            : 8
# Comparators                                          : 1
 4-bit comparator greater                              : 1
# Multiplexers                                         : 1
 32-bit 2-to-1 multiplexer                             : 1

=========================================================================

=========================================================================
*                         Low Level Synthesis                           *
=========================================================================

Optimizing unit <shift_register_4b_SIPO> ...

Optimizing unit <clock_div> ...

Mapping all equations...
Building and optimizing final netlist ...
Found area constraint ratio of 100 (+ 5) on block shift_register_4b_SIPO, actual ratio is 0.
FlipFlop D0/Q has been replicated 1 time(s) to handle iob=true attribute.

Final Macro Processing ...

=========================================================================
Final Register Report

Macro Statistics
# Registers                                            : 9
 Flip-Flops                                            : 9

=========================================================================

=========================================================================
*                           Partition Report                            *
=========================================================================

Partition Implementation Status
-------------------------------

  No Partitions were found in this design.

-------------------------------

=========================================================================
*                            Design Summary                             *
=========================================================================

Top Level Output File Name         : shift_register_4b_SIPO.ngc

Primitive and Black Box Usage:
------------------------------
# BELS                             : 5
#      INV                         : 1
#      LUT3                        : 1
#      LUT4                        : 3
# FlipFlops/Latches                : 9
#      FDC                         : 9
# Clock Buffers                    : 1
#      BUFGP                       : 1
# IO Buffers                       : 6
#      IBUF                        : 2
#      OBUF                        : 4

Device utilization summary:
---------------------------

Selected Device : 7vx330tffg1157-3 


Slice Logic Utilization: 
 Number of Slice Registers:               8  out of  408000     0%  
 Number of Slice LUTs:                    5  out of  204000     0%  
    Number used as Logic:                 5  out of  204000     0%  

Slice Logic Distribution: 
 Number of LUT Flip Flop pairs used:     13
   Number with an unused Flip Flop:       5  out of     13    38%  
   Number with an unused LUT:             8  out of     13    61%  
   Number of fully used LUT-FF pairs:     0  out of     13     0%  
   Number of unique control sets:         2

IO Utilization: 
 Number of IOs:                           7
 Number of bonded IOBs:                   7  out of    600     1%  
    IOB Flip Flops/Latches:               1

Specific Feature Utilization:
 Number of BUFG/BUFGCTRLs:                1  out of     32     3%  

---------------------------
Partition Resource Summary:
---------------------------

  No Partitions were found in this design.

---------------------------


=========================================================================
Timing Report

NOTE: THESE TIMING NUMBERS ARE ONLY A SYNTHESIS ESTIMATE.
      FOR ACCURATE TIMING INFORMATION PLEASE REFER TO THE TRACE REPORT
      GENERATED AFTER PLACE-and-ROUTE.

Clock Information:
------------------
-----------------------------------+------------------------+-------+
Clock Signal                       | Clock buffer(FF name)  | Load  |
-----------------------------------+------------------------+-------+
clk_out(clockdivider/_n00231:O)    | NONE(*)(D3/Q)          | 5     |
clk                                | BUFGP                  | 4     |
-----------------------------------+------------------------+-------+
(*) This 1 clock signal(s) are generated by combinatorial logic,
and XST is not able to identify which are the primary clock signals.
Please use the CLOCK_SIGNAL constraint to specify the clock signal(s) generated by combinatorial logic.
INFO:Xst:2169 - HDL ADVISOR - Some clock signals were not automatically buffered by XST with BUFG/BUFR resources. Please use the buffer_type constraint in order to insert these buffers to the clock signals to help prevent skew problems.

Asynchronous Control Signals Information:
----------------------------------------
No asynchronous control signals found in this design

Timing Summary:
---------------
Speed Grade: -3

   Minimum period: 0.862ns (Maximum Frequency: 1159.420MHz)
   Minimum input arrival time before clock: 0.571ns
   Maximum output required time after clock: 0.515ns
   Maximum combinational path delay: No path found

Timing Details:
---------------
All values displayed in nanoseconds (ns)

=========================================================================
Timing constraint: Default period analysis for Clock 'clk_out'
  Clock period: 0.515ns (frequency: 1939.864MHz)
  Total number of paths / destination ports: 3 / 3
-------------------------------------------------------------------------
Delay:               0.515ns (Levels of Logic = 0)
  Source:            D2/Q (FF)
  Destination:       D3/Q (FF)
  Source Clock:      clk_out rising
  Destination Clock: clk_out rising

  Data Path: D2/Q to D3/Q
                                Gate     Net
    Cell:in->out      fanout   Delay   Delay  Logical Name (Net Name)
    ----------------------------------------  ------------
     FDC:C->Q              2   0.232   0.283  D2/Q (D2/Q)
     FDC:D                    -0.001          D3/Q
    ----------------------------------------
    Total                      0.515ns (0.232ns logic, 0.283ns route)
                                       (45.0% logic, 55.0% route)

=========================================================================
Timing constraint: Default period analysis for Clock 'clk'
  Clock period: 0.862ns (frequency: 1159.420MHz)
  Total number of paths / destination ports: 12 / 4
-------------------------------------------------------------------------
Delay:               0.862ns (Levels of Logic = 1)
  Source:            clockdivider/r_reg_0 (FF)
  Destination:       clockdivider/r_reg_0 (FF)
  Source Clock:      clk rising
  Destination Clock: clk rising

  Data Path: clockdivider/r_reg_0 to clockdivider/r_reg_0
                                Gate     Net
    Cell:in->out      fanout   Delay   Delay  Logical Name (Net Name)
    ----------------------------------------  ------------
     FDC:C->Q              5   0.232   0.298  clockdivider/r_reg_0 (clockdivider/r_reg_0)
     INV:I->O              1   0.053   0.279  clockdivider/Mmux_n000711_INV_0 (clockdivider/n0007<0>)
     FDC:D                    -0.001          clockdivider/r_reg_0
    ----------------------------------------
    Total                      0.862ns (0.285ns logic, 0.577ns route)
                                       (33.0% logic, 67.0% route)

=========================================================================
Timing constraint: Default OFFSET IN BEFORE for Clock 'clk_out'
  Total number of paths / destination ports: 7 / 7
-------------------------------------------------------------------------
Offset:              0.571ns (Levels of Logic = 1)
  Source:            reset (PAD)
  Destination:       D3/Q (FF)
  Destination Clock: clk_out rising

  Data Path: reset to D3/Q
                                Gate     Net
    Cell:in->out      fanout   Delay   Delay  Logical Name (Net Name)
    ----------------------------------------  ------------
     IBUF:I->O             9   0.000   0.316  reset_IBUF (reset_IBUF)
     FDC:CLR                   0.255          D3/Q
    ----------------------------------------
    Total                      0.571ns (0.255ns logic, 0.316ns route)
                                       (44.6% logic, 55.4% route)

=========================================================================
Timing constraint: Default OFFSET IN BEFORE for Clock 'clk'
  Total number of paths / destination ports: 4 / 4
-------------------------------------------------------------------------
Offset:              0.571ns (Levels of Logic = 1)
  Source:            reset (PAD)
  Destination:       clockdivider/r_reg_3 (FF)
  Destination Clock: clk rising

  Data Path: reset to clockdivider/r_reg_3
                                Gate     Net
    Cell:in->out      fanout   Delay   Delay  Logical Name (Net Name)
    ----------------------------------------  ------------
     IBUF:I->O             9   0.000   0.316  reset_IBUF (reset_IBUF)
     FDC:CLR                   0.255          clockdivider/r_reg_0
    ----------------------------------------
    Total                      0.571ns (0.255ns logic, 0.316ns route)
                                       (44.6% logic, 55.4% route)

=========================================================================
Timing constraint: Default OFFSET OUT AFTER for Clock 'clk_out'
  Total number of paths / destination ports: 4 / 4
-------------------------------------------------------------------------
Offset:              0.515ns (Levels of Logic = 1)
  Source:            D2/Q (FF)
  Destination:       p_out<2> (PAD)
  Source Clock:      clk_out rising

  Data Path: D2/Q to p_out<2>
                                Gate     Net
    Cell:in->out      fanout   Delay   Delay  Logical Name (Net Name)
    ----------------------------------------  ------------
     FDC:C->Q              2   0.232   0.283  D2/Q (D2/Q)
     OBUF:I->O                 0.000          p_out_2_OBUF (p_out<2>)
    ----------------------------------------
    Total                      0.515ns (0.232ns logic, 0.283ns route)
                                       (45.0% logic, 55.0% route)

=========================================================================

Cross Clock Domains Report:
--------------------------

Clock to Setup on destination clock clk
---------------+---------+---------+---------+---------+
               | Src:Rise| Src:Fall| Src:Rise| Src:Fall|
Source Clock   |Dest:Rise|Dest:Rise|Dest:Fall|Dest:Fall|
---------------+---------+---------+---------+---------+
clk            |    0.862|         |         |         |
---------------+---------+---------+---------+---------+

Clock to Setup on destination clock clk_out
---------------+---------+---------+---------+---------+
               | Src:Rise| Src:Fall| Src:Rise| Src:Fall|
Source Clock   |Dest:Rise|Dest:Rise|Dest:Fall|Dest:Fall|
---------------+---------+---------+---------+---------+
clk_out        |    0.515|         |         |         |
---------------+---------+---------+---------+---------+

=========================================================================


Total REAL time to Xst completion: 5.00 secs
Total CPU time to Xst completion: 4.96 secs
 
--> 

Total memory usage is 4616824 kilobytes

Number of errors   :    0 (   0 filtered)
Number of warnings :    2 (   0 filtered)
Number of infos    :    1 (   0 filtered)

