Command line:
   tb_isim_beh.exe
     -simmode  gui
     -simrunnum  0
     -socket  49161

Thu Nov 04 17:00:15 2021


 Elaboration Time: 0.234375 sec

 Current Memory Usage: 5163.12 Meg

 Total Signals          : 15
 Total Nets             : 18
 Total Signal Drivers   : 7
 Total Blocks           : 3
 Total Primitive Blocks : 2
 Total Processes        : 10
 Total Traceable Variables  : 20
 Total Scalar Nets and Variables : 103
Total Line Count : 31

 Total Simulation Time: 0.234375 sec

 Current Memory Usage: 5163.12 Meg

Thu Nov 04 17:00:23 2021

