Running: D:\xilinx\14.7\ISE_DS\ISE\bin\nt64\unwrapped\fuse.exe -intstyle ise -incremental -lib unisims_ver -lib unimacro_ver -lib xilinxcorelib_ver -lib secureip -o D:/cd/thiet ke he thong va vi mach/two_complement_multiplication/two_complement_multiplication_tb_isim_beh.exe -prj D:/cd/thiet ke he thong va vi mach/two_complement_multiplication/two_complement_multiplication_tb_beh.prj work.two_complement_multiplication_tb work.glbl 
ISim P.20131013 (signature 0x7708f090)
Number of CPUs detected in this system: 8
Turning on mult-threading, number of parallel sub-compilation jobs: 16 
Determining compilation order of HDL files
Analyzing Verilog file "D:/cd/thiet ke he thong va vi mach/two_complement_multiplication/ha.v" into library work
Analyzing Verilog file "D:/cd/thiet ke he thong va vi mach/two_complement_multiplication/fa.v" into library work
Analyzing Verilog file "D:/cd/thiet ke he thong va vi mach/two_complement_multiplication/two_complement_multiplication.v" into library work
Analyzing Verilog file "D:/cd/thiet ke he thong va vi mach/two_complement_multiplication/two_complement_multiplication_tb.v" into library work
Analyzing Verilog file "D:/xilinx/14.7/ISE_DS/ISE//verilog/src/glbl.v" into library work
Starting static elaboration
Completed static elaboration
Compiling module ha
Compiling module fa
Compiling module two_complement_multiplication
Compiling module two_complement_multiplication_tb
Compiling module glbl
Time Resolution for simulation is 1ps.
Waiting for 1 sub-compilation(s) to finish...
Compiled 5 Verilog Units
Built simulation executable D:/cd/thiet ke he thong va vi mach/two_complement_multiplication/two_complement_multiplication_tb_isim_beh.exe
Fuse Memory Usage: 27504 KB
Fuse CPU Usage: 328 ms
