Running: D:\xilinx\14.7\ISE_DS\ISE\bin\nt64\unwrapped\fuse.exe -intstyle ise -incremental -lib unisims_ver -lib unimacro_ver -lib xilinxcorelib_ver -lib secureip -o D:/cd/thiet ke he thong va vi mach/MULTIPLICATION/A_4bit_by_4bit_unsigned_wallace/wallace4_tb_isim_beh.exe -prj D:/cd/thiet ke he thong va vi mach/MULTIPLICATION/A_4bit_by_4bit_unsigned_wallace/wallace4_tb_beh.prj work.wallace4_tb work.glbl 
ISim P.20131013 (signature 0x7708f090)
Number of CPUs detected in this system: 8
Turning on mult-threading, number of parallel sub-compilation jobs: 16 
Determining compilation order of HDL files
Analyzing Verilog file "D:/cd/thiet ke he thong va vi mach/MULTIPLICATION/A_4bit_by_4bit_unsigned_wallace/fa.v" into library work
Analyzing Verilog file "D:/cd/thiet ke he thong va vi mach/MULTIPLICATION/A_4bit_by_4bit_unsigned_wallace/rca8.v" into library work
Analyzing Verilog file "D:/cd/thiet ke he thong va vi mach/MULTIPLICATION/A_4bit_by_4bit_unsigned_wallace/PP.v" into library work
Analyzing Verilog file "D:/cd/thiet ke he thong va vi mach/MULTIPLICATION/A_4bit_by_4bit_unsigned_wallace/ha.v" into library work
Analyzing Verilog file "D:/cd/thiet ke he thong va vi mach/MULTIPLICATION/A_4bit_by_4bit_unsigned_wallace/wallace4.v" into library work
Analyzing Verilog file "D:/cd/thiet ke he thong va vi mach/MULTIPLICATION/A_4bit_by_4bit_unsigned_wallace/wallace4_tb.v" into library work
Analyzing Verilog file "D:/xilinx/14.7/ISE_DS/ISE//verilog/src/glbl.v" into library work
Starting static elaboration
Completed static elaboration
Compiling module PP
Compiling module ha
Compiling module fa
Compiling module rca8
Compiling module wallace4
Compiling module wallace4_tb
Compiling module glbl
Time Resolution for simulation is 1ps.
Waiting for 1 sub-compilation(s) to finish...
Compiled 7 Verilog Units
Built simulation executable D:/cd/thiet ke he thong va vi mach/MULTIPLICATION/A_4bit_by_4bit_unsigned_wallace/wallace4_tb_isim_beh.exe
Fuse Memory Usage: 28220 KB
Fuse CPU Usage: 499 ms
