Command line:
   tb_isim_beh.exe
     -simmode  gui
     -simrunnum  0
     -socket  50514

Thu Dec 09 11:49:55 2021


 Elaboration Time: 0.265625 sec

 Current Memory Usage: 5162.56 Meg

 Total Signals          : 35
 Total Nets             : 88
 Total Signal Drivers   : 16
 Total Blocks           : 6
 Total Primitive Blocks : 4
 Total Processes        : 25
 Total Traceable Variables  : 43
 Total Scalar Nets and Variables : 487
Total Line Count : 116

 Total Simulation Time: 2053.16 sec

 Current Memory Usage: 4690.7 Meg

Thu Dec 09 12:32:53 2021

