Release 14.7 - xst P.20131013 (nt64)
Copyright (c) 1995-2013 Xilinx, Inc.  All rights reserved.
--> Parameter TMPDIR set to xst/projnav.tmp


Total REAL time to Xst completion: 0.00 secs
Total CPU time to Xst completion: 0.06 secs
 
--> Parameter xsthdpdir set to xst


Total REAL time to Xst completion: 0.00 secs
Total CPU time to Xst completion: 0.06 secs
 
--> Reading design: debouncing.prj

TABLE OF CONTENTS
  1) Synthesis Options Summary
  2) HDL Parsing
  3) HDL Elaboration
  4) HDL Synthesis
       4.1) HDL Synthesis Report
  5) Advanced HDL Synthesis
       5.1) Advanced HDL Synthesis Report
  6) Low Level Synthesis
  7) Partition Report
  8) Design Summary
       8.1) Primitive and Black Box Usage
       8.2) Device utilization summary
       8.3) Partition Resource Summary
       8.4) Timing Report
            8.4.1) Clock Information
            8.4.2) Asynchronous Control Signals Information
            8.4.3) Timing Summary
            8.4.4) Timing Details
            8.4.5) Cross Clock Domains Report


=========================================================================
*                      Synthesis Options Summary                        *
=========================================================================
---- Source Parameters
Input File Name                    : "debouncing.prj"
Ignore Synthesis Constraint File   : NO

---- Target Parameters
Output File Name                   : "debouncing"
Output Format                      : NGC
Target Device                      : xc7a100t-3-csg324

---- Source Options
Top Module Name                    : debouncing
Automatic FSM Extraction           : YES
FSM Encoding Algorithm             : Auto
Safe Implementation                : No
FSM Style                          : LUT
RAM Extraction                     : Yes
RAM Style                          : Auto
ROM Extraction                     : Yes
Shift Register Extraction          : YES
ROM Style                          : Auto
Resource Sharing                   : YES
Asynchronous To Synchronous        : NO
Shift Register Minimum Size        : 2
Use DSP Block                      : Auto
Automatic Register Balancing       : No

---- Target Options
LUT Combining                      : Auto
Reduce Control Sets                : Auto
Add IO Buffers                     : YES
Global Maximum Fanout              : 100000
Add Generic Clock Buffer(BUFG)     : 32
Register Duplication               : YES
Optimize Instantiated Primitives   : NO
Use Clock Enable                   : Auto
Use Synchronous Set                : Auto
Use Synchronous Reset              : Auto
Pack IO Registers into IOBs        : Auto
Equivalent register Removal        : YES

---- General Options
Optimization Goal                  : Speed
Optimization Effort                : 1
Power Reduction                    : NO
Keep Hierarchy                     : No
Netlist Hierarchy                  : As_Optimized
RTL Output                         : Yes
Global Optimization                : AllClockNets
Read Cores                         : YES
Write Timing Constraints           : NO
Cross Clock Analysis               : NO
Hierarchy Separator                : /
Bus Delimiter                      : <>
Case Specifier                     : Maintain
Slice Utilization Ratio            : 100
BRAM Utilization Ratio             : 100
DSP48 Utilization Ratio            : 100
Auto BRAM Packing                  : NO
Slice Utilization Ratio Delta      : 5

=========================================================================


=========================================================================
*                          HDL Parsing                                  *
=========================================================================
Analyzing Verilog file "D:\cd\thiet ke he thong va vi mach\PONG CHU\FSMD\Debouncing_circuit_with_an_explicit_data_path_component\debouncing.v" into library work
Parsing module <debouncing>.

=========================================================================
*                            HDL Elaboration                            *
=========================================================================

Elaborating module <debouncing>.
WARNING:HDLCompiler:413 - "D:\cd\thiet ke he thong va vi mach\PONG CHU\FSMD\Debouncing_circuit_with_an_explicit_data_path_component\debouncing.v" Line 60: Result of 32-bit expression is truncated to fit in 4-bit target.

=========================================================================
*                           HDL Synthesis                               *
=========================================================================

Synthesizing Unit <debouncing>.
    Related source file is "D:\cd\thiet ke he thong va vi mach\PONG CHU\FSMD\Debouncing_circuit_with_an_explicit_data_path_component\debouncing.v".
    Found 4-bit register for signal <q_reg>.
    Found 2-bit register for signal <state_reg>.
    Found finite state machine <FSM_0> for signal <state_reg>.
    -----------------------------------------------------------------------
    | States             | 4                                              |
    | Transitions        | 10                                             |
    | Inputs             | 2                                              |
    | Outputs            | 3                                              |
    | Clock              | clk (rising_edge)                              |
    | Reset              | reset (positive)                               |
    | Reset type         | asynchronous                                   |
    | Reset State        | 00                                             |
    | Encoding           | auto                                           |
    | Implementation     | LUT                                            |
    -----------------------------------------------------------------------
    Found 5-bit subtractor for signal <GND_1_o_GND_1_o_sub_3_OUT> created at line 61.
    Found 1-bit 4-to-1 multiplexer for signal <q_dec> created at line 73.
    Found 1-bit 4-to-1 multiplexer for signal <q_load> created at line 73.
    Summary:
	inferred   1 Adder/Subtractor(s).
	inferred   4 D-type flip-flop(s).
	inferred   6 Multiplexer(s).
	inferred   1 Finite State Machine(s).
Unit <debouncing> synthesized.

=========================================================================
HDL Synthesis Report

Macro Statistics
# Adders/Subtractors                                   : 1
 5-bit subtractor                                      : 1
# Registers                                            : 1
 4-bit register                                        : 1
# Multiplexers                                         : 6
 1-bit 2-to-1 multiplexer                              : 2
 1-bit 4-to-1 multiplexer                              : 2
 32-bit 2-to-1 multiplexer                             : 2
# FSMs                                                 : 1

=========================================================================

=========================================================================
*                       Advanced HDL Synthesis                          *
=========================================================================


=========================================================================
Advanced HDL Synthesis Report

Macro Statistics
# Adders/Subtractors                                   : 1
 5-bit subtractor                                      : 1
# Registers                                            : 4
 Flip-Flops                                            : 4
# Multiplexers                                         : 6
 1-bit 2-to-1 multiplexer                              : 2
 1-bit 4-to-1 multiplexer                              : 2
 32-bit 2-to-1 multiplexer                             : 2
# FSMs                                                 : 1

=========================================================================

=========================================================================
*                         Low Level Synthesis                           *
=========================================================================
Analyzing FSM <MFsm> for best encoding.
Optimizing FSM <FSM_0> on signal <state_reg[1:2]> with gray encoding.
-------------------
 State | Encoding
-------------------
 00    | 00
 11    | 01
 10    | 11
 01    | 10
-------------------

Optimizing unit <debouncing> ...

Mapping all equations...
Building and optimizing final netlist ...
Found area constraint ratio of 100 (+ 5) on block debouncing, actual ratio is 0.

Final Macro Processing ...

=========================================================================
Final Register Report

Macro Statistics
# Registers                                            : 6
 Flip-Flops                                            : 6

=========================================================================

=========================================================================
*                           Partition Report                            *
=========================================================================

Partition Implementation Status
-------------------------------

  No Partitions were found in this design.

-------------------------------

=========================================================================
*                            Design Summary                             *
=========================================================================

Top Level Output File Name         : debouncing.ngc

Primitive and Black Box Usage:
------------------------------
# BELS                             : 9
#      LUT2                        : 2
#      LUT3                        : 1
#      LUT4                        : 1
#      LUT5                        : 1
#      LUT6                        : 4
# FlipFlops/Latches                : 6
#      FDC                         : 6
# Clock Buffers                    : 1
#      BUFGP                       : 1
# IO Buffers                       : 4
#      IBUF                        : 2
#      OBUF                        : 2

Device utilization summary:
---------------------------

Selected Device : 7a100tcsg324-3 


Slice Logic Utilization: 
 Number of Slice Registers:               6  out of  126800     0%  
 Number of Slice LUTs:                    9  out of  63400     0%  
    Number used as Logic:                 9  out of  63400     0%  

Slice Logic Distribution: 
 Number of LUT Flip Flop pairs used:     10
   Number with an unused Flip Flop:       4  out of     10    40%  
   Number with an unused LUT:             1  out of     10    10%  
   Number of fully used LUT-FF pairs:     5  out of     10    50%  
   Number of unique control sets:         1

IO Utilization: 
 Number of IOs:                           5
 Number of bonded IOBs:                   5  out of    210     2%  

Specific Feature Utilization:
 Number of BUFG/BUFGCTRLs:                1  out of     32     3%  

---------------------------
Partition Resource Summary:
---------------------------

  No Partitions were found in this design.

---------------------------


=========================================================================
Timing Report

NOTE: THESE TIMING NUMBERS ARE ONLY A SYNTHESIS ESTIMATE.
      FOR ACCURATE TIMING INFORMATION PLEASE REFER TO THE TRACE REPORT
      GENERATED AFTER PLACE-and-ROUTE.

Clock Information:
------------------
-----------------------------------+------------------------+-------+
Clock Signal                       | Clock buffer(FF name)  | Load  |
-----------------------------------+------------------------+-------+
clk                                | BUFGP                  | 6     |
-----------------------------------+------------------------+-------+

Asynchronous Control Signals Information:
----------------------------------------
No asynchronous control signals found in this design

Timing Summary:
---------------
Speed Grade: -3

   Minimum period: 1.658ns (Maximum Frequency: 602.954MHz)
   Minimum input arrival time before clock: 1.435ns
   Maximum output required time after clock: 2.319ns
   Maximum combinational path delay: 1.752ns

Timing Details:
---------------
All values displayed in nanoseconds (ns)

=========================================================================
Timing constraint: Default period analysis for Clock 'clk'
  Clock period: 1.658ns (frequency: 602.954MHz)
  Total number of paths / destination ports: 39 / 5
-------------------------------------------------------------------------
Delay:               1.658ns (Levels of Logic = 2)
  Source:            state_reg_FSM_FFd2 (FF)
  Destination:       state_reg_FSM_FFd1 (FF)
  Source Clock:      clk rising
  Destination Clock: clk rising

  Data Path: state_reg_FSM_FFd2 to state_reg_FSM_FFd1
                                Gate     Net
    Cell:in->out      fanout   Delay   Delay  Logical Name (Net Name)
    ----------------------------------------  ------------
     FDC:C->Q              6   0.361   0.706  state_reg_FSM_FFd2 (state_reg_FSM_FFd2)
     LUT6:I1->O            3   0.097   0.389  Mmux_n002231 (n0022<2>)
     LUT6:I4->O            1   0.097   0.000  state_reg_FSM_FFd1-In (state_reg_FSM_FFd1-In)
     FDC:D                     0.008          state_reg_FSM_FFd1
    ----------------------------------------
    Total                      1.658ns (0.563ns logic, 1.095ns route)
                                       (33.9% logic, 66.1% route)

=========================================================================
Timing constraint: Default OFFSET IN BEFORE for Clock 'clk'
  Total number of paths / destination ports: 16 / 12
-------------------------------------------------------------------------
Offset:              1.435ns (Levels of Logic = 3)
  Source:            sw (PAD)
  Destination:       state_reg_FSM_FFd1 (FF)
  Destination Clock: clk rising

  Data Path: sw to state_reg_FSM_FFd1
                                Gate     Net
    Cell:in->out      fanout   Delay   Delay  Logical Name (Net Name)
    ----------------------------------------  ------------
     IBUF:I->O             7   0.001   0.711  sw_IBUF (sw_IBUF)
     LUT5:I0->O            3   0.097   0.521  Mmux_n002221 (n0022<1>)
     LUT6:I3->O            1   0.097   0.000  state_reg_FSM_FFd1-In (state_reg_FSM_FFd1-In)
     FDC:D                     0.008          state_reg_FSM_FFd1
    ----------------------------------------
    Total                      1.435ns (0.203ns logic, 1.232ns route)
                                       (14.1% logic, 85.9% route)

=========================================================================
Timing constraint: Default OFFSET OUT AFTER for Clock 'clk'
  Total number of paths / destination ports: 21 / 2
-------------------------------------------------------------------------
Offset:              2.319ns (Levels of Logic = 4)
  Source:            q_reg_1 (FF)
  Destination:       db_tick (PAD)
  Source Clock:      clk rising

  Data Path: q_reg_1 to db_tick
                                Gate     Net
    Cell:in->out      fanout   Delay   Delay  Logical Name (Net Name)
    ----------------------------------------  ------------
     FDC:C->Q              3   0.361   0.389  q_reg_1 (q_reg_1)
     LUT2:I0->O            1   0.097   0.295  Msub_GND_1_o_GND_1_o_sub_3_OUT_cy<1>11 (Msub_GND_1_o_GND_1_o_sub_3_OUT_cy<1>)
     LUT6:I5->O            3   0.097   0.703  Mmux_n002241 (n0022<3>)
     LUT6:I0->O            1   0.097   0.279  Mmux_db_tick1 (db_tick_OBUF)
     OBUF:I->O                 0.000          db_tick_OBUF (db_tick)
    ----------------------------------------
    Total                      2.319ns (0.652ns logic, 1.667ns route)
                                       (28.1% logic, 71.9% route)

=========================================================================
Timing constraint: Default path analysis
  Total number of paths / destination ports: 5 / 1
-------------------------------------------------------------------------
Delay:               1.752ns (Levels of Logic = 4)
  Source:            sw (PAD)
  Destination:       db_tick (PAD)

  Data Path: sw to db_tick
                                Gate     Net
    Cell:in->out      fanout   Delay   Delay  Logical Name (Net Name)
    ----------------------------------------  ------------
     IBUF:I->O             7   0.001   0.711  sw_IBUF (sw_IBUF)
     LUT5:I0->O            3   0.097   0.566  Mmux_n002221 (n0022<1>)
     LUT6:I2->O            1   0.097   0.279  Mmux_db_tick1 (db_tick_OBUF)
     OBUF:I->O                 0.000          db_tick_OBUF (db_tick)
    ----------------------------------------
    Total                      1.752ns (0.195ns logic, 1.557ns route)
                                       (11.1% logic, 88.9% route)

=========================================================================

Cross Clock Domains Report:
--------------------------

Clock to Setup on destination clock clk
---------------+---------+---------+---------+---------+
               | Src:Rise| Src:Fall| Src:Rise| Src:Fall|
Source Clock   |Dest:Rise|Dest:Rise|Dest:Fall|Dest:Fall|
---------------+---------+---------+---------+---------+
clk            |    1.658|         |         |         |
---------------+---------+---------+---------+---------+

=========================================================================


Total REAL time to Xst completion: 5.00 secs
Total CPU time to Xst completion: 5.59 secs
 
--> 

Total memory usage is 4617872 kilobytes

Number of errors   :    0 (   0 filtered)
Number of warnings :    1 (   0 filtered)
Number of infos    :    0 (   0 filtered)

