Command line:
   BoothTop_tb_isim_beh.exe
     -simmode  gui
     -simrunnum  0
     -socket  49990

Fri Jul 09 21:12:59 2021


 Elaboration Time: 0.359375 sec

 Current Memory Usage: 5162.59 Meg

 Total Signals          : 45
 Total Nets             : 76
 Total Signal Drivers   : 18
 Total Blocks           : 7
 Total Primitive Blocks : 5
 Total Processes        : 32
 Total Traceable Variables  : 36
 Total Scalar Nets and Variables : 233
Total Line Count : 90

 Total Simulation Time: 0.359375 sec

 Current Memory Usage: 5477.17 Meg

Fri Jul 09 21:13:32 2021

