Command line:
   xilinx_one_port_ram_sync_tb_isim_beh.exe
     -simmode  gui
     -simrunnum  0
     -socket  53179

Wed Jul 28 23:02:31 2021


 Elaboration Time: 0.5 sec

 Current Memory Usage: 5162.51 Meg

 Total Signals          : 19
 Total Nets             : 43
 Total Signal Drivers   : 10
 Total Blocks           : 3
 Total Primitive Blocks : 2
 Total Processes        : 14
 Total Traceable Variables  : 26
 Total Scalar Nets and Variables : 32989
Total Line Count : 35

 Total Simulation Time: 0.5 sec

 Current Memory Usage: 5162.51 Meg

Wed Jul 28 23:02:56 2021

