Command line:
   eq1_primitive_tb_isim_beh.exe
     -simmode  gui
     -simrunnum  0
     -socket  55653

Sun Jul 18 11:18:07 2021


 Elaboration Time: 0.4375 sec

 Current Memory Usage: 5163.14 Meg

 Total Signals          : 21
 Total Nets             : 20
 Total Signal Drivers   : 12
 Total Blocks           : 3
 Total Primitive Blocks : 2
 Total Processes        : 14
 Total Traceable Variables  : 20
 Total Scalar Nets and Variables : 102
Total Line Count : 28

 Total Simulation Time: 0.4375 sec

 Current Memory Usage: 5163.14 Meg

Sun Jul 18 11:18:13 2021

