Command line:
   tb_isim_beh.exe
     -simmode  gui
     -simrunnum  0
     -socket  63303

Thu Nov 18 20:06:49 2021


 Elaboration Time: 0.25 sec

 Current Memory Usage: 5163.15 Meg

 Total Signals          : 16
 Total Nets             : 25
 Total Signal Drivers   : 8
 Total Blocks           : 3
 Total Primitive Blocks : 2
 Total Processes        : 11
 Total Traceable Variables  : 22
 Total Scalar Nets and Variables : 149
Total Line Count : 37

 Total Simulation Time: 0.25 sec

 Current Memory Usage: 5163.15 Meg

Thu Nov 18 20:07:10 2021

