Running: D:\xilinx\14.7\ISE_DS\ISE\bin\nt64\unwrapped\fuse.exe -intstyle ise -incremental -lib unisims_ver -lib unimacro_ver -lib xilinxcorelib_ver -o D:/cd/TT FPGA/project/tuan 5/led8_4sw/tb_isim_beh.exe -prj D:/cd/TT FPGA/project/tuan 5/led8_4sw/tb_beh.prj work.tb work.glbl 
ISim P.20131013 (signature 0x7708f090)
Number of CPUs detected in this system: 8
Turning on mult-threading, number of parallel sub-compilation jobs: 16 
Determining compilation order of HDL files
Analyzing Verilog file "D:/cd/TT FPGA/project/tuan 5/led8_4sw/Shift_SIPO_2.v" into library work
Analyzing Verilog file "D:/cd/TT FPGA/project/tuan 5/led8_4sw/Shift_SIPO_1.v" into library work
Analyzing Verilog file "D:/cd/TT FPGA/project/tuan 5/led8_4sw/Shift_SIPO.v" into library work
Analyzing Verilog file "D:/cd/TT FPGA/project/tuan 5/led8_4sw/mux4_1.v" into library work
Analyzing Verilog file "D:/cd/TT FPGA/project/tuan 5/led8_4sw/MUX.v" into library work
Analyzing Verilog file "D:/cd/TT FPGA/project/tuan 5/led8_4sw/Led_LtoR_RtoL.v" into library work
Analyzing Verilog file "D:/cd/TT FPGA/project/tuan 5/led8_4sw/LedOnOffGradually.v" into library work
Analyzing Verilog file "D:/cd/TT FPGA/project/tuan 5/led8_4sw/LedOnOff.v" into library work
Analyzing Verilog file "D:/cd/TT FPGA/project/tuan 5/led8_4sw/LedOnAcc.v" into library work
Analyzing Verilog file "D:/cd/TT FPGA/project/tuan 5/led8_4sw/clock_div.v" into library work
Analyzing Verilog file "D:/cd/TT FPGA/project/tuan 5/led8_4sw/Shift_Register.v" into library work
Analyzing Verilog file "D:/cd/TT FPGA/project/tuan 5/led8_4sw/tb.v" into library work
Analyzing Verilog file "D:/xilinx/14.7/ISE_DS/ISE//verilog/src/glbl.v" into library work
Starting static elaboration
Completed static elaboration
Compiling module clock_div
Compiling module mux4_1
Compiling module LedOnOff
Compiling module Shift_SIPO
Compiling module LedOnOffGradually
Compiling module Shift_SIPO_1
Compiling module Led_LtoR_RtoL
Compiling module Shift_SIPO_2
Compiling module LedOnAcc
Compiling module MUX
Compiling module Shift_Register
Compiling module tb
Compiling module glbl
Time Resolution for simulation is 1ps.
Waiting for 1 sub-compilation(s) to finish...
Compiled 13 Verilog Units
Built simulation executable D:/cd/TT FPGA/project/tuan 5/led8_4sw/tb_isim_beh.exe
Fuse Memory Usage: 29312 KB
Fuse CPU Usage: 343 ms
