Release 14.7 - xst P.20131013 (nt64)
Copyright (c) 1995-2013 Xilinx, Inc.  All rights reserved.
--> Parameter TMPDIR set to xst/projnav.tmp


Total REAL time to Xst completion: 0.00 secs
Total CPU time to Xst completion: 0.09 secs
 
--> Parameter xsthdpdir set to xst


Total REAL time to Xst completion: 0.00 secs
Total CPU time to Xst completion: 0.09 secs
 
--> Reading design: LED.prj

TABLE OF CONTENTS
  1) Synthesis Options Summary
  2) HDL Compilation
  3) Design Hierarchy Analysis
  4) HDL Analysis
  5) HDL Synthesis
     5.1) HDL Synthesis Report
  6) Advanced HDL Synthesis
     6.1) Advanced HDL Synthesis Report
  7) Low Level Synthesis
  8) Partition Report
  9) Final Report
	9.1) Device utilization summary
	9.2) Partition Resource Summary
	9.3) TIMING REPORT


=========================================================================
*                      Synthesis Options Summary                        *
=========================================================================
---- Source Parameters
Input File Name                    : "LED.prj"
Input Format                       : mixed
Ignore Synthesis Constraint File   : NO

---- Target Parameters
Output File Name                   : "LED"
Output Format                      : NGC
Target Device                      : xc3s100e-5-vq100

---- Source Options
Top Module Name                    : LED
Automatic FSM Extraction           : YES
FSM Encoding Algorithm             : Auto
Safe Implementation                : No
FSM Style                          : LUT
RAM Extraction                     : Yes
RAM Style                          : Auto
ROM Extraction                     : Yes
Mux Style                          : Auto
Decoder Extraction                 : YES
Priority Encoder Extraction        : Yes
Shift Register Extraction          : YES
Logical Shifter Extraction         : YES
XOR Collapsing                     : YES
ROM Style                          : Auto
Mux Extraction                     : Yes
Resource Sharing                   : YES
Asynchronous To Synchronous        : NO
Multiplier Style                   : Auto
Automatic Register Balancing       : No

---- Target Options
Add IO Buffers                     : YES
Global Maximum Fanout              : 100000
Add Generic Clock Buffer(BUFG)     : 24
Register Duplication               : YES
Slice Packing                      : YES
Optimize Instantiated Primitives   : NO
Use Clock Enable                   : Yes
Use Synchronous Set                : Yes
Use Synchronous Reset              : Yes
Pack IO Registers into IOBs        : Auto
Equivalent register Removal        : YES

---- General Options
Optimization Goal                  : Speed
Optimization Effort                : 1
Keep Hierarchy                     : No
Netlist Hierarchy                  : As_Optimized
RTL Output                         : Yes
Global Optimization                : AllClockNets
Read Cores                         : YES
Write Timing Constraints           : NO
Cross Clock Analysis               : NO
Hierarchy Separator                : /
Bus Delimiter                      : <>
Case Specifier                     : Maintain
Slice Utilization Ratio            : 100
BRAM Utilization Ratio             : 100
Verilog 2001                       : YES
Auto BRAM Packing                  : NO
Slice Utilization Ratio Delta      : 5

=========================================================================


=========================================================================
*                          HDL Compilation                              *
=========================================================================
Compiling verilog file "Shift_SIPO_2.v" in library work
Compiling verilog file "Shift_SIPO_1.v" in library work
Module <Shift_SIPO_2> compiled
Compiling verilog file "Shift_SIPO.v" in library work
Module <Shift_SIPO_1> compiled
Compiling verilog file "mux4_1.v" in library work
Module <Shift_SIPO> compiled
Compiling verilog file "MUX.v" in library work
Module <mux4_1> compiled
Compiling verilog file "MODE4.v" in library work
Module <MUX> compiled
Compiling verilog file "MODE3.v" in library work
Module <MODE4> compiled
Compiling verilog file "MODE2.v" in library work
Module <MODE3> compiled
Compiling verilog file "MODE1.v" in library work
Module <MODE2> compiled
Compiling verilog file "clock_div.v" in library work
Module <MODE1> compiled
Compiling verilog file "LED.v" in library work
Module <clock_div> compiled
Module <LED> compiled
No errors in compilation
Analysis of file <"LED.prj"> succeeded.
 

=========================================================================
*                     Design Hierarchy Analysis                         *
=========================================================================
Analyzing hierarchy for module <LED> in library <work>.

Analyzing hierarchy for module <clock_div> in library <work> with parameters.
	M = "00000000000000000000001111101000"
	N = "00000000000000000000000000001010"

Analyzing hierarchy for module <mux4_1> in library <work>.

Analyzing hierarchy for module <MODE1> in library <work>.

Analyzing hierarchy for module <MODE2> in library <work>.

Analyzing hierarchy for module <MODE3> in library <work>.

Analyzing hierarchy for module <MODE4> in library <work>.

Analyzing hierarchy for module <MUX> in library <work>.

Analyzing hierarchy for module <Shift_SIPO> in library <work>.

Analyzing hierarchy for module <Shift_SIPO_1> in library <work>.

Analyzing hierarchy for module <Shift_SIPO_2> in library <work>.


=========================================================================
*                            HDL Analysis                               *
=========================================================================
Analyzing top module <LED>.
Module <LED> is correct for synthesis.
 
Analyzing module <clock_div> in library <work>.
	M = 32'sb00000000000000000000001111101000
	N = 32'sb00000000000000000000000000001010
Module <clock_div> is correct for synthesis.
 
Analyzing module <mux4_1> in library <work>.
Module <mux4_1> is correct for synthesis.
 
Analyzing module <MODE1> in library <work>.
Module <MODE1> is correct for synthesis.
 
Analyzing module <MODE2> in library <work>.
Module <MODE2> is correct for synthesis.
 
Analyzing module <Shift_SIPO> in library <work>.
Module <Shift_SIPO> is correct for synthesis.
 
Analyzing module <MODE3> in library <work>.
Module <MODE3> is correct for synthesis.
 
Analyzing module <Shift_SIPO_1> in library <work>.
Module <Shift_SIPO_1> is correct for synthesis.
 
Analyzing module <MODE4> in library <work>.
Module <MODE4> is correct for synthesis.
 
Analyzing module <Shift_SIPO_2> in library <work>.
Module <Shift_SIPO_2> is correct for synthesis.
 
Analyzing module <MUX> in library <work>.
Module <MUX> is correct for synthesis.
 

=========================================================================
*                           HDL Synthesis                               *
=========================================================================

Performing bidirectional port resolution...

Synthesizing Unit <clock_div>.
    Related source file is "clock_div.v".
    Found 10-bit comparator less for signal <q_0$cmp_lt0000> created at line 51.
    Found 10-bit comparator less for signal <q_1$cmp_lt0000> created at line 52.
    Found 10-bit comparator less for signal <q_2$cmp_lt0000> created at line 53.
    Found 10-bit comparator less for signal <q_3$cmp_lt0000> created at line 54.
    Found 10-bit adder for signal <r_next100kH$addsub0000> created at line 47.
    Found 10-bit adder for signal <r_next200kH$addsub0000> created at line 48.
    Found 10-bit adder for signal <r_next400kH$addsub0000> created at line 49.
    Found 10-bit adder for signal <r_next50kH$addsub0000> created at line 46.
    Found 10-bit register for signal <r_reg100kH>.
    Found 10-bit register for signal <r_reg200kH>.
    Found 10-bit register for signal <r_reg400kH>.
    Found 10-bit register for signal <r_reg50kH>.
    Summary:
	inferred  40 D-type flip-flop(s).
	inferred   4 Adder/Subtractor(s).
	inferred   4 Comparator(s).
Unit <clock_div> synthesized.


Synthesizing Unit <mux4_1>.
    Related source file is "mux4_1.v".
    Found 1-bit 4-to-1 multiplexer for signal <out>.
    Summary:
	inferred   1 Multiplexer(s).
Unit <mux4_1> synthesized.


Synthesizing Unit <MODE1>.
    Related source file is "MODE1.v".
    Found 8-bit register for signal <r_reg>.
    Summary:
	inferred   8 D-type flip-flop(s).
Unit <MODE1> synthesized.


Synthesizing Unit <MUX>.
    Related source file is "MUX.v".
    Found 8-bit 4-to-1 multiplexer for signal <out>.
    Summary:
	inferred   8 Multiplexer(s).
Unit <MUX> synthesized.


Synthesizing Unit <Shift_SIPO>.
    Related source file is "Shift_SIPO.v".
    Found 8-bit register for signal <r_reg>.
    Summary:
	inferred   8 D-type flip-flop(s).
Unit <Shift_SIPO> synthesized.


Synthesizing Unit <Shift_SIPO_1>.
    Related source file is "Shift_SIPO_1.v".
    Found 8-bit register for signal <r_reg>.
Unit <Shift_SIPO_1> synthesized.


Synthesizing Unit <Shift_SIPO_2>.
    Related source file is "Shift_SIPO_2.v".
    Found 8-bit register for signal <r_reg>.
Unit <Shift_SIPO_2> synthesized.


Synthesizing Unit <MODE2>.
    Related source file is "MODE2.v".
Unit <MODE2> synthesized.


Synthesizing Unit <MODE3>.
    Related source file is "MODE3.v".
WARNING:Xst:737 - Found 1-bit latch for signal <lr>. Latches may be generated from incomplete case or if statements. We do not recommend the use of latches in FPGA/CPLD designs, as they may lead to timing problems.
Unit <MODE3> synthesized.


Synthesizing Unit <MODE4>.
    Related source file is "MODE4.v".
Unit <MODE4> synthesized.


Synthesizing Unit <LED>.
    Related source file is "LED.v".
Unit <LED> synthesized.


=========================================================================
HDL Synthesis Report

Macro Statistics
# Adders/Subtractors                                   : 4
 10-bit adder                                          : 4
# Registers                                            : 8
 10-bit register                                       : 4
 8-bit register                                        : 4
# Latches                                              : 1
 1-bit latch                                           : 1
# Comparators                                          : 4
 10-bit comparator less                                : 4
# Multiplexers                                         : 2
 1-bit 4-to-1 multiplexer                              : 1
 8-bit 4-to-1 multiplexer                              : 1

=========================================================================

=========================================================================
*                       Advanced HDL Synthesis                          *
=========================================================================


=========================================================================
Advanced HDL Synthesis Report

Macro Statistics
# Adders/Subtractors                                   : 4
 10-bit adder                                          : 4
# Registers                                            : 72
 Flip-Flops                                            : 72
# Latches                                              : 1
 1-bit latch                                           : 1
# Comparators                                          : 4
 10-bit comparator less                                : 4
# Multiplexers                                         : 2
 1-bit 4-to-1 multiplexer                              : 1
 8-bit 4-to-1 multiplexer                              : 1

=========================================================================

=========================================================================
*                         Low Level Synthesis                           *
=========================================================================

Optimizing unit <LED> ...

Optimizing unit <clock_div> ...

Optimizing unit <MODE1> ...

Optimizing unit <Shift_SIPO> ...

Optimizing unit <Shift_SIPO_1> ...

Optimizing unit <Shift_SIPO_2> ...

Mapping all equations...
Building and optimizing final netlist ...
Found area constraint ratio of 100 (+ 5) on block LED, actual ratio is 9.

Final Macro Processing ...

=========================================================================
Final Register Report

Macro Statistics
# Registers                                            : 72
 Flip-Flops                                            : 72

=========================================================================

=========================================================================
*                           Partition Report                            *
=========================================================================

Partition Implementation Status
-------------------------------

  No Partitions were found in this design.

-------------------------------

=========================================================================
*                            Final Report                               *
=========================================================================
Final Results
RTL Top Level Output File Name     : LED.ngr
Top Level Output File Name         : LED
Output Format                      : NGC
Optimization Goal                  : Speed
Keep Hierarchy                     : No

Design Statistics
# IOs                              : 14

Cell Usage :
# BELS                             : 247
#      GND                         : 1
#      INV                         : 13
#      LUT1                        : 36
#      LUT2                        : 44
#      LUT2_L                      : 1
#      LUT3                        : 28
#      LUT3_D                      : 1
#      LUT3_L                      : 1
#      LUT4                        : 26
#      LUT4_D                      : 6
#      LUT4_L                      : 2
#      MUXCY                       : 36
#      MUXF5                       : 11
#      VCC                         : 1
#      XORCY                       : 40
# FlipFlops/Latches                : 73
#      FDC                         : 70
#      FDP                         : 2
#      LDP                         : 1
# Clock Buffers                    : 2
#      BUFG                        : 1
#      BUFGP                       : 1
# IO Buffers                       : 13
#      IBUF                        : 5
#      OBUF                        : 8
=========================================================================

Device utilization summary:
---------------------------

Selected Device : 3s100evq100-5 

 Number of Slices:                       81  out of    960     8%  
 Number of Slice Flip Flops:             73  out of   1920     3%  
 Number of 4 input LUTs:                158  out of   1920     8%  
 Number of IOs:                          14
 Number of bonded IOBs:                  14  out of     66    21%  
 Number of GCLKs:                         2  out of     24     8%  

---------------------------
Partition Resource Summary:
---------------------------

  No Partitions were found in this design.

---------------------------


=========================================================================
TIMING REPORT

NOTE: THESE TIMING NUMBERS ARE ONLY A SYNTHESIS ESTIMATE.
      FOR ACCURATE TIMING INFORMATION PLEASE REFER TO THE TRACE REPORT
      GENERATED AFTER PLACE-and-ROUTE.

Clock Information:
------------------
-----------------------------------+------------------------+-------+
Clock Signal                       | Clock buffer(FF name)  | Load  |
-----------------------------------+------------------------+-------+
mode3/SIPO1/r_reg_0                | NONE(mode3/lr)         | 1     |
clk                                | BUFGP                  | 40    |
f1(MUX1/Mmux_out_2_f5:O)           | BUFG(*)(mode1/r_reg_7) | 32    |
-----------------------------------+------------------------+-------+
(*) This 1 clock signal(s) are generated by combinatorial logic,
and XST is not able to identify which are the primary clock signals.
Please use the CLOCK_SIGNAL constraint to specify the clock signal(s) generated by combinatorial logic.
INFO:Xst:2169 - HDL ADVISOR - Some clock signals were not automatically buffered by XST with BUFG/BUFR resources. Please use the buffer_type constraint in order to insert these buffers to the clock signals to help prevent skew problems.

Asynchronous Control Signals Information:
----------------------------------------
------------------------------------------+------------------------+-------+
Control Signal                            | Buffer(FF name)        | Load  |
------------------------------------------+------------------------+-------+
reset                                     | IBUF                   | 72    |
mode3/SIPO1/r_reg_7(mode3/SIPO1/r_reg_7:Q)| NONE(mode3/lr)         | 1     |
------------------------------------------+------------------------+-------+

Timing Summary:
---------------
Speed Grade: -5

   Minimum period: 4.499ns (Maximum Frequency: 222.279MHz)
   Minimum input arrival time before clock: No path found
   Maximum output required time after clock: 5.657ns
   Maximum combinational path delay: 6.553ns

Timing Detail:
--------------
All values displayed in nanoseconds (ns)

=========================================================================
Timing constraint: Default period analysis for Clock 'clk'
  Clock period: 4.499ns (frequency: 222.279MHz)
  Total number of paths / destination ports: 620 / 40
-------------------------------------------------------------------------
Delay:               4.499ns (Levels of Logic = 11)
  Source:            clockdivider/r_reg400kH_1 (FF)
  Destination:       clockdivider/r_reg400kH_9 (FF)
  Source Clock:      clk rising
  Destination Clock: clk rising

  Data Path: clockdivider/r_reg400kH_1 to clockdivider/r_reg400kH_9
                                Gate     Net
    Cell:in->out      fanout   Delay   Delay  Logical Name (Net Name)
    ----------------------------------------  ------------
     FDC:C->Q              3   0.514   0.603  clockdivider/r_reg400kH_1 (clockdivider/r_reg400kH_1)
     LUT1:I0->O            1   0.612   0.000  clockdivider/Madd_r_next400kH_addsub0000_cy<1>_rt (clockdivider/Madd_r_next400kH_addsub0000_cy<1>_rt)
     MUXCY:S->O            1   0.404   0.000  clockdivider/Madd_r_next400kH_addsub0000_cy<1> (clockdivider/Madd_r_next400kH_addsub0000_cy<1>)
     MUXCY:CI->O           1   0.052   0.000  clockdivider/Madd_r_next400kH_addsub0000_cy<2> (clockdivider/Madd_r_next400kH_addsub0000_cy<2>)
     MUXCY:CI->O           1   0.052   0.000  clockdivider/Madd_r_next400kH_addsub0000_cy<3> (clockdivider/Madd_r_next400kH_addsub0000_cy<3>)
     MUXCY:CI->O           1   0.052   0.000  clockdivider/Madd_r_next400kH_addsub0000_cy<4> (clockdivider/Madd_r_next400kH_addsub0000_cy<4>)
     MUXCY:CI->O           1   0.052   0.000  clockdivider/Madd_r_next400kH_addsub0000_cy<5> (clockdivider/Madd_r_next400kH_addsub0000_cy<5>)
     MUXCY:CI->O           1   0.052   0.000  clockdivider/Madd_r_next400kH_addsub0000_cy<6> (clockdivider/Madd_r_next400kH_addsub0000_cy<6>)
     MUXCY:CI->O           1   0.052   0.000  clockdivider/Madd_r_next400kH_addsub0000_cy<7> (clockdivider/Madd_r_next400kH_addsub0000_cy<7>)
     MUXCY:CI->O           0   0.052   0.000  clockdivider/Madd_r_next400kH_addsub0000_cy<8> (clockdivider/Madd_r_next400kH_addsub0000_cy<8>)
     XORCY:CI->O           1   0.699   0.426  clockdivider/Madd_r_next400kH_addsub0000_xor<9> (clockdivider/r_next400kH_addsub0000<9>)
     LUT2:I1->O            1   0.612   0.000  clockdivider/r_next400kH<9>1 (clockdivider/r_next400kH<9>)
     FDC:D                     0.268          clockdivider/r_reg400kH_9
    ----------------------------------------
    Total                      4.499ns (3.470ns logic, 1.029ns route)
                                       (77.1% logic, 22.9% route)

=========================================================================
Timing constraint: Default period analysis for Clock 'f1'
  Clock period: 4.343ns (frequency: 230.274MHz)
  Total number of paths / destination ports: 141 / 32
-------------------------------------------------------------------------
Delay:               4.343ns (Levels of Logic = 3)
  Source:            mode4/SIPO2/r_reg_4 (FF)
  Destination:       mode4/SIPO2/r_reg_1 (FF)
  Source Clock:      f1 rising
  Destination Clock: f1 rising

  Data Path: mode4/SIPO2/r_reg_4 to mode4/SIPO2/r_reg_1
                                Gate     Net
    Cell:in->out      fanout   Delay   Delay  Logical Name (Net Name)
    ----------------------------------------  ------------
     FDC:C->Q              9   0.514   0.766  mode4/SIPO2/r_reg_4 (mode4/SIPO2/r_reg_4)
     LUT2:I1->O            1   0.612   0.387  mode4/SIPO2/r_next<6>1_SW1 (N6)
     LUT4_D:I2->O          6   0.612   0.572  mode4/SIPO2/r_next_cmp_eq00001 (mode4/SIPO2/r_next_cmp_eq0000)
     LUT4:I3->O            1   0.612   0.000  mode4/SIPO2/r_next<7>68 (mode4/SIPO2/r_next<7>)
     FDP:D                     0.268          mode4/SIPO2/r_reg_7
    ----------------------------------------
    Total                      4.343ns (2.618ns logic, 1.725ns route)
                                       (60.3% logic, 39.7% route)

=========================================================================
Timing constraint: Default OFFSET OUT AFTER for Clock 'f1'
  Total number of paths / destination ports: 32 / 8
-------------------------------------------------------------------------
Offset:              5.657ns (Levels of Logic = 3)
  Source:            mode4/SIPO2/r_reg_4 (FF)
  Destination:       q_out<4> (PAD)
  Source Clock:      f1 rising

  Data Path: mode4/SIPO2/r_reg_4 to q_out<4>
                                Gate     Net
    Cell:in->out      fanout   Delay   Delay  Logical Name (Net Name)
    ----------------------------------------  ------------
     FDC:C->Q              9   0.514   0.727  mode4/SIPO2/r_reg_4 (mode4/SIPO2/r_reg_4)
     LUT3:I2->O            1   0.612   0.000  MUX2/Mmux_out_34 (MUX2/Mmux_out_34)
     MUXF5:I1->O           1   0.278   0.357  MUX2/Mmux_out_2_f5_3 (q_out_4_OBUF)
     OBUF:I->O                 3.169          q_out_4_OBUF (q_out<4>)
    ----------------------------------------
    Total                      5.657ns (4.573ns logic, 1.084ns route)
                                       (80.8% logic, 19.2% route)

=========================================================================
Timing constraint: Default path analysis
  Total number of paths / destination ports: 24 / 8
-------------------------------------------------------------------------
Delay:               6.553ns (Levels of Logic = 4)
  Source:            S4 (PAD)
  Destination:       q_out<7> (PAD)

  Data Path: S4 to q_out<7>
                                Gate     Net
    Cell:in->out      fanout   Delay   Delay  Logical Name (Net Name)
    ----------------------------------------  ------------
     IBUF:I->O            16   1.106   1.031  S4_IBUF (S4_IBUF)
     LUT3:I0->O            1   0.612   0.000  MUX2/Mmux_out_3 (MUX2/Mmux_out_3)
     MUXF5:I1->O           1   0.278   0.357  MUX2/Mmux_out_2_f5 (q_out_0_OBUF)
     OBUF:I->O                 3.169          q_out_0_OBUF (q_out<0>)
    ----------------------------------------
    Total                      6.553ns (5.165ns logic, 1.388ns route)
                                       (78.8% logic, 21.2% route)

=========================================================================


Total REAL time to Xst completion: 3.00 secs
Total CPU time to Xst completion: 2.98 secs
 
--> 

Total memory usage is 4513712 kilobytes

Number of errors   :    0 (   0 filtered)
Number of warnings :    1 (   0 filtered)
Number of infos    :    1 (   0 filtered)

