Command line:
   tb_isim_beh.exe
     -simmode  gui
     -simrunnum  0
     -socket  52709

Thu Dec 09 23:31:11 2021


 Elaboration Time: 0.265625 sec

 Current Memory Usage: 5163.16 Meg

 Total Signals          : 45
 Total Nets             : 128
 Total Signal Drivers   : 32
 Total Blocks           : 6
 Total Primitive Blocks : 4
 Total Processes        : 38
 Total Traceable Variables  : 38
 Total Scalar Nets and Variables : 402
Total Line Count : 101

 Total Simulation Time: 0.28125 sec

 Current Memory Usage: 5477.74 Meg

Thu Dec 09 23:31:53 2021

