Command line:
   tb_isim_beh.exe
     -simmode  gui
     -simrunnum  0
     -socket  55285

Fri Nov 12 13:20:57 2021


 Elaboration Time: 0.265625 sec

 Current Memory Usage: 5162.57 Meg

 Total Signals          : 21
 Total Nets             : 135
 Total Signal Drivers   : 15
 Total Blocks           : 3
 Total Primitive Blocks : 2
 Total Processes        : 19
 Total Traceable Variables  : 26
 Total Scalar Nets and Variables : 397
Total Line Count : 43

 Total Simulation Time: 4.46875 sec

 Current Memory Usage: 5005.29 Meg

Fri Nov 12 13:22:35 2021

