Command line:
   decoder_2_4_tb_isim_beh.exe
     -simmode  gui
     -simrunnum  0
     -socket  60233

Tue Jul 20 10:39:21 2021


 Elaboration Time: 0.25 sec

 Current Memory Usage: 5162.55 Meg

 Total Signals          : 16
 Total Nets             : 20
 Total Signal Drivers   : 8
 Total Blocks           : 3
 Total Primitive Blocks : 2
 Total Processes        : 11
 Total Traceable Variables  : 21
 Total Scalar Nets and Variables : 107
Total Line Count : 44

 Total Simulation Time: 0.265625 sec

 Current Memory Usage: 5162.55 Meg

Tue Jul 20 10:39:34 2021

