Command line:
   tb_isim_beh.exe
     -simmode  gui
     -simrunnum  0
     -socket  59838

Thu Nov 04 00:11:20 2021


 Elaboration Time: 0.28125 sec

 Current Memory Usage: 5163.14 Meg

 Total Signals          : 17
 Total Nets             : 26
 Total Signal Drivers   : 9
 Total Blocks           : 3
 Total Primitive Blocks : 2
 Total Processes        : 13
 Total Traceable Variables  : 22
 Total Scalar Nets and Variables : 119
Total Line Count : 38

 Total Simulation Time: 0.28125 sec

 Current Memory Usage: 5163.14 Meg

Thu Nov 04 00:11:35 2021

