Command line:
   tb_isim_beh.exe
     -simmode  gui
     -simrunnum  0
     -socket  49928

Mon Dec 06 09:50:14 2021


 Elaboration Time: 0.25 sec

 Current Memory Usage: 5163.18 Meg

 Total Signals          : 16
 Total Nets             : 20
 Total Signal Drivers   : 8
 Total Blocks           : 3
 Total Primitive Blocks : 2
 Total Processes        : 11
 Total Traceable Variables  : 21
 Total Scalar Nets and Variables : 107
Total Line Count : 39

 Total Simulation Time: 0.265625 sec

 Current Memory Usage: 5163.18 Meg

Mon Dec 06 09:50:26 2021

