Command line:
   fre_div_tb_isim_beh.exe
     -simmode  gui
     -simrunnum  0
     -socket  61997

Thu Nov 04 20:08:49 2021


 Elaboration Time: 0.25 sec

 Current Memory Usage: 5163.14 Meg

 Total Signals          : 16
 Total Nets             : 16
 Total Signal Drivers   : 8
 Total Blocks           : 3
 Total Primitive Blocks : 2
 Total Processes        : 13
 Total Traceable Variables  : 23
 Total Scalar Nets and Variables : 134
Total Line Count : 34

 Total Simulation Time: 0.25 sec

 Current Memory Usage: 5163.14 Meg

Thu Nov 04 20:09:11 2021

