Command line:
   counter_enable_tb_isim_beh.exe
     -simmode  gui
     -simrunnum  0
     -socket  58585

Sat Aug 21 13:30:54 2021


 Elaboration Time: 0.28125 sec

 Current Memory Usage: 5162.57 Meg

 Total Signals          : 18
 Total Nets             : 20
 Total Signal Drivers   : 9
 Total Blocks           : 3
 Total Primitive Blocks : 2
 Total Processes        : 14
 Total Traceable Variables  : 26
 Total Scalar Nets and Variables : 179
Total Line Count : 33

 Total Simulation Time: 0.28125 sec

 Current Memory Usage: 5162.57 Meg

Sat Aug 21 13:31:03 2021

