Command line:
   tb_isim_beh.exe
     -simmode  gui
     -simrunnum  0
     -socket  58047

Mon Dec 06 00:44:37 2021


 Elaboration Time: 0.328125 sec

 Current Memory Usage: 5163.11 Meg

 Total Signals          : 15
 Total Nets             : 25
 Total Signal Drivers   : 7
 Total Blocks           : 3
 Total Primitive Blocks : 2
 Total Processes        : 10
 Total Traceable Variables  : 21
 Total Scalar Nets and Variables : 149
Total Line Count : 39

 Total Simulation Time: 0.390625 sec

 Current Memory Usage: 4691.26 Meg

Mon Dec 06 00:53:57 2021

