Command line:
   tb_isim_beh.exe
     -simmode  gui
     -simrunnum  0
     -socket  62302

Fri Oct 29 10:40:19 2021


 Elaboration Time: 0.265625 sec

 Current Memory Usage: 5162.5 Meg

 Total Signals          : 17
 Total Nets             : 26
 Total Signal Drivers   : 9
 Total Blocks           : 3
 Total Primitive Blocks : 2
 Total Processes        : 12
 Total Traceable Variables  : 23
 Total Scalar Nets and Variables : 151
Total Line Count : 58

 Total Simulation Time: 0.265625 sec

 Current Memory Usage: 4690.64 Meg

Fri Oct 29 10:43:48 2021

