Command line:
   tb_isim_beh.exe
     -simmode  gui
     -simrunnum  0
     -socket  59754

Fri Nov 05 10:49:44 2021


 Elaboration Time: 0.28125 sec

 Current Memory Usage: 5162.55 Meg

 Total Signals          : 17
 Total Nets             : 27
 Total Signal Drivers   : 9
 Total Blocks           : 3
 Total Primitive Blocks : 2
 Total Processes        : 12
 Total Traceable Variables  : 22
 Total Scalar Nets and Variables : 121
Total Line Count : 62

 Total Simulation Time: 0.3125 sec

 Current Memory Usage: 4690.69 Meg

Fri Nov 05 11:19:01 2021

