Command line:
   tb_isim_beh.exe
     -simmode  gui
     -simrunnum  0
     -socket  49834

Thu Oct 28 20:37:51 2021


 Elaboration Time: 0.28125 sec

 Current Memory Usage: 5162.53 Meg

 Total Signals          : 16
 Total Nets             : 20
 Total Signal Drivers   : 8
 Total Blocks           : 3
 Total Primitive Blocks : 2
 Total Processes        : 11
 Total Traceable Variables  : 21
 Total Scalar Nets and Variables : 107
Total Line Count : 46

 Total Simulation Time: 0.28125 sec

 Current Memory Usage: 5477.11 Meg

Thu Oct 28 20:38:49 2021

