Command line:
   tb_isim_beh.exe
     -simmode  gui
     -simrunnum  0
     -socket  52705

Thu Dec 09 23:28:22 2021


 Elaboration Time: 0.265625 sec

 Current Memory Usage: 5163.16 Meg

 Total Signals          : 35
 Total Nets             : 34
 Total Signal Drivers   : 14
 Total Blocks           : 6
 Total Primitive Blocks : 4
 Total Processes        : 20
 Total Traceable Variables  : 27
 Total Scalar Nets and Variables : 256
Total Line Count : 41

 Total Simulation Time: 0.265625 sec

 Current Memory Usage: 5163.16 Meg

Thu Dec 09 23:28:38 2021

