Command line:
   tb_isim_beh.exe
     -simmode  gui
     -simrunnum  0
     -socket  63245

Wed Nov 03 16:27:54 2021


 Elaboration Time: 0.28125 sec

 Current Memory Usage: 5163.18 Meg

 Total Signals          : 76
 Total Nets             : 61
 Total Signal Drivers   : 35
 Total Blocks           : 13
 Total Primitive Blocks : 9
 Total Processes        : 37
 Total Traceable Variables  : 20
 Total Scalar Nets and Variables : 157
Total Line Count : 58

 Total Simulation Time: 0.28125 sec

 Current Memory Usage: 5477.75 Meg

Wed Nov 03 16:28:25 2021

