#-----------------------------------------------------------
# PlanAhead v14.7 (64-bit)
# Build 321239 by xbuild on Fri Sep 27 19:29:51 MDT 2013
# Start of session at: Sat Jun 26 17:25:23 2021
# Process ID: 12124
# Log file: D:/cd/thiet ke he thong va vi mach/adder4bit_convert_to_adder8bit/planAhead_run_1/planAhead.log
# Journal file: D:/cd/thiet ke he thong va vi mach/adder4bit_convert_to_adder8bit/planAhead_run_1/planAhead.jou
#-----------------------------------------------------------
INFO: [Common 17-78] Attempting to get a license: PlanAhead
INFO: [Common 17-290] Got license for PlanAhead
INFO: [Device 21-36] Loading parts and site information from D:/xilinx/14.7/ISE_DS/PlanAhead/data/parts/arch.xml
Parsing RTL primitives file [D:/xilinx/14.7/ISE_DS/PlanAhead/data/parts/xilinx/rtl/prims/rtl_prims.xml]
Finished parsing RTL primitives file [D:/xilinx/14.7/ISE_DS/PlanAhead/data/parts/xilinx/rtl/prims/rtl_prims.xml]
start_gui
source {D:/cd/thiet ke he thong va vi mach/adder4bit_convert_to_adder8bit/pa.fromHdl.tcl}
# create_project -name adder4bit_convert_to_adder8bit -dir "D:/cd/thiet ke he thong va vi mach/adder4bit_convert_to_adder8bit/planAhead_run_1" -part xc7a100tcsg324-3
# set_param project.pinAheadLayout yes
# set srcset [get_property srcset [current_run -impl]]
# set_property target_constrs_file "adder8bit.ucf" [current_fileset -constrset]
Adding file 'D:/cd/thiet ke he thong va vi mach/adder4bit_convert_to_adder8bit/adder8bit.ucf' to fileset 'constrs_1'
# set hdlfile [add_files [list {adder4bit.v}]]
# set_property file_type Verilog $hdlfile
# set_property library work $hdlfile
# set hdlfile [add_files [list {adder8bit.v}]]
# set_property file_type Verilog $hdlfile
# set_property library work $hdlfile
# set_property top adder8bit $srcset
# add_files [list {adder8bit.ucf}] -fileset [get_property constrset [current_run]]
# open_rtl_design -part xc7a100tcsg324-3
Using Verific elaboration
Parsing VHDL file "D:/xilinx/14.7/ISE_DS/PlanAhead/data/parts/xilinx/rtl/lib/synplify/synattr.vhd" into library synplify
Analyzing Verilog file "D:/cd/thiet ke he thong va vi mach/adder4bit_convert_to_adder8bit/adder4bit.v" into library work
Analyzing Verilog file "D:/cd/thiet ke he thong va vi mach/adder4bit_convert_to_adder8bit/adder8bit.v" into library work
Loading clock regions from D:/xilinx/14.7/ISE_DS/PlanAhead/data\parts/xilinx/artix7/artix7/xc7a100t/ClockRegion.xml
Loading clock buffers from D:/xilinx/14.7/ISE_DS/PlanAhead/data\parts/xilinx/artix7/artix7/xc7a100t/ClockBuffers.xml
Loading clock placement rules from D:/xilinx/14.7/ISE_DS/PlanAhead/data/parts/xilinx/artix7/ClockPlacerRules.xml
Loading package pin functions from D:/xilinx/14.7/ISE_DS/PlanAhead/data\parts/xilinx/artix7/PinFunctions.xml...
Loading package from D:/xilinx/14.7/ISE_DS/PlanAhead/data\parts/xilinx/artix7/artix7/xc7a100t/csg324/Package.xml
Loading io standards from D:/xilinx/14.7/ISE_DS/PlanAhead/data\./parts/xilinx/artix7/IOStandards.xml
Loading device configuration modes from D:/xilinx/14.7/ISE_DS/PlanAhead/data\parts/xilinx/artix7/ConfigModes.xml
Loading list of drcs for the architecture : D:/xilinx/14.7/ISE_DS/PlanAhead/data\./parts/xilinx/artix7/drc.xml
Parsing UCF File [D:/cd/thiet ke he thong va vi mach/adder4bit_convert_to_adder8bit/adder8bit.ucf]
Finished Parsing UCF File [D:/cd/thiet ke he thong va vi mach/adder4bit_convert_to_adder8bit/adder8bit.ucf]
INFO: [Project 1-111] Unisim Transformation Summary:
No Unisim elements were transformed.

Phase 0 | Netlist Checksum: 3f75336e
open_rtl_design: Time (s): elapsed = 00:00:13 . Memory (MB): peak = 1064.301 ; gain = 495.699
update_compile_order -fileset sim_1
exit
ERROR: [PlanAhead 12-106] *** Exception: ui.h.b: Found deleted key in HTclEventBroker. Verify if the classes listed here call cleanup()
HTclEvent: DEBUG_PORT_CONFIG_CHANGE   Classes: ui.views.aR 
HTclEvent: DEBUG_CORE_CONFIG_CHANGE   Classes: ui.views.aR 
HTclEvent: SIGNAL_BUS_MODIFY   Classes: ui.views.aR 
HTclEvent: SIGNAL_MODIFY   Classes: ui.views.aR 
 (See D:/cd/thiet ke he thong va vi mach/adder4bit_convert_to_adder8bit\planAhead_pid12124.debug)
ERROR: [Common 17-39] 'stop_gui' failed due to earlier errors.
INFO: [Common 17-206] Exiting PlanAhead at Sat Jun 26 17:26:48 2021...
INFO: [Common 17-83] Releasing license: PlanAhead
