Release 14.7 - xst P.20131013 (nt64)
Copyright (c) 1995-2013 Xilinx, Inc.  All rights reserved.
--> Parameter TMPDIR set to xst/projnav.tmp


Total REAL time to Xst completion: 0.00 secs
Total CPU time to Xst completion: 0.06 secs
 
--> Parameter xsthdpdir set to xst


Total REAL time to Xst completion: 0.00 secs
Total CPU time to Xst completion: 0.07 secs
 
--> Reading design: xilinx_dual_port_ram_sync.prj

TABLE OF CONTENTS
  1) Synthesis Options Summary
  2) HDL Parsing
  3) HDL Elaboration
  4) HDL Synthesis
       4.1) HDL Synthesis Report
  5) Advanced HDL Synthesis
       5.1) Advanced HDL Synthesis Report
  6) Low Level Synthesis
  7) Partition Report
  8) Design Summary
       8.1) Primitive and Black Box Usage
       8.2) Device utilization summary
       8.3) Partition Resource Summary
       8.4) Timing Report
            8.4.1) Clock Information
            8.4.2) Asynchronous Control Signals Information
            8.4.3) Timing Summary
            8.4.4) Timing Details
            8.4.5) Cross Clock Domains Report


=========================================================================
*                      Synthesis Options Summary                        *
=========================================================================
---- Source Parameters
Input File Name                    : "xilinx_dual_port_ram_sync.prj"
Ignore Synthesis Constraint File   : NO

---- Target Parameters
Output File Name                   : "xilinx_dual_port_ram_sync"
Output Format                      : NGC
Target Device                      : xc7a100t-3-csg324

---- Source Options
Top Module Name                    : xilinx_dual_port_ram_sync
Automatic FSM Extraction           : YES
FSM Encoding Algorithm             : Auto
Safe Implementation                : No
FSM Style                          : LUT
RAM Extraction                     : Yes
RAM Style                          : Auto
ROM Extraction                     : Yes
Shift Register Extraction          : YES
ROM Style                          : Auto
Resource Sharing                   : YES
Asynchronous To Synchronous        : NO
Shift Register Minimum Size        : 2
Use DSP Block                      : Auto
Automatic Register Balancing       : No

---- Target Options
LUT Combining                      : Auto
Reduce Control Sets                : Auto
Add IO Buffers                     : YES
Global Maximum Fanout              : 100000
Add Generic Clock Buffer(BUFG)     : 32
Register Duplication               : YES
Optimize Instantiated Primitives   : NO
Use Clock Enable                   : Auto
Use Synchronous Set                : Auto
Use Synchronous Reset              : Auto
Pack IO Registers into IOBs        : Auto
Equivalent register Removal        : YES

---- General Options
Optimization Goal                  : Speed
Optimization Effort                : 1
Power Reduction                    : NO
Keep Hierarchy                     : No
Netlist Hierarchy                  : As_Optimized
RTL Output                         : Yes
Global Optimization                : AllClockNets
Read Cores                         : YES
Write Timing Constraints           : NO
Cross Clock Analysis               : NO
Hierarchy Separator                : /
Bus Delimiter                      : <>
Case Specifier                     : Maintain
Slice Utilization Ratio            : 100
BRAM Utilization Ratio             : 100
DSP48 Utilization Ratio            : 100
Auto BRAM Packing                  : NO
Slice Utilization Ratio Delta      : 5

=========================================================================


=========================================================================
*                          HDL Parsing                                  *
=========================================================================
Analyzing Verilog file "D:\cd\thiet ke he thong va vi mach\dual_port_RAM_with_synchronous_read\xilinx_dual_port_ram_sync.v" into library work
Parsing module <xilinx_dual_port_ram_sync>.

=========================================================================
*                            HDL Elaboration                            *
=========================================================================

Elaborating module <xilinx_dual_port_ram_sync>.

=========================================================================
*                           HDL Synthesis                               *
=========================================================================

Synthesizing Unit <xilinx_dual_port_ram_sync>.
    Related source file is "D:\cd\thiet ke he thong va vi mach\dual_port_RAM_with_synchronous_read\xilinx_dual_port_ram_sync.v".
        ADDR_WIDTH = 6
        DATA_WIDTH = 8
    Found 6-bit register for signal <addr_b_reg>.
    Found 6-bit register for signal <addr_a_reg>.
    Found 64x8-bit dual-port RAM <Mram_ram> for signal <ram>.
    Summary:
	inferred   2 RAM(s).
	inferred  12 D-type flip-flop(s).
Unit <xilinx_dual_port_ram_sync> synthesized.

=========================================================================
HDL Synthesis Report

Macro Statistics
# RAMs                                                 : 2
 64x8-bit dual-port RAM                                : 2
# Registers                                            : 2
 6-bit register                                        : 2

=========================================================================

=========================================================================
*                       Advanced HDL Synthesis                          *
=========================================================================


Synthesizing (advanced) Unit <xilinx_dual_port_ram_sync>.
INFO:Xst:3231 - The small RAM <Mram_ram> will be implemented on LUTs in order to maximize performance and save block RAM resources. If you want to force its implementation on block, use option/constraint ram_style.
    -----------------------------------------------------------------------
    | ram_type           | Distributed                         |          |
    -----------------------------------------------------------------------
    | Port A                                                              |
    |     aspect ratio   | 64-word x 8-bit                     |          |
    |     clkA           | connected to signal <clk>           | rise     |
    |     weA            | connected to signal <we>            | high     |
    |     addrA          | connected to signal <addr_a>        |          |
    |     diA            | connected to signal <din_a>         |          |
    -----------------------------------------------------------------------
    | Port B                                                              |
    |     aspect ratio   | 64-word x 8-bit                     |          |
    |     addrB          | connected to signal <addr_a_reg>    |          |
    |     doB            | connected to signal <dout_a>        |          |
    -----------------------------------------------------------------------
INFO:Xst:3231 - The small RAM <Mram_ram1> will be implemented on LUTs in order to maximize performance and save block RAM resources. If you want to force its implementation on block, use option/constraint ram_style.
    -----------------------------------------------------------------------
    | ram_type           | Distributed                         |          |
    -----------------------------------------------------------------------
    | Port A                                                              |
    |     aspect ratio   | 64-word x 8-bit                     |          |
    |     clkA           | connected to signal <clk>           | rise     |
    |     weA            | connected to signal <we>            | high     |
    |     addrA          | connected to signal <addr_a>        |          |
    |     diA            | connected to signal <din_a>         |          |
    -----------------------------------------------------------------------
    | Port B                                                              |
    |     aspect ratio   | 64-word x 8-bit                     |          |
    |     addrB          | connected to signal <addr_b_reg>    |          |
    |     doB            | connected to signal <dout_b>        |          |
    -----------------------------------------------------------------------
Unit <xilinx_dual_port_ram_sync> synthesized (advanced).

=========================================================================
Advanced HDL Synthesis Report

Macro Statistics
# RAMs                                                 : 2
 64x8-bit dual-port distributed RAM                    : 2
# Registers                                            : 12
 Flip-Flops                                            : 12

=========================================================================

=========================================================================
*                         Low Level Synthesis                           *
=========================================================================

Optimizing unit <xilinx_dual_port_ram_sync> ...

Mapping all equations...
Building and optimizing final netlist ...
Found area constraint ratio of 100 (+ 5) on block xilinx_dual_port_ram_sync, actual ratio is 0.

Final Macro Processing ...

=========================================================================
Final Register Report

Macro Statistics
# Registers                                            : 12
 Flip-Flops                                            : 12

=========================================================================

=========================================================================
*                           Partition Report                            *
=========================================================================

Partition Implementation Status
-------------------------------

  No Partitions were found in this design.

-------------------------------

=========================================================================
*                            Design Summary                             *
=========================================================================

Top Level Output File Name         : xilinx_dual_port_ram_sync.ngc

Primitive and Black Box Usage:
------------------------------
# BELS                             : 1
#      GND                         : 1
# FlipFlops/Latches                : 12
#      FD                          : 12
# RAMS                             : 8
#      RAM64M                      : 4
#      RAM64X1D                    : 4
# Clock Buffers                    : 1
#      BUFGP                       : 1
# IO Buffers                       : 37
#      IBUF                        : 21
#      OBUF                        : 16

Device utilization summary:
---------------------------

Selected Device : 7a100tcsg324-3 


Slice Logic Utilization: 
 Number of Slice Registers:              12  out of  126800     0%  
 Number of Slice LUTs:                   24  out of  63400     0%  
    Number used as Memory:               24  out of  19000     0%  
       Number used as RAM:               24

Slice Logic Distribution: 
 Number of LUT Flip Flop pairs used:     30
   Number with an unused Flip Flop:      18  out of     30    60%  
   Number with an unused LUT:             6  out of     30    20%  
   Number of fully used LUT-FF pairs:     6  out of     30    20%  
   Number of unique control sets:         1

IO Utilization: 
 Number of IOs:                          38
 Number of bonded IOBs:                  38  out of    210    18%  

Specific Feature Utilization:
 Number of BUFG/BUFGCTRLs:                1  out of     32     3%  

---------------------------
Partition Resource Summary:
---------------------------

  No Partitions were found in this design.

---------------------------


=========================================================================
Timing Report

NOTE: THESE TIMING NUMBERS ARE ONLY A SYNTHESIS ESTIMATE.
      FOR ACCURATE TIMING INFORMATION PLEASE REFER TO THE TRACE REPORT
      GENERATED AFTER PLACE-and-ROUTE.

Clock Information:
------------------
-----------------------------------+------------------------+-------+
Clock Signal                       | Clock buffer(FF name)  | Load  |
-----------------------------------+------------------------+-------+
clk                                | BUFGP                  | 20    |
-----------------------------------+------------------------+-------+

Asynchronous Control Signals Information:
----------------------------------------
No asynchronous control signals found in this design

Timing Summary:
---------------
Speed Grade: -3

   Minimum period: 0.794ns (Maximum Frequency: 1258.653MHz)
   Minimum input arrival time before clock: 0.720ns
   Maximum output required time after clock: 1.648ns
   Maximum combinational path delay: No path found

Timing Details:
---------------
All values displayed in nanoseconds (ns)

=========================================================================
Timing constraint: Default period analysis for Clock 'clk'
  Clock period: 0.794ns (frequency: 1258.653MHz)
  Total number of paths / destination ports: 24 / 24
-------------------------------------------------------------------------
Delay:               0.794ns (Levels of Logic = 0)
  Source:            addr_a_reg_5 (FF)
  Destination:       Mram_ram41 (RAM)
  Source Clock:      clk rising
  Destination Clock: clk rising

  Data Path: addr_a_reg_5 to Mram_ram41
                                Gate     Net
    Cell:in->out      fanout   Delay   Delay  Logical Name (Net Name)
    ----------------------------------------  ------------
     FD:C->Q               2   0.361   0.283  addr_a_reg_5 (addr_a_reg_5)
     RAM64X1D:DPRA5            0.150          Mram_ram41
    ----------------------------------------
    Total                      0.794ns (0.511ns logic, 0.283ns route)
                                       (64.3% logic, 35.7% route)

=========================================================================
Timing constraint: Default OFFSET IN BEFORE for Clock 'clk'
  Total number of paths / destination ports: 84 / 84
-------------------------------------------------------------------------
Offset:              0.720ns (Levels of Logic = 1)
  Source:            we (PAD)
  Destination:       Mram_ram2 (RAM)
  Destination Clock: clk rising

  Data Path: we to Mram_ram2
                                Gate     Net
    Cell:in->out      fanout   Delay   Delay  Logical Name (Net Name)
    ----------------------------------------  ------------
     IBUF:I->O             8   0.001   0.311  we_IBUF (we_IBUF)
     RAM64M:WE                 0.408          Mram_ram2
    ----------------------------------------
    Total                      0.720ns (0.409ns logic, 0.311ns route)
                                       (56.8% logic, 43.2% route)

=========================================================================
Timing constraint: Default OFFSET OUT AFTER for Clock 'clk'
  Total number of paths / destination ports: 40 / 16
-------------------------------------------------------------------------
Offset:              1.648ns (Levels of Logic = 1)
  Source:            Mram_ram3 (RAM)
  Destination:       dout_a<5> (PAD)
  Source Clock:      clk rising

  Data Path: Mram_ram3 to dout_a<5>
                                Gate     Net
    Cell:in->out      fanout   Delay   Delay  Logical Name (Net Name)
    ----------------------------------------  ------------
     RAM64M:WCLK->DOC      1   1.369   0.279  Mram_ram3 (dout_a_5_OBUF)
     OBUF:I->O                 0.000          dout_a_5_OBUF (dout_a<5>)
    ----------------------------------------
    Total                      1.648ns (1.369ns logic, 0.279ns route)
                                       (83.1% logic, 16.9% route)

=========================================================================

Cross Clock Domains Report:
--------------------------

Clock to Setup on destination clock clk
---------------+---------+---------+---------+---------+
               | Src:Rise| Src:Fall| Src:Rise| Src:Fall|
Source Clock   |Dest:Rise|Dest:Rise|Dest:Fall|Dest:Fall|
---------------+---------+---------+---------+---------+
clk            |    0.794|         |         |         |
---------------+---------+---------+---------+---------+

=========================================================================


Total REAL time to Xst completion: 7.00 secs
Total CPU time to Xst completion: 7.39 secs
 
--> 

Total memory usage is 4617924 kilobytes

Number of errors   :    0 (   0 filtered)
Number of warnings :    0 (   0 filtered)
Number of infos    :    2 (   0 filtered)

