Command line:
   tb_isim_beh.exe
     -simmode  gui
     -simrunnum  0
     -socket  50650

Thu Nov 25 21:53:28 2021


 Elaboration Time: 0.28125 sec

 Current Memory Usage: 5162.54 Meg

 Total Signals          : 32
 Total Nets             : 39
 Total Signal Drivers   : 14
 Total Blocks           : 5
 Total Primitive Blocks : 3
 Total Processes        : 19
 Total Traceable Variables  : 25
 Total Scalar Nets and Variables : 198
Total Line Count : 41

 Total Simulation Time: 0.28125 sec

 Current Memory Usage: 5162.54 Meg

Thu Nov 25 21:53:37 2021

