Command line:
   xilinx_dual_port_ram_async_isim_beh.exe
     -simmode  gui
     -simrunnum  0
     -socket  52473

Sat Jul 17 22:36:19 2021


 Elaboration Time: 0.328125 sec

 Current Memory Usage: 5163.15 Meg

 Total Signals          : 20
 Total Nets             : 51
 Total Signal Drivers   : 7
 Total Blocks           : 2
 Total Primitive Blocks : 2
 Total Processes        : 9
 Total Traceable Variables  : 21
 Total Scalar Nets and Variables : 707
Total Line Count : 19

 Total Simulation Time: 0.328125 sec

 Current Memory Usage: 5163.15 Meg

Sat Jul 17 22:36:22 2021

