Command line:
   tb_isim_beh.exe
     -simmode  gui
     -simrunnum  0
     -socket  50804

Mon Nov 22 21:47:04 2021


 Elaboration Time: 0.28125 sec

 Current Memory Usage: 5162.55 Meg

 Total Signals          : 30
 Total Nets             : 38
 Total Signal Drivers   : 13
 Total Blocks           : 5
 Total Primitive Blocks : 3
 Total Processes        : 18
 Total Traceable Variables  : 24
 Total Scalar Nets and Variables : 196
Total Line Count : 38

 Total Simulation Time: 0.28125 sec

 Current Memory Usage: 4690.69 Meg

Mon Nov 22 22:05:44 2021

