Running: D:\xilinx\14.7\ISE_DS\ISE\bin\nt64\unwrapped\fuse.exe -intstyle ise -incremental -lib unisims_ver -lib unimacro_ver -lib xilinxcorelib_ver -o D:/cd/TT FPGA/project/tuan 1/full_subtractor_4bit_using_full_adder_1bit/tb_isim_beh.exe -prj D:/cd/TT FPGA/project/tuan 1/full_subtractor_4bit_using_full_adder_1bit/tb_beh.prj work.tb work.glbl 
ISim P.20131013 (signature 0x7708f090)
Number of CPUs detected in this system: 8
Turning on mult-threading, number of parallel sub-compilation jobs: 16 
Determining compilation order of HDL files
Analyzing Verilog file "D:/cd/TT FPGA/project/tuan 1/full_subtractor_4bit_using_full_adder_1bit/full_adder_1bit.v" into library work
Analyzing Verilog file "D:/cd/TT FPGA/project/tuan 1/full_subtractor_4bit_using_full_adder_1bit/full_subtractor_4bit.v" into library work
Analyzing Verilog file "D:/cd/TT FPGA/project/tuan 1/full_subtractor_4bit_using_full_adder_1bit/tb.v" into library work
Analyzing Verilog file "D:/xilinx/14.7/ISE_DS/ISE//verilog/src/glbl.v" into library work
Starting static elaboration
Completed static elaboration
Compiling module full_adder_1bit
Compiling module full_subtractor_4bit
Compiling module tb
Compiling module glbl
Time Resolution for simulation is 1ps.
Compiled 4 Verilog Units
Built simulation executable D:/cd/TT FPGA/project/tuan 1/full_subtractor_4bit_using_full_adder_1bit/tb_isim_beh.exe
Fuse Memory Usage: 27980 KB
Fuse CPU Usage: 249 ms
