
****** PlanAhead v14.7 (64-bit)
  **** Build 321239 by xbuild on Fri Sep 27 19:29:51 MDT 2013
    ** Copyright 1986-1999, 2001-2013 Xilinx, Inc. All Rights Reserved.

INFO: [Common 17-78] Attempting to get a license: PlanAhead
INFO: [Common 17-290] Got license for PlanAhead
INFO: [Device 21-36] Loading parts and site information from D:/xilinx/14.7/ISE_DS/PlanAhead/data/parts/arch.xml
Parsing RTL primitives file [D:/xilinx/14.7/ISE_DS/PlanAhead/data/parts/xilinx/rtl/prims/rtl_prims.xml]
Finished parsing RTL primitives file [D:/xilinx/14.7/ISE_DS/PlanAhead/data/parts/xilinx/rtl/prims/rtl_prims.xml]
start_gui
source {D:/cd/thiet ke he thong va vi mach/PONG CHU/XlLlNX SPARTAN-3 SPECIFIC MEMORY/project 2/BRAM_BASED_FIFO/pa.fromHdl.tcl}
# create_project -name BRAM_BASED_FIFO -dir "D:/cd/thiet ke he thong va vi mach/PONG CHU/XlLlNX SPARTAN-3 SPECIFIC MEMORY/project 2/BRAM_BASED_FIFO/planAhead_run_1" -part xc7a100tcsg324-3
# set_param project.pinAheadLayout yes
# set srcset [get_property srcset [current_run -impl]]
# set_property target_constrs_file "FIFO_BRAM.ucf" [current_fileset -constrset]
Adding file 'D:/cd/thiet ke he thong va vi mach/PONG CHU/XlLlNX SPARTAN-3 SPECIFIC MEMORY/project 2/BRAM_BASED_FIFO/FIFO_BRAM.ucf' to fileset 'constrs_1'
# set hdlfile [add_files [list {Write_CTRL.v}]]
# set_property file_type Verilog $hdlfile
# set_property library work $hdlfile
# set hdlfile [add_files [list {Read_CTRL.v}]]
# set_property file_type Verilog $hdlfile
# set_property library work $hdlfile
# set hdlfile [add_files [list {FIFO_Flag.v}]]
# set_property file_type Verilog $hdlfile
# set_property library work $hdlfile
# set hdlfile [add_files [list {Dual_port_ram.v}]]
# set_property file_type Verilog $hdlfile
# set_property library work $hdlfile
# set hdlfile [add_files [list {FIFO_BRAM.v}]]
# set_property file_type Verilog $hdlfile
# set_property library work $hdlfile
# set_property top FIFO_BRAM $srcset
# add_files [list {FIFO_BRAM.ucf}] -fileset [get_property constrset [current_run]]
# open_rtl_design -part xc7a100tcsg324-3
Using Verific elaboration
Parsing VHDL file "D:/xilinx/14.7/ISE_DS/PlanAhead/data/parts/xilinx/rtl/lib/synplify/synattr.vhd" into library synplify
Analyzing Verilog file "D:/cd/thiet ke he thong va vi mach/PONG CHU/XlLlNX SPARTAN-3 SPECIFIC MEMORY/project 2/BRAM_BASED_FIFO/Write_CTRL.v" into library work
Analyzing Verilog file "D:/cd/thiet ke he thong va vi mach/PONG CHU/XlLlNX SPARTAN-3 SPECIFIC MEMORY/project 2/BRAM_BASED_FIFO/Read_CTRL.v" into library work
Analyzing Verilog file "D:/cd/thiet ke he thong va vi mach/PONG CHU/XlLlNX SPARTAN-3 SPECIFIC MEMORY/project 2/BRAM_BASED_FIFO/FIFO_Flag.v" into library work
Analyzing Verilog file "D:/cd/thiet ke he thong va vi mach/PONG CHU/XlLlNX SPARTAN-3 SPECIFIC MEMORY/project 2/BRAM_BASED_FIFO/Dual_port_ram.v" into library work
Analyzing Verilog file "D:/cd/thiet ke he thong va vi mach/PONG CHU/XlLlNX SPARTAN-3 SPECIFIC MEMORY/project 2/BRAM_BASED_FIFO/FIFO_BRAM.v" into library work
Loading clock regions from D:/xilinx/14.7/ISE_DS/PlanAhead/data\parts/xilinx/artix7/artix7/xc7a100t/ClockRegion.xml
Loading clock buffers from D:/xilinx/14.7/ISE_DS/PlanAhead/data\parts/xilinx/artix7/artix7/xc7a100t/ClockBuffers.xml
Loading clock placement rules from D:/xilinx/14.7/ISE_DS/PlanAhead/data/parts/xilinx/artix7/ClockPlacerRules.xml
Loading package pin functions from D:/xilinx/14.7/ISE_DS/PlanAhead/data\parts/xilinx/artix7/PinFunctions.xml...
Loading package from D:/xilinx/14.7/ISE_DS/PlanAhead/data\parts/xilinx/artix7/artix7/xc7a100t/csg324/Package.xml
Loading io standards from D:/xilinx/14.7/ISE_DS/PlanAhead/data\./parts/xilinx/artix7/IOStandards.xml
Loading device configuration modes from D:/xilinx/14.7/ISE_DS/PlanAhead/data\parts/xilinx/artix7/ConfigModes.xml
Loading list of drcs for the architecture : D:/xilinx/14.7/ISE_DS/PlanAhead/data\./parts/xilinx/artix7/drc.xml
Parsing UCF File [D:/cd/thiet ke he thong va vi mach/PONG CHU/XlLlNX SPARTAN-3 SPECIFIC MEMORY/project 2/BRAM_BASED_FIFO/FIFO_BRAM.ucf]
Finished Parsing UCF File [D:/cd/thiet ke he thong va vi mach/PONG CHU/XlLlNX SPARTAN-3 SPECIFIC MEMORY/project 2/BRAM_BASED_FIFO/FIFO_BRAM.ucf]
INFO: [Project 1-111] Unisim Transformation Summary:
No Unisim elements were transformed.

Phase 0 | Netlist Checksum: 821ec1b8
open_rtl_design: Time (s): elapsed = 00:00:15 . Memory (MB): peak = 592.535 ; gain = 58.750
update_compile_order -fileset sim_1
exit
ERROR: [Common 17-39] 'stop_gui' failed due to earlier errors.
INFO: [Common 17-206] Exiting PlanAhead at Wed Aug 04 22:50:31 2021...
INFO: [Common 17-83] Releasing license: PlanAhead
