Command line:
   tb_isim_beh.exe
     -simmode  gui
     -simrunnum  0
     -socket  54880

Thu Nov 04 18:06:36 2021


 Elaboration Time: 0.28125 sec

 Current Memory Usage: 5163.17 Meg

 Total Signals          : 20
 Total Nets             : 27
 Total Signal Drivers   : 12
 Total Blocks           : 3
 Total Primitive Blocks : 2
 Total Processes        : 16
 Total Traceable Variables  : 25
 Total Scalar Nets and Variables : 121
Total Line Count : 94

 Total Simulation Time: 0.28125 sec

 Current Memory Usage: 4691.31 Meg

Thu Nov 04 18:12:56 2021

