Command line:
   tb_isim_beh.exe
     -simmode  gui
     -simrunnum  0
     -socket  56186

Wed Nov 03 22:37:31 2021


 Elaboration Time: 0.28125 sec

 Current Memory Usage: 5162.52 Meg

 Total Signals          : 16
 Total Nets             : 25
 Total Signal Drivers   : 8
 Total Blocks           : 3
 Total Primitive Blocks : 2
 Total Processes        : 11
 Total Traceable Variables  : 22
 Total Scalar Nets and Variables : 149
Total Line Count : 39

 Total Simulation Time: 0.28125 sec

 Current Memory Usage: 4690.66 Meg

Wed Nov 03 23:00:50 2021

