Command line:
   heartbeat_circuit_tb_isim_beh.exe
     -simmode  gui
     -simrunnum  0
     -socket  53007

Wed May 05 22:04:44 2021


 Elaboration Time: 0.40625 sec

 Current Memory Usage: 5162.6 Meg

 Total Signals          : 15
 Total Nets             : 24
 Total Signal Drivers   : 7
 Total Blocks           : 3
 Total Primitive Blocks : 2
 Total Processes        : 10
 Total Traceable Variables  : 21
 Total Scalar Nets and Variables : 147
Total Line Count : 37

 Total Simulation Time: 0.4375 sec

 Current Memory Usage: 5162.6 Meg

Wed May 05 22:04:53 2021

