Command line:
   eq2_sop_tb_isim_beh.exe
     -simmode  gui
     -simrunnum  0
     -socket  59209

Sun Jul 18 10:57:24 2021


 Elaboration Time: 0.390625 sec

 Current Memory Usage: 5163.14 Meg

 Total Signals          : 21
 Total Nets             : 22
 Total Signal Drivers   : 12
 Total Blocks           : 3
 Total Primitive Blocks : 2
 Total Processes        : 14
 Total Traceable Variables  : 20
 Total Scalar Nets and Variables : 106
Total Line Count : 51

 Total Simulation Time: 0.390625 sec

 Current Memory Usage: 5005.85 Meg

Sun Jul 18 10:58:44 2021

