Command line:
   adder8bit_tb_isim_beh.exe
     -simmode  gui
     -simrunnum  0
     -socket  59579

Thu Jul 22 17:21:21 2021


 Elaboration Time: 0.390625 sec

 Current Memory Usage: 5163.15 Meg

 Total Signals          : 31
 Total Nets             : 40
 Total Signal Drivers   : 12
 Total Blocks           : 5
 Total Primitive Blocks : 3
 Total Processes        : 12
 Total Traceable Variables  : 21
 Total Scalar Nets and Variables : 137
Total Line Count : 34

 Total Simulation Time: 0.390625 sec

 Current Memory Usage: 5163.15 Meg

Thu Jul 22 17:21:36 2021

