Command line:
   debouncing_tb_isim_beh.exe
     -simmode  gui
     -simrunnum  0
     -socket  55716

Mon Aug 02 23:17:34 2021


 Elaboration Time: 0.390625 sec

 Current Memory Usage: 5162.54 Meg

 Total Signals          : 20
 Total Nets             : 23
 Total Signal Drivers   : 12
 Total Blocks           : 3
 Total Primitive Blocks : 2
 Total Processes        : 17
 Total Traceable Variables  : 33
 Total Scalar Nets and Variables : 158
Total Line Count : 94

 Total Simulation Time: 0.390625 sec

 Current Memory Usage: 5005.25 Meg

Mon Aug 02 23:18:37 2021

