Command line:
   mux_2_to_1_tb_isim_beh.exe
     -simmode  gui
     -simrunnum  0
     -socket  55669

Wed Jun 30 00:30:50 2021


 Elaboration Time: 0.40625 sec

 Current Memory Usage: 5162.57 Meg

 Total Signals          : 18
 Total Nets             : 17
 Total Signal Drivers   : 9
 Total Blocks           : 3
 Total Primitive Blocks : 2
 Total Processes        : 11
 Total Traceable Variables  : 21
 Total Scalar Nets and Variables : 100
Total Line Count : 49

 Total Simulation Time: 0.421875 sec

 Current Memory Usage: 5477.14 Meg

Wed Jun 30 00:31:35 2021

