Running: D:\xilinx\14.7\ISE_DS\ISE\bin\nt64\unwrapped\fuse.exe -intstyle ise -incremental -lib unisims_ver -lib unimacro_ver -lib xilinxcorelib_ver -lib secureip -o D:/cd/thiet ke he thong va vi mach/PONG CHU/UART/UART RECEIVING SUBSYSTEM/project 2/UART_RECEIVER_COMPLETE/UART_comp_tb_isim_beh.exe -prj D:/cd/thiet ke he thong va vi mach/PONG CHU/UART/UART RECEIVING SUBSYSTEM/project 2/UART_RECEIVER_COMPLETE/UART_comp_tb_beh.prj work.UART_comp_tb work.glbl 
ISim P.20131013 (signature 0x7708f090)
Number of CPUs detected in this system: 8
Turning on mult-threading, number of parallel sub-compilation jobs: 16 
Determining compilation order of HDL files
Analyzing Verilog file "D:/cd/thiet ke he thong va vi mach/PONG CHU/UART/UART RECEIVING SUBSYSTEM/project 2/UART_RECEIVER_COMPLETE/UART_receiver.v" into library work
Analyzing Verilog file "D:/cd/thiet ke he thong va vi mach/PONG CHU/UART/UART RECEIVING SUBSYSTEM/project 2/UART_RECEIVER_COMPLETE/FIFO_rx.v" into library work
Analyzing Verilog file "D:/cd/thiet ke he thong va vi mach/PONG CHU/UART/UART RECEIVING SUBSYSTEM/project 2/UART_RECEIVER_COMPLETE/Baud_rate_generator.v" into library work
Analyzing Verilog file "D:/cd/thiet ke he thong va vi mach/PONG CHU/UART/UART RECEIVING SUBSYSTEM/project 2/UART_RECEIVER_COMPLETE/UART_comp.v" into library work
Analyzing Verilog file "D:/cd/thiet ke he thong va vi mach/PONG CHU/UART/UART RECEIVING SUBSYSTEM/project 2/UART_RECEIVER_COMPLETE/UART_comp_tb.v" into library work
Analyzing Verilog file "D:/xilinx/14.7/ISE_DS/ISE//verilog/src/glbl.v" into library work
Starting static elaboration
Completed static elaboration
Compiling module Baud_rate(N=3,M=5)
Compiling module UART_receiver
Compiling module FIFO_rx(w=8,s=4)
Compiling module UART_comp
Compiling module UART_comp_tb
Compiling module glbl
Time Resolution for simulation is 1ps.
Waiting for 1 sub-compilation(s) to finish...
Compiled 6 Verilog Units
Built simulation executable D:/cd/thiet ke he thong va vi mach/PONG CHU/UART/UART RECEIVING SUBSYSTEM/project 2/UART_RECEIVER_COMPLETE/UART_comp_tb_isim_beh.exe
Fuse Memory Usage: 28408 KB
Fuse CPU Usage: 421 ms
