Release 14.7 - xst P.20131013 (nt64)
Copyright (c) 1995-2013 Xilinx, Inc.  All rights reserved.
--> Parameter TMPDIR set to xst/projnav.tmp


Total REAL time to Xst completion: 0.00 secs
Total CPU time to Xst completion: 0.10 secs
 
--> Parameter xsthdpdir set to xst


Total REAL time to Xst completion: 0.00 secs
Total CPU time to Xst completion: 0.11 secs
 
--> Reading design: UART_comp.prj

TABLE OF CONTENTS
  1) Synthesis Options Summary
  2) HDL Parsing
  3) HDL Elaboration
  4) HDL Synthesis
       4.1) HDL Synthesis Report
  5) Advanced HDL Synthesis
       5.1) Advanced HDL Synthesis Report
  6) Low Level Synthesis
  7) Partition Report
  8) Design Summary
       8.1) Primitive and Black Box Usage
       8.2) Device utilization summary
       8.3) Partition Resource Summary
       8.4) Timing Report
            8.4.1) Clock Information
            8.4.2) Asynchronous Control Signals Information
            8.4.3) Timing Summary
            8.4.4) Timing Details
            8.4.5) Cross Clock Domains Report


=========================================================================
*                      Synthesis Options Summary                        *
=========================================================================
---- Source Parameters
Input File Name                    : "UART_comp.prj"
Ignore Synthesis Constraint File   : NO

---- Target Parameters
Output File Name                   : "UART_comp"
Output Format                      : NGC
Target Device                      : xc7a100t-3-csg324

---- Source Options
Top Module Name                    : UART_comp
Automatic FSM Extraction           : YES
FSM Encoding Algorithm             : Auto
Safe Implementation                : No
FSM Style                          : LUT
RAM Extraction                     : Yes
RAM Style                          : Auto
ROM Extraction                     : Yes
Shift Register Extraction          : YES
ROM Style                          : Auto
Resource Sharing                   : YES
Asynchronous To Synchronous        : NO
Shift Register Minimum Size        : 2
Use DSP Block                      : Auto
Automatic Register Balancing       : No

---- Target Options
LUT Combining                      : Auto
Reduce Control Sets                : Auto
Add IO Buffers                     : YES
Global Maximum Fanout              : 100000
Add Generic Clock Buffer(BUFG)     : 32
Register Duplication               : YES
Optimize Instantiated Primitives   : NO
Use Clock Enable                   : Auto
Use Synchronous Set                : Auto
Use Synchronous Reset              : Auto
Pack IO Registers into IOBs        : Auto
Equivalent register Removal        : YES

---- General Options
Optimization Goal                  : Speed
Optimization Effort                : 1
Power Reduction                    : NO
Keep Hierarchy                     : No
Netlist Hierarchy                  : As_Optimized
RTL Output                         : Yes
Global Optimization                : AllClockNets
Read Cores                         : YES
Write Timing Constraints           : NO
Cross Clock Analysis               : NO
Hierarchy Separator                : /
Bus Delimiter                      : <>
Case Specifier                     : Maintain
Slice Utilization Ratio            : 100
BRAM Utilization Ratio             : 100
DSP48 Utilization Ratio            : 100
Auto BRAM Packing                  : NO
Slice Utilization Ratio Delta      : 5

=========================================================================


=========================================================================
*                          HDL Parsing                                  *
=========================================================================
Analyzing Verilog file "D:\cd\thiet ke he thong va vi mach\PONG CHU\UART\UART RECEIVING SUBSYSTEM\project 2\UART_RECEIVER_COMPLETE\UART_receiver.v" into library work
Parsing module <UART_receiver>.
Analyzing Verilog file "D:\cd\thiet ke he thong va vi mach\PONG CHU\UART\UART RECEIVING SUBSYSTEM\project 2\UART_RECEIVER_COMPLETE\FIFO_rx.v" into library work
Parsing module <FIFO_rx>.
Analyzing Verilog file "D:\cd\thiet ke he thong va vi mach\PONG CHU\UART\UART RECEIVING SUBSYSTEM\project 2\UART_RECEIVER_COMPLETE\Baud_rate_generator.v" into library work
Parsing module <Baud_rate>.
Analyzing Verilog file "D:\cd\thiet ke he thong va vi mach\PONG CHU\UART\UART RECEIVING SUBSYSTEM\project 2\UART_RECEIVER_COMPLETE\UART_comp.v" into library work
Parsing module <UART_comp>.

=========================================================================
*                            HDL Elaboration                            *
=========================================================================

Elaborating module <UART_comp>.

Elaborating module <Baud_rate(N=3,M=5)>.

Elaborating module <UART_receiver>.

Elaborating module <FIFO_rx(w=8,s=4)>.
WARNING:HDLCompiler:552 - "D:\cd\thiet ke he thong va vi mach\PONG CHU\UART\UART RECEIVING SUBSYSTEM\project 2\UART_RECEIVER_COMPLETE\UART_comp.v" Line 35: Input port rd is not connected on this instance

=========================================================================
*                           HDL Synthesis                               *
=========================================================================

Synthesizing Unit <UART_comp>.
    Related source file is "D:\cd\thiet ke he thong va vi mach\PONG CHU\UART\UART RECEIVING SUBSYSTEM\project 2\UART_RECEIVER_COMPLETE\UART_comp.v".
        w = 8
        s = 4
        N = 3
        M = 5
WARNING:Xst:2898 - Port 'rd', unconnected in block instance 'F', is tied to GND.
INFO:Xst:3210 - "D:\cd\thiet ke he thong va vi mach\PONG CHU\UART\UART RECEIVING SUBSYSTEM\project 2\UART_RECEIVER_COMPLETE\UART_comp.v" line 35: Output port <r> of the instance <F> is unconnected or connected to loadless signal.
    Summary:
	no macro.
Unit <UART_comp> synthesized.

Synthesizing Unit <Baud_rate>.
    Related source file is "D:\cd\thiet ke he thong va vi mach\PONG CHU\UART\UART RECEIVING SUBSYSTEM\project 2\UART_RECEIVER_COMPLETE\Baud_rate_generator.v".
        N = 3
        M = 5
    Found 3-bit register for signal <q>.
    Found 3-bit adder for signal <q[2]_GND_2_o_add_1_OUT> created at line 39.
    Summary:
	inferred   1 Adder/Subtractor(s).
	inferred   3 D-type flip-flop(s).
	inferred   1 Multiplexer(s).
Unit <Baud_rate> synthesized.

Synthesizing Unit <UART_receiver>.
    Related source file is "D:\cd\thiet ke he thong va vi mach\PONG CHU\UART\UART RECEIVING SUBSYSTEM\project 2\UART_RECEIVER_COMPLETE\UART_receiver.v".
    Found 2-bit register for signal <current_state>.
    Found 4-bit register for signal <r_count>.
    Found 8-bit register for signal <r_dout>.
    Found 2-bit register for signal <next_state>.
    Found 3-bit register for signal <r_check_8bit>.
    Found 1-bit register for signal <r_rx_ctrl>.
    Found 1-bit register for signal <r_rx_data>.
    Found 3-bit adder for signal <r_check_8bit[2]_GND_3_o_add_17_OUT> created at line 103.
    Found 4-bit adder for signal <r_count[3]_GND_3_o_add_20_OUT> created at line 109.
    Found 4-bit 3-to-1 multiplexer for signal <current_state[1]_r_count[3]_wide_mux_35_OUT> created at line 58.
    Found 2-bit 4-to-1 multiplexer for signal <current_state[1]_next_state[1]_wide_mux_37_OUT> created at line 58.
    Summary:
	inferred   2 Adder/Subtractor(s).
	inferred  21 D-type flip-flop(s).
	inferred  22 Multiplexer(s).
Unit <UART_receiver> synthesized.

Synthesizing Unit <FIFO_rx>.
    Related source file is "D:\cd\thiet ke he thong va vi mach\PONG CHU\UART\UART RECEIVING SUBSYSTEM\project 2\UART_RECEIVER_COMPLETE\FIFO_rx.v".
        w = 8
        s = 4
WARNING:Xst:3015 - Contents of array <mem> may be accessed with an index that does not cover the full array size or with a negative index. The RAM size is reduced to the index upper access or for only positive index values.
    Found 16x8-bit dual-port RAM <Mram_mem> for signal <mem>.
    Found 4-bit register for signal <wpt>.
    Found 1-bit register for signal <empty>.
    Found 1-bit register for signal <full>.
    Found 5-bit adder for signal <_n0070> created at line 55.
    Summary:
	inferred   1 RAM(s).
	inferred   1 Adder/Subtractor(s).
	inferred   6 D-type flip-flop(s).
	inferred   6 Multiplexer(s).
Unit <FIFO_rx> synthesized.

=========================================================================
HDL Synthesis Report

Macro Statistics
# RAMs                                                 : 1
 16x8-bit dual-port RAM                                : 1
# Adders/Subtractors                                   : 4
 3-bit adder                                           : 2
 4-bit adder                                           : 1
 5-bit adder                                           : 1
# Registers                                            : 11
 1-bit register                                        : 4
 2-bit register                                        : 2
 3-bit register                                        : 2
 4-bit register                                        : 2
 8-bit register                                        : 1
# Multiplexers                                         : 29
 1-bit 2-to-1 multiplexer                              : 14
 2-bit 2-to-1 multiplexer                              : 5
 2-bit 4-to-1 multiplexer                              : 1
 3-bit 2-to-1 multiplexer                              : 3
 4-bit 2-to-1 multiplexer                              : 5
 4-bit 3-to-1 multiplexer                              : 1

=========================================================================

=========================================================================
*                       Advanced HDL Synthesis                          *
=========================================================================


Synthesizing (advanced) Unit <Baud_rate>.
The following registers are absorbed into counter <q>: 1 register on signal <q>.
Unit <Baud_rate> synthesized (advanced).

=========================================================================
Advanced HDL Synthesis Report

Macro Statistics
# Adders/Subtractors                                   : 3
 3-bit adder                                           : 1
 4-bit adder                                           : 1
 5-bit adder                                           : 1
# Counters                                             : 1
 3-bit up counter                                      : 1
# Registers                                            : 27
 Flip-Flops                                            : 27
# Multiplexers                                         : 26
 1-bit 2-to-1 multiplexer                              : 12
 2-bit 2-to-1 multiplexer                              : 5
 2-bit 4-to-1 multiplexer                              : 1
 3-bit 2-to-1 multiplexer                              : 2
 4-bit 2-to-1 multiplexer                              : 5
 4-bit 3-to-1 multiplexer                              : 1

=========================================================================

=========================================================================
*                         Low Level Synthesis                           *
=========================================================================
WARNING:Xst:3001 - This design contains one or more registers or latches with an active
   asynchronous set and asynchronous reset. While this circuit can be built,
   it creates a sub-optimal implementation in terms of area, power and
   performance. For a more optimal implementation Xilinx highly recommends
   one of the following:

          1) Remove either the set or reset from all registers and latches if
             not needed for required functionality
          2) Modify the code in order to produce a synchronous set
             and/or reset (both is preferred)
          3) Use the -async_to_sync option to transform the asynchronous
             set/reset to synchronous operation
             (timing simulation highly recommended when using this option)

  Please refer to http://www.xilinx.com search string "Artix7 asynchronous set/reset" for more details.

  List of register instances with asynchronous set and reset:
    full in unit <FIFO_rx>
    empty in unit <FIFO_rx>


Optimizing unit <UART_comp> ...

Optimizing unit <UART_receiver> ...

Optimizing unit <FIFO_rx> ...
WARNING:Xst:1710 - FF/Latch <full> (without init value) has a constant value of 0 in block <FIFO_rx>. This FF/Latch will be trimmed during the optimization process.
WARNING:Xst:2677 - Node <wpt_0> of sequential type is unconnected in block <FIFO_rx>.
WARNING:Xst:2677 - Node <wpt_1> of sequential type is unconnected in block <FIFO_rx>.
WARNING:Xst:2677 - Node <wpt_2> of sequential type is unconnected in block <FIFO_rx>.
WARNING:Xst:2677 - Node <wpt_3> of sequential type is unconnected in block <FIFO_rx>.
WARNING:Xst:1710 - FF/Latch <full> (without init value) has a constant value of 0 in block <FIFO_rx>. This FF/Latch will be trimmed during the optimization process.
WARNING:Xst:2677 - Node <wpt_0> of sequential type is unconnected in block <FIFO_rx>.
WARNING:Xst:2677 - Node <wpt_1> of sequential type is unconnected in block <FIFO_rx>.
WARNING:Xst:2677 - Node <wpt_2> of sequential type is unconnected in block <FIFO_rx>.
WARNING:Xst:2677 - Node <wpt_3> of sequential type is unconnected in block <FIFO_rx>.

Mapping all equations...
Building and optimizing final netlist ...
Found area constraint ratio of 100 (+ 5) on block UART_comp, actual ratio is 0.

Final Macro Processing ...

=========================================================================
Final Register Report

Macro Statistics
# Registers                                            : 25
 Flip-Flops                                            : 25

=========================================================================

=========================================================================
*                           Partition Report                            *
=========================================================================

Partition Implementation Status
-------------------------------

  No Partitions were found in this design.

-------------------------------

=========================================================================
*                            Design Summary                             *
=========================================================================

Top Level Output File Name         : UART_comp.ngc

Primitive and Black Box Usage:
------------------------------
# BELS                             : 43
#      GND                         : 1
#      LUT2                        : 2
#      LUT3                        : 6
#      LUT4                        : 6
#      LUT5                        : 3
#      LUT6                        : 24
#      MUXF7                       : 1
# FlipFlops/Latches                : 25
#      FD                          : 9
#      FDC                         : 5
#      FDE                         : 10
#      FDPE                        : 1
# Clock Buffers                    : 1
#      BUFGP                       : 1
# IO Buffers                       : 14
#      IBUF                        : 2
#      OBUF                        : 12

Device utilization summary:
---------------------------

Selected Device : 7a100tcsg324-3 


Slice Logic Utilization: 
 Number of Slice Registers:              24  out of  126800     0%  
 Number of Slice LUTs:                   41  out of  63400     0%  
    Number used as Logic:                41  out of  63400     0%  

Slice Logic Distribution: 
 Number of LUT Flip Flop pairs used:     44
   Number with an unused Flip Flop:      20  out of     44    45%  
   Number with an unused LUT:             3  out of     44     6%  
   Number of fully used LUT-FF pairs:    21  out of     44    47%  
   Number of unique control sets:         5

IO Utilization: 
 Number of IOs:                          15
 Number of bonded IOBs:                  15  out of    210     7%  
    IOB Flip Flops/Latches:               1

Specific Feature Utilization:
 Number of BUFG/BUFGCTRLs:                1  out of     32     3%  

---------------------------
Partition Resource Summary:
---------------------------

  No Partitions were found in this design.

---------------------------


=========================================================================
Timing Report

NOTE: THESE TIMING NUMBERS ARE ONLY A SYNTHESIS ESTIMATE.
      FOR ACCURATE TIMING INFORMATION PLEASE REFER TO THE TRACE REPORT
      GENERATED AFTER PLACE-and-ROUTE.

Clock Information:
------------------
-----------------------------------+------------------------+-------+
Clock Signal                       | Clock buffer(FF name)  | Load  |
-----------------------------------+------------------------+-------+
clk                                | BUFGP                  | 24    |
R/r_rx_ctrl                        | NONE(F/empty)          | 1     |
-----------------------------------+------------------------+-------+
INFO:Xst:2169 - HDL ADVISOR - Some clock signals were not automatically buffered by XST with BUFG/BUFR resources. Please use the buffer_type constraint in order to insert these buffers to the clock signals to help prevent skew problems.

Asynchronous Control Signals Information:
----------------------------------------
No asynchronous control signals found in this design

Timing Summary:
---------------
Speed Grade: -3

   Minimum period: 1.884ns (Maximum Frequency: 530.701MHz)
   Minimum input arrival time before clock: 0.652ns
   Maximum output required time after clock: 1.309ns
   Maximum combinational path delay: No path found

Timing Details:
---------------
All values displayed in nanoseconds (ns)

=========================================================================
Timing constraint: Default period analysis for Clock 'clk'
  Clock period: 1.884ns (frequency: 530.701MHz)
  Total number of paths / destination ports: 260 / 33
-------------------------------------------------------------------------
Delay:               1.884ns (Levels of Logic = 2)
  Source:            B/q_2 (FF)
  Destination:       R/r_check_8bit_2 (FF)
  Source Clock:      clk rising
  Destination Clock: clk rising

  Data Path: B/q_2 to R/r_check_8bit_2
                                Gate     Net
    Cell:in->out      fanout   Delay   Delay  Logical Name (Net Name)
    ----------------------------------------  ------------
     FDC:C->Q              5   0.361   0.530  B/q_2 (B/q_2)
     LUT3:I0->O           10   0.097   0.421  B/_n0021<2>1 (s_tick_OBUF)
     LUT5:I3->O            2   0.097   0.283  R/_n0121_inv1 (R/_n0121_inv)
     FDE:CE                    0.095          R/r_check_8bit_1
    ----------------------------------------
    Total                      1.884ns (0.650ns logic, 1.234ns route)
                                       (34.5% logic, 65.5% route)

=========================================================================
Timing constraint: Default OFFSET IN BEFORE for Clock 'clk'
  Total number of paths / destination ports: 6 / 6
-------------------------------------------------------------------------
Offset:              0.652ns (Levels of Logic = 1)
  Source:            reset (PAD)
  Destination:       B/q_0 (FF)
  Destination Clock: clk rising

  Data Path: reset to B/q_0
                                Gate     Net
    Cell:in->out      fanout   Delay   Delay  Logical Name (Net Name)
    ----------------------------------------  ------------
     IBUF:I->O             6   0.001   0.302  reset_IBUF (reset_IBUF)
     FDC:CLR                   0.349          B/q_0
    ----------------------------------------
    Total                      0.652ns (0.350ns logic, 0.302ns route)
                                       (53.6% logic, 46.4% route)

=========================================================================
Timing constraint: Default OFFSET IN BEFORE for Clock 'R/r_rx_ctrl'
  Total number of paths / destination ports: 1 / 1
-------------------------------------------------------------------------
Offset:              0.652ns (Levels of Logic = 1)
  Source:            reset (PAD)
  Destination:       F/empty (FF)
  Destination Clock: R/r_rx_ctrl rising

  Data Path: reset to F/empty
                                Gate     Net
    Cell:in->out      fanout   Delay   Delay  Logical Name (Net Name)
    ----------------------------------------  ------------
     IBUF:I->O             6   0.001   0.302  reset_IBUF (reset_IBUF)
     FDPE:PRE                  0.349          F/empty
    ----------------------------------------
    Total                      0.652ns (0.350ns logic, 0.302ns route)
                                       (53.6% logic, 46.4% route)

=========================================================================
Timing constraint: Default OFFSET OUT AFTER for Clock 'clk'
  Total number of paths / destination ports: 12 / 10
-------------------------------------------------------------------------
Offset:              1.309ns (Levels of Logic = 2)
  Source:            B/q_2 (FF)
  Destination:       s_tick (PAD)
  Source Clock:      clk rising

  Data Path: B/q_2 to s_tick
                                Gate     Net
    Cell:in->out      fanout   Delay   Delay  Logical Name (Net Name)
    ----------------------------------------  ------------
     FDC:C->Q              5   0.361   0.530  B/q_2 (B/q_2)
     LUT3:I0->O           10   0.097   0.321  B/_n0021<2>1 (s_tick_OBUF)
     OBUF:I->O                 0.000          s_tick_OBUF (s_tick)
    ----------------------------------------
    Total                      1.309ns (0.458ns logic, 0.851ns route)
                                       (35.0% logic, 65.0% route)

=========================================================================
Timing constraint: Default OFFSET OUT AFTER for Clock 'R/r_rx_ctrl'
  Total number of paths / destination ports: 1 / 1
-------------------------------------------------------------------------
Offset:              0.640ns (Levels of Logic = 1)
  Source:            F/empty (FF)
  Destination:       empty (PAD)
  Source Clock:      R/r_rx_ctrl rising

  Data Path: F/empty to empty
                                Gate     Net
    Cell:in->out      fanout   Delay   Delay  Logical Name (Net Name)
    ----------------------------------------  ------------
     FDPE:C->Q             1   0.361   0.279  F/empty (F/empty)
     OBUF:I->O                 0.000          empty_OBUF (empty)
    ----------------------------------------
    Total                      0.640ns (0.361ns logic, 0.279ns route)
                                       (56.4% logic, 43.6% route)

=========================================================================

Cross Clock Domains Report:
--------------------------

Clock to Setup on destination clock R/r_rx_ctrl
---------------+---------+---------+---------+---------+
               | Src:Rise| Src:Fall| Src:Rise| Src:Fall|
Source Clock   |Dest:Rise|Dest:Rise|Dest:Fall|Dest:Fall|
---------------+---------+---------+---------+---------+
clk            |    0.749|         |         |         |
---------------+---------+---------+---------+---------+

Clock to Setup on destination clock clk
---------------+---------+---------+---------+---------+
               | Src:Rise| Src:Fall| Src:Rise| Src:Fall|
Source Clock   |Dest:Rise|Dest:Rise|Dest:Fall|Dest:Fall|
---------------+---------+---------+---------+---------+
clk            |    1.884|         |         |         |
---------------+---------+---------+---------+---------+

=========================================================================


Total REAL time to Xst completion: 7.00 secs
Total CPU time to Xst completion: 7.19 secs
 
--> 

Total memory usage is 4617912 kilobytes

Number of errors   :    0 (   0 filtered)
Number of warnings :   14 (   0 filtered)
Number of infos    :    2 (   0 filtered)

