Command line:
   tb_isim_beh.exe
     -simmode  gui
     -simrunnum  0
     -socket  63316

Thu Nov 18 20:08:48 2021


 Elaboration Time: 0.28125 sec

 Current Memory Usage: 5163.16 Meg

 Total Signals          : 23
 Total Nets             : 27
 Total Signal Drivers   : 11
 Total Blocks           : 5
 Total Primitive Blocks : 3
 Total Processes        : 15
 Total Traceable Variables  : 23
 Total Scalar Nets and Variables : 151
Total Line Count : 44

 Total Simulation Time: 0.28125 sec

 Current Memory Usage: 5477.73 Meg

Thu Nov 18 20:09:22 2021

