Release 14.7 - xst P.20131013 (nt64)
Copyright (c) 1995-2013 Xilinx, Inc.  All rights reserved.
--> Parameter TMPDIR set to xst/projnav.tmp


Total REAL time to Xst completion: 0.00 secs
Total CPU time to Xst completion: 0.10 secs
 
--> Parameter xsthdpdir set to xst


Total REAL time to Xst completion: 0.00 secs
Total CPU time to Xst completion: 0.10 secs
 
--> Reading design: UART_RX.prj

TABLE OF CONTENTS
  1) Synthesis Options Summary
  2) HDL Compilation
  3) Design Hierarchy Analysis
  4) HDL Analysis
  5) HDL Synthesis
     5.1) HDL Synthesis Report
  6) Advanced HDL Synthesis
     6.1) Advanced HDL Synthesis Report
  7) Low Level Synthesis
  8) Partition Report
  9) Final Report
	9.1) Device utilization summary
	9.2) Partition Resource Summary
	9.3) TIMING REPORT


=========================================================================
*                      Synthesis Options Summary                        *
=========================================================================
---- Source Parameters
Input File Name                    : "UART_RX.prj"
Input Format                       : mixed
Ignore Synthesis Constraint File   : NO

---- Target Parameters
Output File Name                   : "UART_RX"
Output Format                      : NGC
Target Device                      : xc3s500e-4-ft256

---- Source Options
Top Module Name                    : UART_RX
Automatic FSM Extraction           : YES
FSM Encoding Algorithm             : Auto
Safe Implementation                : No
FSM Style                          : LUT
RAM Extraction                     : Yes
RAM Style                          : Auto
ROM Extraction                     : Yes
Mux Style                          : Auto
Decoder Extraction                 : YES
Priority Encoder Extraction        : Yes
Shift Register Extraction          : YES
Logical Shifter Extraction         : YES
XOR Collapsing                     : YES
ROM Style                          : Auto
Mux Extraction                     : Yes
Resource Sharing                   : YES
Asynchronous To Synchronous        : NO
Multiplier Style                   : Auto
Automatic Register Balancing       : No

---- Target Options
Add IO Buffers                     : YES
Global Maximum Fanout              : 100000
Add Generic Clock Buffer(BUFG)     : 24
Register Duplication               : YES
Slice Packing                      : YES
Optimize Instantiated Primitives   : NO
Use Clock Enable                   : Yes
Use Synchronous Set                : Yes
Use Synchronous Reset              : Yes
Pack IO Registers into IOBs        : Auto
Equivalent register Removal        : YES

---- General Options
Optimization Goal                  : Speed
Optimization Effort                : 1
Keep Hierarchy                     : No
Netlist Hierarchy                  : As_Optimized
RTL Output                         : Yes
Global Optimization                : AllClockNets
Read Cores                         : YES
Write Timing Constraints           : NO
Cross Clock Analysis               : NO
Hierarchy Separator                : /
Bus Delimiter                      : <>
Case Specifier                     : Maintain
Slice Utilization Ratio            : 100
BRAM Utilization Ratio             : 100
Verilog 2001                       : YES
Auto BRAM Packing                  : NO
Slice Utilization Ratio Delta      : 5

=========================================================================


=========================================================================
*                          HDL Compilation                              *
=========================================================================
Compiling verilog file "ba.v" in library work
Module <UART_RX> compiled
No errors in compilation
Analysis of file <"UART_RX.prj"> succeeded.
 

=========================================================================
*                     Design Hierarchy Analysis                         *
=========================================================================
Analyzing hierarchy for module <UART_RX> in library <work> with parameters.
	CLEANUP = "100"
	CLKS_PER_BIT = "00000000000000000000000011011001"
	IDLE = "000"
	RX_DATA_BITS = "010"
	RX_START_BIT = "001"
	RX_STOP_BIT = "011"


=========================================================================
*                            HDL Analysis                               *
=========================================================================
Analyzing top module <UART_RX>.
	CLEANUP = 3'b100
	CLKS_PER_BIT = 32'sb00000000000000000000000011011001
	IDLE = 3'b000
	RX_DATA_BITS = 3'b010
	RX_START_BIT = 3'b001
	RX_STOP_BIT = 3'b011
Module <UART_RX> is correct for synthesis.
 

=========================================================================
*                           HDL Synthesis                               *
=========================================================================

Performing bidirectional port resolution...

Synthesizing Unit <UART_RX>.
    Related source file is "ba.v".
    Found finite state machine <FSM_0> for signal <r_SM_Main>.
    -----------------------------------------------------------------------
    | States             | 5                                              |
    | Transitions        | 11                                             |
    | Inputs             | 4                                              |
    | Outputs            | 6                                              |
    | Clock              | i_Clock                   (rising_edge)        |
    | Power Up State     | 000                                            |
    | Encoding           | automatic                                      |
    | Implementation     | LUT                                            |
    -----------------------------------------------------------------------
    Found 3-bit register for signal <r_Bit_Index>.
    Found 3-bit adder for signal <r_Bit_Index$addsub0000> created at line 85.
    Found 8-bit register for signal <r_Clock_Count>.
    Found 8-bit adder for signal <r_Clock_Count$share0000> created at line 35.
    Found 8-bit register for signal <r_RX_Byte>.
    Found 1-bit register for signal <r_RX_DV>.
    Found 8-bit comparator less for signal <r_SM_Main$cmp_lt0000> created at line 72.
    Found 3-bit comparator less for signal <r_SM_Main$cmp_lt0001> created at line 83.
    Summary:
	inferred   1 Finite State Machine(s).
	inferred  20 D-type flip-flop(s).
	inferred   2 Adder/Subtractor(s).
	inferred   2 Comparator(s).
Unit <UART_RX> synthesized.

INFO:Xst:1767 - HDL ADVISOR - Resource sharing has identified that some arithmetic operations in this design can share the same physical resources for reduced device utilization. For improved clock frequency you may try to disable resource sharing.

=========================================================================
HDL Synthesis Report

Macro Statistics
# Adders/Subtractors                                   : 2
 3-bit adder                                           : 1
 8-bit adder                                           : 1
# Registers                                            : 11
 1-bit register                                        : 9
 3-bit register                                        : 1
 8-bit register                                        : 1
# Comparators                                          : 2
 3-bit comparator less                                 : 1
 8-bit comparator less                                 : 1

=========================================================================

=========================================================================
*                       Advanced HDL Synthesis                          *
=========================================================================

Analyzing FSM <FSM_0> for best encoding.
Optimizing FSM <r_SM_Main/FSM> on signal <r_SM_Main[1:3]> with gray encoding.
-------------------
 State | Encoding
-------------------
 000   | 000
 001   | 001
 010   | 011
 011   | 010
 100   | 110
-------------------

=========================================================================
Advanced HDL Synthesis Report

Macro Statistics
# FSMs                                                 : 1
# Adders/Subtractors                                   : 2
 3-bit adder                                           : 1
 8-bit adder                                           : 1
# Registers                                            : 20
 Flip-Flops                                            : 20
# Comparators                                          : 2
 3-bit comparator less                                 : 1
 8-bit comparator less                                 : 1

=========================================================================

=========================================================================
*                         Low Level Synthesis                           *
=========================================================================

Optimizing unit <UART_RX> ...

Mapping all equations...
Building and optimizing final netlist ...
Found area constraint ratio of 100 (+ 5) on block UART_RX, actual ratio is 0.

Final Macro Processing ...

=========================================================================
Final Register Report

Macro Statistics
# Registers                                            : 23
 Flip-Flops                                            : 23

=========================================================================

=========================================================================
*                           Partition Report                            *
=========================================================================

Partition Implementation Status
-------------------------------

  No Partitions were found in this design.

-------------------------------

=========================================================================
*                            Final Report                               *
=========================================================================
Final Results
RTL Top Level Output File Name     : UART_RX.ngr
Top Level Output File Name         : UART_RX
Output Format                      : NGC
Optimization Goal                  : Speed
Keep Hierarchy                     : No

Design Statistics
# IOs                              : 11

Cell Usage :
# BELS                             : 60
#      GND                         : 1
#      LUT2                        : 5
#      LUT2_D                      : 3
#      LUT2_L                      : 3
#      LUT3                        : 4
#      LUT3_D                      : 2
#      LUT3_L                      : 1
#      LUT4                        : 32
#      LUT4_D                      : 3
#      LUT4_L                      : 3
#      MUXF5                       : 3
# FlipFlops/Latches                : 23
#      FD                          : 13
#      FDE                         : 8
#      FDS                         : 2
# Clock Buffers                    : 1
#      BUFGP                       : 1
# IO Buffers                       : 10
#      IBUF                        : 1
#      OBUF                        : 9
=========================================================================

Device utilization summary:
---------------------------

Selected Device : 3s500eft256-4 

 Number of Slices:                       30  out of   4656     0%  
 Number of Slice Flip Flops:             23  out of   9312     0%  
 Number of 4 input LUTs:                 56  out of   9312     0%  
 Number of IOs:                          11
 Number of bonded IOBs:                  11  out of    190     5%  
 Number of GCLKs:                         1  out of     24     4%  

---------------------------
Partition Resource Summary:
---------------------------

  No Partitions were found in this design.

---------------------------


=========================================================================
TIMING REPORT

NOTE: THESE TIMING NUMBERS ARE ONLY A SYNTHESIS ESTIMATE.
      FOR ACCURATE TIMING INFORMATION PLEASE REFER TO THE TRACE REPORT
      GENERATED AFTER PLACE-and-ROUTE.

Clock Information:
------------------
-----------------------------------+------------------------+-------+
Clock Signal                       | Clock buffer(FF name)  | Load  |
-----------------------------------+------------------------+-------+
i_Clock                            | BUFGP                  | 23    |
-----------------------------------+------------------------+-------+

Asynchronous Control Signals Information:
----------------------------------------
No asynchronous control signals found in this design

Timing Summary:
---------------
Speed Grade: -4

   Minimum period: 5.920ns (Maximum Frequency: 168.919MHz)
   Minimum input arrival time before clock: 4.984ns
   Maximum output required time after clock: 4.310ns
   Maximum combinational path delay: No path found

Timing Detail:
--------------
All values displayed in nanoseconds (ns)

=========================================================================
Timing constraint: Default period analysis for Clock 'i_Clock'
  Clock period: 5.920ns (frequency: 168.919MHz)
  Total number of paths / destination ports: 454 / 25
-------------------------------------------------------------------------
Delay:               5.920ns (Levels of Logic = 3)
  Source:            r_Clock_Count_4 (FF)
  Destination:       r_RX_Byte_0 (FF)
  Source Clock:      i_Clock rising
  Destination Clock: i_Clock rising

  Data Path: r_Clock_Count_4 to r_RX_Byte_0
                                Gate     Net
    Cell:in->out      fanout   Delay   Delay  Logical Name (Net Name)
    ----------------------------------------  ------------
     FD:C->Q              10   0.591   1.057  r_Clock_Count_4 (r_Clock_Count_4)
     LUT2:I0->O            1   0.704   0.424  r_SM_Main_cmp_lt00001_SW0 (N111)
     LUT4_D:I3->O          8   0.704   0.761  r_SM_Main_cmp_lt00001 (r_SM_Main_cmp_lt0000)
     LUT4:I3->O            1   0.704   0.420  r_RX_Byte_7_not00011 (r_RX_Byte_7_not0001)
     FDE:CE                    0.555          r_RX_Byte_7
    ----------------------------------------
    Total                      5.920ns (3.258ns logic, 2.662ns route)
                                       (55.0% logic, 45.0% route)

=========================================================================
Timing constraint: Default OFFSET IN BEFORE for Clock 'i_Clock'
  Total number of paths / destination ports: 18 / 18
-------------------------------------------------------------------------
Offset:              4.984ns (Levels of Logic = 4)
  Source:            i_RX_Serial (PAD)
  Destination:       r_Clock_Count_0 (FF)
  Destination Clock: i_Clock rising

  Data Path: i_RX_Serial to r_Clock_Count_0
                                Gate     Net
    Cell:in->out      fanout   Delay   Delay  Logical Name (Net Name)
    ----------------------------------------  ------------
     IBUF:I->O            11   1.218   0.937  i_RX_Serial_IBUF (i_RX_Serial_IBUF)
     LUT4:I3->O            1   0.704   0.000  r_Clock_Count_mux0000<0>1_G (N61)
     MUXF5:I1->O           8   0.321   0.792  r_Clock_Count_mux0000<0>1 (N01)
     LUT3:I2->O            1   0.704   0.000  r_Clock_Count_mux0000<7>1 (r_Clock_Count_mux0000<7>)
     FD:D                      0.308          r_Clock_Count_0
    ----------------------------------------
    Total                      4.984ns (3.255ns logic, 1.729ns route)
                                       (65.3% logic, 34.7% route)

=========================================================================
Timing constraint: Default OFFSET OUT AFTER for Clock 'i_Clock'
  Total number of paths / destination ports: 9 / 9
-------------------------------------------------------------------------
Offset:              4.310ns (Levels of Logic = 1)
  Source:            r_RX_DV (FF)
  Destination:       o_RX_DV (PAD)
  Source Clock:      i_Clock rising

  Data Path: r_RX_DV to o_RX_DV
                                Gate     Net
    Cell:in->out      fanout   Delay   Delay  Logical Name (Net Name)
    ----------------------------------------  ------------
     FDS:C->Q              2   0.591   0.447  r_RX_DV (r_RX_DV)
     OBUF:I->O                 3.272          o_RX_DV_OBUF (o_RX_DV)
    ----------------------------------------
    Total                      4.310ns (3.863ns logic, 0.447ns route)
                                       (89.6% logic, 10.4% route)

=========================================================================


Total REAL time to Xst completion: 5.00 secs
Total CPU time to Xst completion: 4.28 secs
 
--> 

Total memory usage is 4513588 kilobytes

Number of errors   :    0 (   0 filtered)
Number of warnings :    0 (   0 filtered)
Number of infos    :    1 (   0 filtered)

