Command line:
   half_adder_tb_isim_beh.exe
     -simmode  gui
     -simrunnum  0
     -socket  52560

Sat Jun 26 17:50:21 2021


 Elaboration Time: 0.390625 sec

 Current Memory Usage: 5162.55 Meg

 Total Signals          : 19
 Total Nets             : 17
 Total Signal Drivers   : 9
 Total Blocks           : 3
 Total Primitive Blocks : 2
 Total Processes        : 11
 Total Traceable Variables  : 20
 Total Scalar Nets and Variables : 99
Total Line Count : 28

 Total Simulation Time: 0.390625 sec

 Current Memory Usage: 5162.55 Meg

Sat Jun 26 17:50:35 2021

