Command line:
   FIFO_BRAM_tb_isim_beh.exe
     -simmode  gui
     -simrunnum  0
     -socket  54103

Thu Aug 05 11:00:49 2021


 Elaboration Time: 0.390625 sec

 Current Memory Usage: 5162.54 Meg

 Total Signals          : 53
 Total Nets             : 61
 Total Signal Drivers   : 21
 Total Blocks           : 7
 Total Primitive Blocks : 5
 Total Processes        : 30
 Total Traceable Variables  : 34
 Total Scalar Nets and Variables : 457
Total Line Count : 88

 Total Simulation Time: 0.40625 sec

 Current Memory Usage: 5162.54 Meg

Thu Aug 05 11:00:58 2021

