Command line:
   ffd_tb_isim_beh.exe
     -simmode  gui
     -simrunnum  0
     -socket  56359

Thu Jul 01 20:56:57 2021


 Elaboration Time: 0.359375 sec

 Current Memory Usage: 5162.52 Meg

 Total Signals          : 19
 Total Nets             : 19
 Total Signal Drivers   : 11
 Total Blocks           : 3
 Total Primitive Blocks : 2
 Total Processes        : 15
 Total Traceable Variables  : 24
 Total Scalar Nets and Variables : 105
Total Line Count : 65

 Total Simulation Time: 0.359375 sec

 Current Memory Usage: 4690.67 Meg

Thu Jul 01 21:04:31 2021

