Release 14.7 - xst P.20131013 (nt64)
Copyright (c) 1995-2013 Xilinx, Inc.  All rights reserved.
--> Parameter TMPDIR set to xst/projnav.tmp


Total REAL time to Xst completion: 0.00 secs
Total CPU time to Xst completion: 0.08 secs
 
--> Parameter xsthdpdir set to xst


Total REAL time to Xst completion: 0.00 secs
Total CPU time to Xst completion: 0.08 secs
 
--> Reading design: Dual_port_ram.prj

TABLE OF CONTENTS
  1) Synthesis Options Summary
  2) HDL Parsing
  3) HDL Elaboration
  4) HDL Synthesis
       4.1) HDL Synthesis Report
  5) Advanced HDL Synthesis
       5.1) Advanced HDL Synthesis Report
  6) Low Level Synthesis
  7) Partition Report
  8) Design Summary
       8.1) Primitive and Black Box Usage
       8.2) Device utilization summary
       8.3) Partition Resource Summary
       8.4) Timing Report
            8.4.1) Clock Information
            8.4.2) Asynchronous Control Signals Information
            8.4.3) Timing Summary
            8.4.4) Timing Details
            8.4.5) Cross Clock Domains Report


=========================================================================
*                      Synthesis Options Summary                        *
=========================================================================
---- Source Parameters
Input File Name                    : "Dual_port_ram.prj"
Ignore Synthesis Constraint File   : NO

---- Target Parameters
Output File Name                   : "Dual_port_ram"
Output Format                      : NGC
Target Device                      : xc7a100t-3-csg324

---- Source Options
Top Module Name                    : Dual_port_ram
Automatic FSM Extraction           : YES
FSM Encoding Algorithm             : Auto
Safe Implementation                : No
FSM Style                          : LUT
RAM Extraction                     : Yes
RAM Style                          : Auto
ROM Extraction                     : Yes
Shift Register Extraction          : YES
ROM Style                          : Auto
Resource Sharing                   : YES
Asynchronous To Synchronous        : NO
Shift Register Minimum Size        : 2
Use DSP Block                      : Auto
Automatic Register Balancing       : No

---- Target Options
LUT Combining                      : Auto
Reduce Control Sets                : Auto
Add IO Buffers                     : YES
Global Maximum Fanout              : 100000
Add Generic Clock Buffer(BUFG)     : 32
Register Duplication               : YES
Optimize Instantiated Primitives   : NO
Use Clock Enable                   : Auto
Use Synchronous Set                : Auto
Use Synchronous Reset              : Auto
Pack IO Registers into IOBs        : Auto
Equivalent register Removal        : YES

---- General Options
Optimization Goal                  : Speed
Optimization Effort                : 1
Power Reduction                    : NO
Keep Hierarchy                     : No
Netlist Hierarchy                  : As_Optimized
RTL Output                         : Yes
Global Optimization                : AllClockNets
Read Cores                         : YES
Write Timing Constraints           : NO
Cross Clock Analysis               : NO
Hierarchy Separator                : /
Bus Delimiter                      : <>
Case Specifier                     : Maintain
Slice Utilization Ratio            : 100
BRAM Utilization Ratio             : 100
DSP48 Utilization Ratio            : 100
Auto BRAM Packing                  : NO
Slice Utilization Ratio Delta      : 5

=========================================================================


=========================================================================
*                          HDL Parsing                                  *
=========================================================================
Analyzing Verilog file "D:\cd\thiet ke he thong va vi mach\PONG CHU\XlLlNX SPARTAN-3 SPECIFIC MEMORY\project 2\BRAM_BASED_FIFO\Dual_port_ram.v" into library work
Parsing module <Dual_port_ram>.

=========================================================================
*                            HDL Elaboration                            *
=========================================================================

Elaborating module <Dual_port_ram>.

=========================================================================
*                           HDL Synthesis                               *
=========================================================================

Synthesizing Unit <Dual_port_ram>.
    Related source file is "D:\cd\thiet ke he thong va vi mach\PONG CHU\XlLlNX SPARTAN-3 SPECIFIC MEMORY\project 2\BRAM_BASED_FIFO\Dual_port_ram.v".
    Found 32x8-bit dual-port RAM <Mram_SRAM> for signal <SRAM>.
    Found 5-bit register for signal <Read_addr_reg>.
    Summary:
	inferred   1 RAM(s).
	inferred   5 D-type flip-flop(s).
Unit <Dual_port_ram> synthesized.

=========================================================================
HDL Synthesis Report

Macro Statistics
# RAMs                                                 : 1
 32x8-bit dual-port RAM                                : 1
# Registers                                            : 1
 5-bit register                                        : 1

=========================================================================

=========================================================================
*                       Advanced HDL Synthesis                          *
=========================================================================


Synthesizing (advanced) Unit <Dual_port_ram>.
INFO:Xst:3231 - The small RAM <Mram_SRAM> will be implemented on LUTs in order to maximize performance and save block RAM resources. If you want to force its implementation on block, use option/constraint ram_style.
    -----------------------------------------------------------------------
    | ram_type           | Distributed                         |          |
    -----------------------------------------------------------------------
    | Port A                                                              |
    |     aspect ratio   | 32-word x 8-bit                     |          |
    |     clkA           | connected to signal <Clk>           | rise     |
    |     weA            | connected to signal <WR_en>         | high     |
    |     addrA          | connected to signal <Write_addr>    |          |
    |     diA            | connected to signal <Write_data>    |          |
    -----------------------------------------------------------------------
    | Port B                                                              |
    |     aspect ratio   | 32-word x 8-bit                     |          |
    |     addrB          | connected to signal <Read_addr_reg> |          |
    |     doB            | connected to signal <Read_data>     |          |
    -----------------------------------------------------------------------
Unit <Dual_port_ram> synthesized (advanced).

=========================================================================
Advanced HDL Synthesis Report

Macro Statistics
# RAMs                                                 : 1
 32x8-bit dual-port distributed RAM                    : 1
# Registers                                            : 5
 Flip-Flops                                            : 5

=========================================================================

=========================================================================
*                         Low Level Synthesis                           *
=========================================================================

Optimizing unit <Dual_port_ram> ...

Mapping all equations...
Building and optimizing final netlist ...
Found area constraint ratio of 100 (+ 5) on block Dual_port_ram, actual ratio is 0.

Final Macro Processing ...

=========================================================================
Final Register Report

Macro Statistics
# Registers                                            : 5
 Flip-Flops                                            : 5

=========================================================================

=========================================================================
*                           Partition Report                            *
=========================================================================

Partition Implementation Status
-------------------------------

  No Partitions were found in this design.

-------------------------------

=========================================================================
*                            Design Summary                             *
=========================================================================

Top Level Output File Name         : Dual_port_ram.ngc

Primitive and Black Box Usage:
------------------------------
# BELS                             : 1
#      GND                         : 1
# FlipFlops/Latches                : 5
#      FD                          : 5
# RAMS                             : 3
#      RAM32M                      : 1
#      RAM32X1D                    : 2
# Clock Buffers                    : 1
#      BUFGP                       : 1
# IO Buffers                       : 27
#      IBUF                        : 19
#      OBUF                        : 8

Device utilization summary:
---------------------------

Selected Device : 7a100tcsg324-3 


Slice Logic Utilization: 
 Number of Slice Registers:               5  out of  126800     0%  
 Number of Slice LUTs:                    8  out of  63400     0%  
    Number used as Memory:                8  out of  19000     0%  
       Number used as RAM:                8

Slice Logic Distribution: 
 Number of LUT Flip Flop pairs used:     13
   Number with an unused Flip Flop:       8  out of     13    61%  
   Number with an unused LUT:             5  out of     13    38%  
   Number of fully used LUT-FF pairs:     0  out of     13     0%  
   Number of unique control sets:         1

IO Utilization: 
 Number of IOs:                          28
 Number of bonded IOBs:                  28  out of    210    13%  

Specific Feature Utilization:
 Number of BUFG/BUFGCTRLs:                1  out of     32     3%  

---------------------------
Partition Resource Summary:
---------------------------

  No Partitions were found in this design.

---------------------------


=========================================================================
Timing Report

NOTE: THESE TIMING NUMBERS ARE ONLY A SYNTHESIS ESTIMATE.
      FOR ACCURATE TIMING INFORMATION PLEASE REFER TO THE TRACE REPORT
      GENERATED AFTER PLACE-and-ROUTE.

Clock Information:
------------------
-----------------------------------+------------------------+-------+
Clock Signal                       | Clock buffer(FF name)  | Load  |
-----------------------------------+------------------------+-------+
Clk                                | BUFGP                  | 8     |
-----------------------------------+------------------------+-------+

Asynchronous Control Signals Information:
----------------------------------------
No asynchronous control signals found in this design

Timing Summary:
---------------
Speed Grade: -3

   Minimum period: 0.722ns (Maximum Frequency: 1384.658MHz)
   Minimum input arrival time before clock: 0.698ns
   Maximum output required time after clock: 1.648ns
   Maximum combinational path delay: No path found

Timing Details:
---------------
All values displayed in nanoseconds (ns)

=========================================================================
Timing constraint: Default period analysis for Clock 'Clk'
  Clock period: 0.722ns (frequency: 1384.658MHz)
  Total number of paths / destination ports: 10 / 10
-------------------------------------------------------------------------
Delay:               0.722ns (Levels of Logic = 0)
  Source:            Read_addr_reg_4 (FF)
  Destination:       Mram_SRAM21 (RAM)
  Source Clock:      Clk rising
  Destination Clock: Clk rising

  Data Path: Read_addr_reg_4 to Mram_SRAM21
                                Gate     Net
    Cell:in->out      fanout   Delay   Delay  Logical Name (Net Name)
    ----------------------------------------  ------------
     FD:C->Q               5   0.361   0.298  Read_addr_reg_4 (Read_addr_reg_4)
     RAM32X1D:DPRA4            0.063          Mram_SRAM21
    ----------------------------------------
    Total                      0.722ns (0.424ns logic, 0.298ns route)
                                       (58.7% logic, 41.3% route)

=========================================================================
Timing constraint: Default OFFSET IN BEFORE for Clock 'Clk'
  Total number of paths / destination ports: 31 / 31
-------------------------------------------------------------------------
Offset:              0.698ns (Levels of Logic = 1)
  Source:            WR_en (PAD)
  Destination:       Mram_SRAM1 (RAM)
  Destination Clock: Clk rising

  Data Path: WR_en to Mram_SRAM1
                                Gate     Net
    Cell:in->out      fanout   Delay   Delay  Logical Name (Net Name)
    ----------------------------------------  ------------
     IBUF:I->O             3   0.001   0.289  WR_en_IBUF (WR_en_IBUF)
     RAM32M:WE                 0.408          Mram_SRAM1
    ----------------------------------------
    Total                      0.698ns (0.409ns logic, 0.289ns route)
                                       (58.6% logic, 41.4% route)

=========================================================================
Timing constraint: Default OFFSET OUT AFTER for Clock 'Clk'
  Total number of paths / destination ports: 48 / 8
-------------------------------------------------------------------------
Offset:              1.648ns (Levels of Logic = 1)
  Source:            Mram_SRAM1 (RAM)
  Destination:       Read_data<5> (PAD)
  Source Clock:      Clk rising

  Data Path: Mram_SRAM1 to Read_data<5>
                                Gate     Net
    Cell:in->out      fanout   Delay   Delay  Logical Name (Net Name)
    ----------------------------------------  ------------
     RAM32M:WCLK->DOC1     1   1.369   0.279  Mram_SRAM1 (Read_data_5_OBUF)
     OBUF:I->O                 0.000          Read_data_5_OBUF (Read_data<5>)
    ----------------------------------------
    Total                      1.648ns (1.369ns logic, 0.279ns route)
                                       (83.1% logic, 16.9% route)

=========================================================================

Cross Clock Domains Report:
--------------------------

Clock to Setup on destination clock Clk
---------------+---------+---------+---------+---------+
               | Src:Rise| Src:Fall| Src:Rise| Src:Fall|
Source Clock   |Dest:Rise|Dest:Rise|Dest:Fall|Dest:Fall|
---------------+---------+---------+---------+---------+
Clk            |    0.722|         |         |         |
---------------+---------+---------+---------+---------+

=========================================================================


Total REAL time to Xst completion: 7.00 secs
Total CPU time to Xst completion: 7.30 secs
 
--> 

Total memory usage is 4617912 kilobytes

Number of errors   :    0 (   0 filtered)
Number of warnings :    0 (   0 filtered)
Number of infos    :    1 (   0 filtered)

