Running: D:\xilinx\14.7\ISE_DS\ISE\bin\nt64\unwrapped\fuse.exe -intstyle ise -incremental -lib unisims_ver -lib unimacro_ver -lib xilinxcorelib_ver -lib secureip -o D:/cd/thiet ke he thong va vi mach/PONG CHU/XlLlNX SPARTAN-3 SPECIFIC MEMORY/project 2/BRAM_BASED_FIFO/FIFO_BRAM_tb_isim_beh.exe -prj D:/cd/thiet ke he thong va vi mach/PONG CHU/XlLlNX SPARTAN-3 SPECIFIC MEMORY/project 2/BRAM_BASED_FIFO/FIFO_BRAM_tb_beh.prj work.FIFO_BRAM_tb work.glbl 
ISim P.20131013 (signature 0x7708f090)
Number of CPUs detected in this system: 8
Turning on mult-threading, number of parallel sub-compilation jobs: 16 
Determining compilation order of HDL files
Analyzing Verilog file "D:/cd/thiet ke he thong va vi mach/PONG CHU/XlLlNX SPARTAN-3 SPECIFIC MEMORY/project 2/BRAM_BASED_FIFO/Write_CTRL.v" into library work
Analyzing Verilog file "D:/cd/thiet ke he thong va vi mach/PONG CHU/XlLlNX SPARTAN-3 SPECIFIC MEMORY/project 2/BRAM_BASED_FIFO/Read_CTRL.v" into library work
Analyzing Verilog file "D:/cd/thiet ke he thong va vi mach/PONG CHU/XlLlNX SPARTAN-3 SPECIFIC MEMORY/project 2/BRAM_BASED_FIFO/FIFO_Flag.v" into library work
Analyzing Verilog file "D:/cd/thiet ke he thong va vi mach/PONG CHU/XlLlNX SPARTAN-3 SPECIFIC MEMORY/project 2/BRAM_BASED_FIFO/Dual_port_ram.v" into library work
Analyzing Verilog file "D:/cd/thiet ke he thong va vi mach/PONG CHU/XlLlNX SPARTAN-3 SPECIFIC MEMORY/project 2/BRAM_BASED_FIFO/FIFO_BRAM.v" into library work
Analyzing Verilog file "D:/cd/thiet ke he thong va vi mach/PONG CHU/XlLlNX SPARTAN-3 SPECIFIC MEMORY/project 2/BRAM_BASED_FIFO/FIFO_BRAM_tb.v" into library work
Analyzing Verilog file "D:/xilinx/14.7/ISE_DS/ISE//verilog/src/glbl.v" into library work
Starting static elaboration
Completed static elaboration
Compiling module Dual_port_ram
Compiling module Read_CTRL
Compiling module Write_CTRL
Compiling module FIFO_Flag
Compiling module FIFO_BRAM
Compiling module FIFO_BRAM_tb
Compiling module glbl
Time Resolution for simulation is 1ps.
Waiting for 1 sub-compilation(s) to finish...
Compiled 7 Verilog Units
Built simulation executable D:/cd/thiet ke he thong va vi mach/PONG CHU/XlLlNX SPARTAN-3 SPECIFIC MEMORY/project 2/BRAM_BASED_FIFO/FIFO_BRAM_tb_isim_beh.exe
Fuse Memory Usage: 28084 KB
Fuse CPU Usage: 405 ms
