Release 14.7 - ngc2edif P.20131013 (nt64)
Copyright (c) 1995-2013 Xilinx, Inc.  All rights reserved.
Reading design FIFO_BRAM.ngc ...
WARNING:NetListWriters:298 - No output is written to FIFO_BRAM.xncf, ignored.
Processing design ...
   Preping design's networks ...
   Preping design's macros ...
  finished :Prep
Writing EDIF netlist file FIFO_BRAM.edif ...
ngc2edif: Total memory usage is 4310552 kilobytes

Release 14.7 - ngc2edif P.20131013 (nt64)
Copyright (c) 1995-2013 Xilinx, Inc.  All rights reserved.
Reading design FIFO_BRAM.ngc ...
WARNING:NetListWriters:298 - No output is written to FIFO_BRAM.xncf, ignored.
Processing design ...
   Preping design's networks ...
   Preping design's macros ...
  finished :Prep
Writing EDIF netlist file FIFO_BRAM.edif ...
ngc2edif: Total memory usage is 4309976 kilobytes

