Command line:
   tb_isim_beh.exe
     -simmode  gui
     -simrunnum  0
     -socket  65315

Thu Nov 04 16:02:15 2021


 Elaboration Time: 0.28125 sec

 Current Memory Usage: 5162.52 Meg

 Total Signals          : 34
 Total Nets             : 39
 Total Signal Drivers   : 16
 Total Blocks           : 7
 Total Primitive Blocks : 5
 Total Processes        : 23
 Total Traceable Variables  : 25
 Total Scalar Nets and Variables : 141
Total Line Count : 62

 Total Simulation Time: 0.28125 sec

 Current Memory Usage: 5477.1 Meg

Thu Nov 04 16:03:10 2021

