Command line:
   tb_isim_beh.exe
     -simmode  gui
     -simrunnum  0
     -socket  50021

Mon Dec 06 09:59:22 2021


 Elaboration Time: 0.28125 sec

 Current Memory Usage: 5163.15 Meg

 Total Signals          : 18
 Total Nets             : 45
 Total Signal Drivers   : 9
 Total Blocks           : 3
 Total Primitive Blocks : 2
 Total Processes        : 13
 Total Traceable Variables  : 22
 Total Scalar Nets and Variables : 185
Total Line Count : 28

 Total Simulation Time: 122.938 sec

 Current Memory Usage: 4691.29 Meg

Mon Dec 06 10:02:18 2021

