Command line:
   priority_encoder_4_2_tb_isim_beh.exe
     -simmode  gui
     -simrunnum  0
     -socket  56898

Tue Jul 20 10:48:23 2021


 Elaboration Time: 0.28125 sec

 Current Memory Usage: 5163.15 Meg

 Total Signals          : 15
 Total Nets             : 19
 Total Signal Drivers   : 7
 Total Blocks           : 3
 Total Primitive Blocks : 2
 Total Processes        : 10
 Total Traceable Variables  : 20
 Total Scalar Nets and Variables : 105
Total Line Count : 55

 Total Simulation Time: 0.28125 sec

 Current Memory Usage: 5477.72 Meg

Tue Jul 20 10:48:54 2021

