#-----------------------------------------------------------
# PlanAhead v14.7 (64-bit)
# Build 321239 by xbuild on Fri Sep 27 19:29:51 MDT 2013
# Start of session at: Wed May 05 22:05:28 2021
# Process ID: 10352
# Log file: D:/cd/thiet ke he thong va vi mach/heartbeat_circuit/planAhead_run_1/planAhead.log
# Journal file: D:/cd/thiet ke he thong va vi mach/heartbeat_circuit/planAhead_run_1/planAhead.jou
#-----------------------------------------------------------
INFO: [Common 17-78] Attempting to get a license: PlanAhead
INFO: [Common 17-290] Got license for PlanAhead
INFO: [Device 21-36] Loading parts and site information from D:/xilinx/14.7/ISE_DS/PlanAhead/data/parts/arch.xml
Parsing RTL primitives file [D:/xilinx/14.7/ISE_DS/PlanAhead/data/parts/xilinx/rtl/prims/rtl_prims.xml]
Finished parsing RTL primitives file [D:/xilinx/14.7/ISE_DS/PlanAhead/data/parts/xilinx/rtl/prims/rtl_prims.xml]
start_gui
source {D:/cd/thiet ke he thong va vi mach/heartbeat_circuit/pa.fromNetlist.tcl}
# create_project -name heartbeat_circuit -dir "D:/cd/thiet ke he thong va vi mach/heartbeat_circuit/planAhead_run_1" -part xc7a100tcsg324-3
# set_property design_mode GateLvl [get_property srcset [current_run -impl]]
# set_property edif_top_file "D:/cd/thiet ke he thong va vi mach/heartbeat_circuit/segment7.ngc" [ get_property srcset [ current_run ] ]
# add_files -norecurse { {D:/cd/thiet ke he thong va vi mach/heartbeat_circuit} }
# set_param project.pinAheadLayout  yes
# set_property target_constrs_file "segment7.ucf" [current_fileset -constrset]
Adding file 'D:/cd/thiet ke he thong va vi mach/heartbeat_circuit/segment7.ucf' to fileset 'constrs_1'
# add_files [list {segment7.ucf}] -fileset [get_property constrset [current_run]]
# link_design
Design is defaulting to srcset: sources_1
Design is defaulting to constrset: constrs_1
Design is defaulting to project part: xc7a100tcsg324-3
Release 14.7 - ngc2edif P.20131013 (nt64)
Copyright (c) 1995-2013 Xilinx, Inc.  All rights reserved.
Reading design segment7.ngc ...
WARNING:NetListWriters:298 - No output is written to segment7.xncf, ignored.
Processing design ...
   Preping design's networks ...
   Preping design's macros ...
  finished :Prep
Writing EDIF netlist file segment7.edif ...
ngc2edif: Total memory usage is 4310552 kilobytes

Parsing EDIF File [./planAhead_run_1/heartbeat_circuit.data/cache/segment7_ngc_zx.edif]
Finished Parsing EDIF File [./planAhead_run_1/heartbeat_circuit.data/cache/segment7_ngc_zx.edif]
Loading clock regions from D:/xilinx/14.7/ISE_DS/PlanAhead/data\parts/xilinx/artix7/artix7/xc7a100t/ClockRegion.xml
Loading clock buffers from D:/xilinx/14.7/ISE_DS/PlanAhead/data\parts/xilinx/artix7/artix7/xc7a100t/ClockBuffers.xml
Loading clock placement rules from D:/xilinx/14.7/ISE_DS/PlanAhead/data/parts/xilinx/artix7/ClockPlacerRules.xml
Loading package pin functions from D:/xilinx/14.7/ISE_DS/PlanAhead/data\parts/xilinx/artix7/PinFunctions.xml...
Loading package from D:/xilinx/14.7/ISE_DS/PlanAhead/data\parts/xilinx/artix7/artix7/xc7a100t/csg324/Package.xml
Loading io standards from D:/xilinx/14.7/ISE_DS/PlanAhead/data\./parts/xilinx/artix7/IOStandards.xml
Loading device configuration modes from D:/xilinx/14.7/ISE_DS/PlanAhead/data\parts/xilinx/artix7/ConfigModes.xml
Loading list of drcs for the architecture : D:/xilinx/14.7/ISE_DS/PlanAhead/data\./parts/xilinx/artix7/drc.xml
Parsing UCF File [D:/cd/thiet ke he thong va vi mach/heartbeat_circuit/segment7.ucf]
Finished Parsing UCF File [D:/cd/thiet ke he thong va vi mach/heartbeat_circuit/segment7.ucf]
INFO: [Project 1-111] Unisim Transformation Summary:
No Unisim elements were transformed.

Phase 0 | Netlist Checksum: 4aed901d
link_design: Time (s): elapsed = 00:00:15 . Memory (MB): peak = 728.012 ; gain = 184.277
exit
ERROR: [PlanAhead 12-106] *** Exception: ui.h.b: Found deleted key in HTclEventBroker. Verify if the classes listed here call cleanup()
HTclEvent: DEBUG_PORT_CONFIG_CHANGE   Classes: ui.views.aR 
HTclEvent: SIGNAL_MODIFY   Classes: ui.views.aR 
HTclEvent: SIGNAL_BUS_MODIFY   Classes: ui.views.aR 
HTclEvent: DEBUG_CORE_CONFIG_CHANGE   Classes: ui.views.aR 
 (See D:/cd/thiet ke he thong va vi mach/heartbeat_circuit\planAhead_pid10352.debug)
ERROR: [Common 17-39] 'stop_gui' failed due to earlier errors.
INFO: [Common 17-206] Exiting PlanAhead at Wed May 05 22:06:48 2021...
INFO: [Common 17-83] Releasing license: PlanAhead
