Command line:
   and_block_assign_tb_isim_beh.exe
     -simmode  gui
     -simrunnum  0
     -socket  56961

Tue Jul 20 09:54:30 2021


 Elaboration Time: 0.28125 sec

 Current Memory Usage: 5163.19 Meg

 Total Signals          : 17
 Total Nets             : 17
 Total Signal Drivers   : 9
 Total Blocks           : 3
 Total Primitive Blocks : 2
 Total Processes        : 12
 Total Traceable Variables  : 22
 Total Scalar Nets and Variables : 101
Total Line Count : 53

 Total Simulation Time: 0.28125 sec

 Current Memory Usage: 5477.76 Meg

Tue Jul 20 09:55:03 2021

