Running: D:\xilinx\14.7\ISE_DS\ISE\bin\nt64\unwrapped\fuse.exe -intstyle ise -incremental -lib unisims_ver -lib unimacro_ver -lib xilinxcorelib_ver -o D:/cd/ref/ch2/DEMUX1_16/demux14_to_demux116/tb_isim_beh.exe -prj D:/cd/ref/ch2/DEMUX1_16/demux14_to_demux116/tb_beh.prj work.tb work.glbl 
ISim P.20131013 (signature 0x7708f090)
Number of CPUs detected in this system: 8
Turning on mult-threading, number of parallel sub-compilation jobs: 16 
Determining compilation order of HDL files
Analyzing Verilog file "D:/cd/ref/ch2/DEMUX1_16/demux14_to_demux116/demux14_enable.v" into library work
Analyzing Verilog file "D:/cd/ref/ch2/DEMUX1_16/demux14_to_demux116/demux1_16_enable.v" into library work
Analyzing Verilog file "D:/cd/ref/ch2/DEMUX1_16/demux14_to_demux116/tb.v" into library work
Analyzing Verilog file "D:/xilinx/14.7/ISE_DS/ISE//verilog/src/glbl.v" into library work
Starting static elaboration
Completed static elaboration
Compiling module demux14_enable
Compiling module demux1_16_enable
Compiling module tb
Compiling module glbl
Time Resolution for simulation is 1ps.
Waiting for 1 sub-compilation(s) to finish...
Compiled 4 Verilog Units
Built simulation executable D:/cd/ref/ch2/DEMUX1_16/demux14_to_demux116/tb_isim_beh.exe
Fuse Memory Usage: 28188 KB
Fuse CPU Usage: 233 ms
