Command line:
   tb_isim_beh.exe
     -simmode  gui
     -simrunnum  0
     -socket  63218

Sun Nov 21 17:42:06 2021


 Elaboration Time: 0.296875 sec

 Current Memory Usage: 5162.59 Meg

 Total Signals          : 35
 Total Nets             : 25
 Total Signal Drivers   : 14
 Total Blocks           : 8
 Total Primitive Blocks : 6
 Total Processes        : 22
 Total Traceable Variables  : 28
 Total Scalar Nets and Variables : 180
Total Line Count : 54

 Total Simulation Time: 0.3125 sec

 Current Memory Usage: 4690.74 Meg

Sun Nov 21 17:49:45 2021

