Command line:
   div_tb_isim_beh.exe
     -simmode  gui
     -simrunnum  0
     -socket  56976

Wed Aug 04 10:22:47 2021


 Elaboration Time: 0.421875 sec

 Current Memory Usage: 5162.57 Meg

 Total Signals          : 24
 Total Nets             : 50
 Total Signal Drivers   : 14
 Total Blocks           : 3
 Total Primitive Blocks : 2
 Total Processes        : 20
 Total Traceable Variables  : 43
 Total Scalar Nets and Variables : 292
Total Line Count : 85

 Total Simulation Time: 0.421875 sec

 Current Memory Usage: 5477.15 Meg

Wed Aug 04 10:23:19 2021

