Release 14.7 - xst P.20131013 (nt64)
Copyright (c) 1995-2013 Xilinx, Inc.  All rights reserved.
--> Parameter TMPDIR set to xst/projnav.tmp


Total REAL time to Xst completion: 0.00 secs
Total CPU time to Xst completion: 0.05 secs
 
--> Parameter xsthdpdir set to xst


Total REAL time to Xst completion: 0.00 secs
Total CPU time to Xst completion: 0.05 secs
 
--> Reading design: div.prj

TABLE OF CONTENTS
  1) Synthesis Options Summary
  2) HDL Parsing
  3) HDL Elaboration
  4) HDL Synthesis
       4.1) HDL Synthesis Report
  5) Advanced HDL Synthesis
       5.1) Advanced HDL Synthesis Report
  6) Low Level Synthesis
  7) Partition Report
  8) Design Summary
       8.1) Primitive and Black Box Usage
       8.2) Device utilization summary
       8.3) Partition Resource Summary
       8.4) Timing Report
            8.4.1) Clock Information
            8.4.2) Asynchronous Control Signals Information
            8.4.3) Timing Summary
            8.4.4) Timing Details
            8.4.5) Cross Clock Domains Report


=========================================================================
*                      Synthesis Options Summary                        *
=========================================================================
---- Source Parameters
Input File Name                    : "div.prj"
Ignore Synthesis Constraint File   : NO

---- Target Parameters
Output File Name                   : "div"
Output Format                      : NGC
Target Device                      : xc7a100t-3-csg324

---- Source Options
Top Module Name                    : div
Automatic FSM Extraction           : YES
FSM Encoding Algorithm             : Auto
Safe Implementation                : No
FSM Style                          : LUT
RAM Extraction                     : Yes
RAM Style                          : Auto
ROM Extraction                     : Yes
Shift Register Extraction          : YES
ROM Style                          : Auto
Resource Sharing                   : YES
Asynchronous To Synchronous        : NO
Shift Register Minimum Size        : 2
Use DSP Block                      : Auto
Automatic Register Balancing       : No

---- Target Options
LUT Combining                      : Auto
Reduce Control Sets                : Auto
Add IO Buffers                     : YES
Global Maximum Fanout              : 100000
Add Generic Clock Buffer(BUFG)     : 32
Register Duplication               : YES
Optimize Instantiated Primitives   : NO
Use Clock Enable                   : Auto
Use Synchronous Set                : Auto
Use Synchronous Reset              : Auto
Pack IO Registers into IOBs        : Auto
Equivalent register Removal        : YES

---- General Options
Optimization Goal                  : Speed
Optimization Effort                : 1
Power Reduction                    : NO
Keep Hierarchy                     : No
Netlist Hierarchy                  : As_Optimized
RTL Output                         : Yes
Global Optimization                : AllClockNets
Read Cores                         : YES
Write Timing Constraints           : NO
Cross Clock Analysis               : NO
Hierarchy Separator                : /
Bus Delimiter                      : <>
Case Specifier                     : Maintain
Slice Utilization Ratio            : 100
BRAM Utilization Ratio             : 100
DSP48 Utilization Ratio            : 100
Auto BRAM Packing                  : NO
Slice Utilization Ratio Delta      : 5

=========================================================================


=========================================================================
*                          HDL Parsing                                  *
=========================================================================
Analyzing Verilog file "D:\cd\thiet ke he thong va vi mach\PONG CHU\FSMD\Division_circuit\div.v" into library work
Parsing module <div>.

=========================================================================
*                            HDL Elaboration                            *
=========================================================================

Elaborating module <div>.

=========================================================================
*                           HDL Synthesis                               *
=========================================================================

Synthesizing Unit <div>.
    Related source file is "D:\cd\thiet ke he thong va vi mach\PONG CHU\FSMD\Division_circuit\div.v".
        W = 8
        CBIT = 4
    Found 8-bit register for signal <rmd>.
    Found 8-bit register for signal <quo>.
    Found 8-bit register for signal <d_reg>.
    Found 4-bit register for signal <n_reg>.
    Found 2-bit register for signal <state_reg>.
    Found finite state machine <FSM_0> for signal <state_reg>.
    -----------------------------------------------------------------------
    | States             | 4                                              |
    | Transitions        | 6                                              |
    | Inputs             | 2                                              |
    | Outputs            | 4                                              |
    | Clock              | clk (rising_edge)                              |
    | Reset              | reset (positive)                               |
    | Reset type         | asynchronous                                   |
    | Reset State        | 00                                             |
    | Encoding           | auto                                           |
    | Implementation     | LUT                                            |
    -----------------------------------------------------------------------
    Found 4-bit subtractor for signal <_n0062> created at line 97.
    Found 8-bit subtractor for signal <rh_reg[7]_d_reg[7]_sub_22_OUT> created at line 120.
    Found 8-bit comparator lessequal for signal <n0019> created at line 118
    Summary:
	inferred   2 Adder/Subtractor(s).
	inferred  28 D-type flip-flop(s).
	inferred   1 Comparator(s).
	inferred   6 Multiplexer(s).
	inferred   1 Finite State Machine(s).
Unit <div> synthesized.

=========================================================================
HDL Synthesis Report

Macro Statistics
# Adders/Subtractors                                   : 2
 4-bit subtractor                                      : 1
 8-bit subtractor                                      : 1
# Registers                                            : 4
 4-bit register                                        : 1
 8-bit register                                        : 3
# Comparators                                          : 1
 8-bit comparator lessequal                            : 1
# Multiplexers                                         : 6
 4-bit 2-to-1 multiplexer                              : 1
 8-bit 2-to-1 multiplexer                              : 5
# FSMs                                                 : 1

=========================================================================

=========================================================================
*                       Advanced HDL Synthesis                          *
=========================================================================


=========================================================================
Advanced HDL Synthesis Report

Macro Statistics
# Adders/Subtractors                                   : 2
 4-bit subtractor                                      : 1
 8-bit subtractor                                      : 1
# Registers                                            : 28
 Flip-Flops                                            : 28
# Comparators                                          : 1
 8-bit comparator lessequal                            : 1
# Multiplexers                                         : 13
 1-bit 2-to-1 multiplexer                              : 8
 4-bit 2-to-1 multiplexer                              : 1
 8-bit 2-to-1 multiplexer                              : 4
# FSMs                                                 : 1

=========================================================================

=========================================================================
*                         Low Level Synthesis                           *
=========================================================================
Analyzing FSM <MFsm> for best encoding.
Optimizing FSM <FSM_0> on signal <state_reg[1:2]> with user encoding.
-------------------
 State | Encoding
-------------------
 00    | 00
 01    | 01
 10    | 10
 11    | 11
-------------------

Optimizing unit <div> ...
WARNING:Xst:1710 - FF/Latch <n_reg_3> (without init value) has a constant value of 0 in block <div>. This FF/Latch will be trimmed during the optimization process.

Mapping all equations...
Building and optimizing final netlist ...
Found area constraint ratio of 100 (+ 5) on block div, actual ratio is 0.

Final Macro Processing ...

=========================================================================
Final Register Report

Macro Statistics
# Registers                                            : 29
 Flip-Flops                                            : 29

=========================================================================

=========================================================================
*                           Partition Report                            *
=========================================================================

Partition Implementation Status
-------------------------------

  No Partitions were found in this design.

-------------------------------

=========================================================================
*                            Design Summary                             *
=========================================================================

Top Level Output File Name         : div.ngc

Primitive and Black Box Usage:
------------------------------
# BELS                             : 64
#      LUT2                        : 13
#      LUT3                        : 4
#      LUT4                        : 17
#      LUT5                        : 2
#      LUT6                        : 12
#      MUXCY                       : 7
#      VCC                         : 1
#      XORCY                       : 8
# FlipFlops/Latches                : 29
#      FDC                         : 2
#      FDCE                        : 27
# Clock Buffers                    : 1
#      BUFGP                       : 1
# IO Buffers                       : 36
#      IBUF                        : 18
#      OBUF                        : 18

Device utilization summary:
---------------------------

Selected Device : 7a100tcsg324-3 


Slice Logic Utilization: 
 Number of Slice Registers:              29  out of  126800     0%  
 Number of Slice LUTs:                   48  out of  63400     0%  
    Number used as Logic:                48  out of  63400     0%  

Slice Logic Distribution: 
 Number of LUT Flip Flop pairs used:     54
   Number with an unused Flip Flop:      25  out of     54    46%  
   Number with an unused LUT:             6  out of     54    11%  
   Number of fully used LUT-FF pairs:    23  out of     54    42%  
   Number of unique control sets:         4

IO Utilization: 
 Number of IOs:                          37
 Number of bonded IOBs:                  37  out of    210    17%  

Specific Feature Utilization:
 Number of BUFG/BUFGCTRLs:                1  out of     32     3%  

---------------------------
Partition Resource Summary:
---------------------------

  No Partitions were found in this design.

---------------------------


=========================================================================
Timing Report

NOTE: THESE TIMING NUMBERS ARE ONLY A SYNTHESIS ESTIMATE.
      FOR ACCURATE TIMING INFORMATION PLEASE REFER TO THE TRACE REPORT
      GENERATED AFTER PLACE-and-ROUTE.

Clock Information:
------------------
-----------------------------------+------------------------+-------+
Clock Signal                       | Clock buffer(FF name)  | Load  |
-----------------------------------+------------------------+-------+
clk                                | BUFGP                  | 29    |
-----------------------------------+------------------------+-------+

Asynchronous Control Signals Information:
----------------------------------------
No asynchronous control signals found in this design

Timing Summary:
---------------
Speed Grade: -3

   Minimum period: 2.315ns (Maximum Frequency: 432.021MHz)
   Minimum input arrival time before clock: 0.934ns
   Maximum output required time after clock: 1.224ns
   Maximum combinational path delay: No path found

Timing Details:
---------------
All values displayed in nanoseconds (ns)

=========================================================================
Timing constraint: Default period analysis for Clock 'clk'
  Clock period: 2.315ns (frequency: 432.021MHz)
  Total number of paths / destination ports: 552 / 48
-------------------------------------------------------------------------
Delay:               2.315ns (Levels of Logic = 9)
  Source:            rh_reg_0 (FF)
  Destination:       rh_reg_7 (FF)
  Source Clock:      clk rising
  Destination Clock: clk rising

  Data Path: rh_reg_0 to rh_reg_7
                                Gate     Net
    Cell:in->out      fanout   Delay   Delay  Logical Name (Net Name)
    ----------------------------------------  ------------
     FDCE:C->Q             5   0.361   0.398  rh_reg_0 (rh_reg_0)
     LUT2:I0->O            1   0.097   0.000  Msub_rh_reg[7]_d_reg[7]_sub_22_OUT_lut<0> (Msub_rh_reg[7]_d_reg[7]_sub_22_OUT_lut<0>)
     MUXCY:S->O            1   0.353   0.000  Msub_rh_reg[7]_d_reg[7]_sub_22_OUT_cy<0> (Msub_rh_reg[7]_d_reg[7]_sub_22_OUT_cy<0>)
     MUXCY:CI->O           1   0.023   0.000  Msub_rh_reg[7]_d_reg[7]_sub_22_OUT_cy<1> (Msub_rh_reg[7]_d_reg[7]_sub_22_OUT_cy<1>)
     MUXCY:CI->O           1   0.023   0.000  Msub_rh_reg[7]_d_reg[7]_sub_22_OUT_cy<2> (Msub_rh_reg[7]_d_reg[7]_sub_22_OUT_cy<2>)
     MUXCY:CI->O           1   0.023   0.000  Msub_rh_reg[7]_d_reg[7]_sub_22_OUT_cy<3> (Msub_rh_reg[7]_d_reg[7]_sub_22_OUT_cy<3>)
     MUXCY:CI->O           1   0.023   0.000  Msub_rh_reg[7]_d_reg[7]_sub_22_OUT_cy<4> (Msub_rh_reg[7]_d_reg[7]_sub_22_OUT_cy<4>)
     MUXCY:CI->O           1   0.023   0.000  Msub_rh_reg[7]_d_reg[7]_sub_22_OUT_cy<5> (Msub_rh_reg[7]_d_reg[7]_sub_22_OUT_cy<5>)
     XORCY:CI->O           2   0.370   0.515  Msub_rh_reg[7]_d_reg[7]_sub_22_OUT_xor<6> (rh_reg[7]_d_reg[7]_sub_22_OUT<6>)
     LUT6:I3->O            1   0.097   0.000  Mmux_rh_next81 (rh_next<7>)
     FDCE:D                    0.008          rh_reg_7
    ----------------------------------------
    Total                      2.315ns (1.401ns logic, 0.914ns route)
                                       (60.5% logic, 39.5% route)

=========================================================================
Timing constraint: Default OFFSET IN BEFORE for Clock 'clk'
  Total number of paths / destination ports: 73 / 73
-------------------------------------------------------------------------
Offset:              0.934ns (Levels of Logic = 2)
  Source:            start (PAD)
  Destination:       rl_reg_0 (FF)
  Destination Clock: clk rising

  Data Path: start to rl_reg_0
                                Gate     Net
    Cell:in->out      fanout   Delay   Delay  Logical Name (Net Name)
    ----------------------------------------  ------------
     IBUF:I->O             4   0.001   0.393  start_IBUF (start_IBUF)
     LUT3:I1->O           16   0.097   0.348  _n0075_inv1 (_n0075_inv)
     FDCE:CE                   0.095          rh_reg_0
    ----------------------------------------
    Total                      0.934ns (0.193ns logic, 0.741ns route)
                                       (20.7% logic, 79.3% route)

=========================================================================
Timing constraint: Default OFFSET OUT AFTER for Clock 'clk'
  Total number of paths / destination ports: 20 / 18
-------------------------------------------------------------------------
Offset:              1.224ns (Levels of Logic = 2)
  Source:            state_reg_FSM_FFd2 (FF)
  Destination:       ready (PAD)
  Source Clock:      clk rising

  Data Path: state_reg_FSM_FFd2 to ready
                                Gate     Net
    Cell:in->out      fanout   Delay   Delay  Logical Name (Net Name)
    ----------------------------------------  ------------
     FDC:C->Q             33   0.361   0.486  state_reg_FSM_FFd2 (state_reg_FSM_FFd2)
     LUT2:I0->O            1   0.097   0.279  state_reg__n0103<1>1 (ready_OBUF)
     OBUF:I->O                 0.000          ready_OBUF (ready)
    ----------------------------------------
    Total                      1.224ns (0.458ns logic, 0.766ns route)
                                       (37.4% logic, 62.6% route)

=========================================================================

Cross Clock Domains Report:
--------------------------

Clock to Setup on destination clock clk
---------------+---------+---------+---------+---------+
               | Src:Rise| Src:Fall| Src:Rise| Src:Fall|
Source Clock   |Dest:Rise|Dest:Rise|Dest:Fall|Dest:Fall|
---------------+---------+---------+---------+---------+
clk            |    2.315|         |         |         |
---------------+---------+---------+---------+---------+

=========================================================================


Total REAL time to Xst completion: 5.00 secs
Total CPU time to Xst completion: 5.16 secs
 
--> 

Total memory usage is 4616896 kilobytes

Number of errors   :    0 (   0 filtered)
Number of warnings :    1 (   0 filtered)
Number of infos    :    0 (   0 filtered)

