Command line:
   tb_isim_beh.exe
     -simmode  gui
     -simrunnum  0
     -socket  50635

Mon Dec 06 11:43:21 2021


 Elaboration Time: 0.265625 sec

 Current Memory Usage: 5162.56 Meg

 Total Signals          : 40
 Total Nets             : 53
 Total Signal Drivers   : 20
 Total Blocks           : 8
 Total Primitive Blocks : 6
 Total Processes        : 28
 Total Traceable Variables  : 27
 Total Scalar Nets and Variables : 229
Total Line Count : 58

 Total Simulation Time: 827.141 sec

 Current Memory Usage: 4690.7 Meg

Mon Dec 06 12:00:41 2021

