Command line:
   tb_isim_beh.exe
     -simmode  gui
     -simrunnum  0
     -socket  65290

Sat Oct 09 23:15:25 2021


 Elaboration Time: 0.3125 sec

 Current Memory Usage: 5163.17 Meg

 Total Signals          : 37
 Total Nets             : 40
 Total Signal Drivers   : 17
 Total Blocks           : 9
 Total Primitive Blocks : 5
 Total Processes        : 23
 Total Traceable Variables  : 25
 Total Scalar Nets and Variables : 173
Total Line Count : 60

 Total Simulation Time: 0.3125 sec

 Current Memory Usage: 5005.89 Meg

Sat Oct 09 23:17:10 2021

