Running: fuse.exe -relaunch -intstyle "ise" -incremental -lib "unisims_ver" -lib "unimacro_ver" -lib "xilinxcorelib_ver" -o "D:/cd/TT FPGA/project/tuan 7/counter1Hz_btnUD_btnSPEED_btnPAUSE/tb_isim_beh.exe" -prj "D:/cd/TT FPGA/project/tuan 7/counter1Hz_btnUD_btnSPEED_btnPAUSE/tb_beh.prj" "work.tb" "work.glbl" 
ISim P.20131013 (signature 0x7708f090)
Number of CPUs detected in this system: 8
Turning on mult-threading, number of parallel sub-compilation jobs: 16 
Determining compilation order of HDL files
Analyzing Verilog file "D:/cd/TT FPGA/project/tuan 7/counter1Hz_btnUD_btnSPEED_btnPAUSE/mux4_1.v" into library work
Analyzing Verilog file "D:/cd/TT FPGA/project/tuan 7/counter1Hz_btnUD_btnSPEED_btnPAUSE/Counter8bs.v" into library work
Analyzing Verilog file "D:/cd/TT FPGA/project/tuan 7/counter1Hz_btnUD_btnSPEED_btnPAUSE/Counter2bs.v" into library work
Analyzing Verilog file "D:/cd/TT FPGA/project/tuan 7/counter1Hz_btnUD_btnSPEED_btnPAUSE/clock_div.v" into library work
Analyzing Verilog file "D:/cd/TT FPGA/project/tuan 7/counter1Hz_btnUD_btnSPEED_btnPAUSE/button.v" into library work
Analyzing Verilog file "D:/cd/TT FPGA/project/tuan 7/counter1Hz_btnUD_btnSPEED_btnPAUSE/FSM.v" into library work
Analyzing Verilog file "D:/cd/TT FPGA/project/tuan 7/counter1Hz_btnUD_btnSPEED_btnPAUSE/tb.v" into library work
Analyzing Verilog file "D:/xilinx/14.7/ISE_DS/ISE//verilog/src/glbl.v" into library work
Starting static elaboration
Completed static elaboration
Compiling module button
Compiling module clock_div
Compiling module Counter2bs
Compiling module mux4_1
Compiling module Counter8bs
Compiling module FSM
Compiling module tb
Compiling module glbl
Time Resolution for simulation is 1ps.
Waiting for 1 sub-compilation(s) to finish...
Compiled 8 Verilog Units
Built simulation executable D:/cd/TT FPGA/project/tuan 7/counter1Hz_btnUD_btnSPEED_btnPAUSE/tb_isim_beh.exe
Fuse Memory Usage: 28488 KB
Fuse CPU Usage: 249 ms
