Command line:
   tb_isim_beh.exe
     -simmode  gui
     -simrunnum  0
     -socket  62035

Sun Dec 05 22:04:20 2021


 Elaboration Time: 0.265625 sec

 Current Memory Usage: 5163.12 Meg

 Total Signals          : 43
 Total Nets             : 30
 Total Signal Drivers   : 16
 Total Blocks           : 7
 Total Primitive Blocks : 5
 Total Processes        : 18
 Total Traceable Variables  : 21
 Total Scalar Nets and Variables : 119
Total Line Count : 44

 Total Simulation Time: 0.328125 sec

 Current Memory Usage: 4691.26 Meg

Sun Dec 05 22:15:26 2021

