Command line:
   tb_isim_beh.exe
     -simmode  gui
     -simrunnum  0
     -socket  50389

Sun Nov 21 11:51:17 2021


 Elaboration Time: 0.28125 sec

 Current Memory Usage: 5162.59 Meg

 Total Signals          : 28
 Total Nets             : 26
 Total Signal Drivers   : 12
 Total Blocks           : 5
 Total Primitive Blocks : 3
 Total Processes        : 17
 Total Traceable Variables  : 26
 Total Scalar Nets and Variables : 213
Total Line Count : 44

 Total Simulation Time: 0.296875 sec

 Current Memory Usage: 4690.73 Meg

Sun Nov 21 12:28:09 2021

