Command line:
   unsigned_mult_tb_isim_beh.exe
     -simmode  gui
     -simrunnum  0
     -socket  62714

Sun Jul 11 19:54:25 2021


 Elaboration Time: 0.40625 sec

 Current Memory Usage: 5163.16 Meg

 Total Signals          : 17
 Total Nets             : 45
 Total Signal Drivers   : 8
 Total Blocks           : 3
 Total Primitive Blocks : 2
 Total Processes        : 10
 Total Traceable Variables  : 20
 Total Scalar Nets and Variables : 141
Total Line Count : 18

 Total Simulation Time: 0.40625 sec

 Current Memory Usage: 5163.16 Meg

Sun Jul 11 19:54:42 2021

