Command line:
   tb_isim_beh.exe
     -simmode  gui
     -simrunnum  0
     -socket  63947

Thu Oct 28 18:11:05 2021


 Elaboration Time: 0.28125 sec

 Current Memory Usage: 5162.54 Meg

 Total Signals          : 16
 Total Nets             : 20
 Total Signal Drivers   : 8
 Total Blocks           : 3
 Total Primitive Blocks : 2
 Total Processes        : 11
 Total Traceable Variables  : 21
 Total Scalar Nets and Variables : 107
Total Line Count : 41

 Total Simulation Time: 0.28125 sec

 Current Memory Usage: 4690.68 Meg

Thu Oct 28 18:13:35 2021

