Command line:
   tb_isim_beh.exe
     -simmode  gui
     -simrunnum  0
     -socket  51021

Fri Dec 10 09:09:45 2021


 Elaboration Time: 0.296875 sec

 Current Memory Usage: 5162.59 Meg

 Total Signals          : 18
 Total Nets             : 17
 Total Signal Drivers   : 9
 Total Blocks           : 3
 Total Primitive Blocks : 2
 Total Processes        : 14
 Total Traceable Variables  : 26
 Total Scalar Nets and Variables : 110
Total Line Count : 51

 Total Simulation Time: 0.328125 sec

 Current Memory Usage: 4690.73 Meg

Fri Dec 10 09:38:22 2021

