Command line:
   tb_isim_beh.exe
     -simmode  gui
     -simrunnum  0
     -socket  51302

Thu Dec 09 22:45:12 2021


 Elaboration Time: 0.28125 sec

 Current Memory Usage: 5162.6 Meg

 Total Signals          : 50
 Total Nets             : 47
 Total Signal Drivers   : 21
 Total Blocks           : 9
 Total Primitive Blocks : 5
 Total Processes        : 28
 Total Traceable Variables  : 25
 Total Scalar Nets and Variables : 152
Total Line Count : 72

 Total Simulation Time: 1.04688 sec

 Current Memory Usage: 4690.74 Meg

Thu Dec 09 22:48:04 2021

