Command line:
   tb_isim_beh.exe
     -simmode  gui
     -simrunnum  0
     -socket  49851

Thu Oct 28 20:39:41 2021


 Elaboration Time: 0.265625 sec

 Current Memory Usage: 5163.15 Meg

 Total Signals          : 15
 Total Nets             : 19
 Total Signal Drivers   : 7
 Total Blocks           : 3
 Total Primitive Blocks : 2
 Total Processes        : 10
 Total Traceable Variables  : 20
 Total Scalar Nets and Variables : 105
Total Line Count : 33

 Total Simulation Time: 0.265625 sec

 Current Memory Usage: 5163.15 Meg

Thu Oct 28 20:40:01 2021

