Command line:
   tb_isim_beh.exe
     -simmode  gui
     -simrunnum  0
     -socket  57026

Wed Dec 08 15:25:54 2021


 Elaboration Time: 0.3125 sec

 Current Memory Usage: 5162.57 Meg

 Total Signals          : 18
 Total Nets             : 17
 Total Signal Drivers   : 9
 Total Blocks           : 3
 Total Primitive Blocks : 2
 Total Processes        : 14
 Total Traceable Variables  : 26
 Total Scalar Nets and Variables : 110
Total Line Count : 42

 Total Simulation Time: 0.328125 sec

 Current Memory Usage: 4690.71 Meg

Wed Dec 08 15:39:52 2021

