Command line:
   tb_isim_beh.exe
     -simmode  gui
     -simrunnum  0
     -socket  63356

Sun Nov 21 18:12:14 2021


 Elaboration Time: 0.265625 sec

 Current Memory Usage: 5162.55 Meg

 Total Signals          : 28
 Total Nets             : 37
 Total Signal Drivers   : 12
 Total Blocks           : 5
 Total Primitive Blocks : 3
 Total Processes        : 17
 Total Traceable Variables  : 25
 Total Scalar Nets and Variables : 196
Total Line Count : 48

 Total Simulation Time: 0.265625 sec

 Current Memory Usage: 4690.69 Meg

Sun Nov 21 18:19:52 2021

